2026-04-03 22:19:46.851 [http-nio-8080-exec-2] DEBUG c.m.mapper.UserMapper.selectList - ==>  Preparing: SELECT id,account,username,password,email,phone,avatar,gender,age,occupation,hobbies,bio,online,status,signature,nickname,experience,permissions,create_time,update_time FROM user
2026-04-03 22:19:46.872 [http-nio-8080-exec-2] DEBUG c.m.mapper.UserMapper.selectList - ==> Parameters: 
2026-04-03 22:19:46.894 [http-nio-8080-exec-2] DEBUG c.m.mapper.UserMapper.selectList - <==      Total: 13
2026-04-03 22:20:08.220 [http-nio-8080-exec-3] DEBUG c.m.m.CarouselsMapper.selectList - ==>  Preparing: SELECT id,title,subtitle,image_url,mobile_image_url,thumbnail_url,link_type,link_url,link_target,target_id,button_text,button_color,text_color,text_shadow,overlay_color,overlay_opacity,position,device_type,user_type,start_time,end_time,is_always_show,click_count,impression_count,sort_order,is_active,is_deleted,remark,created_by,created_at,updated_at FROM carousels WHERE (position = ? AND is_active = ? AND (is_deleted = ? OR is_deleted IS NULL) AND (is_always_show = ? OR (start_time <= ? AND end_time >= ?)))
2026-04-03 22:20:08.224 [http-nio-8080-exec-3] DEBUG c.m.m.CarouselsMapper.selectList - ==> Parameters: home_top(String), true(Boolean), false(Boolean), true(Boolean), 2026-04-03T22:20:08.213599500(LocalDateTime), 2026-04-03T22:20:08.213599500(LocalDateTime)
2026-04-03 22:20:08.226 [http-nio-8080-exec-4] DEBUG c.m.mapper.NewsMapper.selectList - ==>  Preparing: SELECT id,title,content,cover_image,source,view_count,like_count,collect_count,comment_count,status,create_time,update_time FROM news WHERE (status = ?) ORDER BY view_count DESC LIMIT 10
2026-04-03 22:20:08.226 [http-nio-8080-exec-7] DEBUG c.m.mapper.HotelMapper.selectList - ==>  Preparing: SELECT id,name,city,province,address,description,cover_image,images,price,star_level,rating,like_count,collect_count,comment_count,facilities,status,create_time,update_time FROM hotel WHERE (status = ?) ORDER BY rating DESC LIMIT 10
2026-04-03 22:20:08.226 [http-nio-8080-exec-6] DEBUG c.m.mapper.FoodMapper.selectList - ==>  Preparing: SELECT id,name,city,province,address,description,cover_image,images,price,cuisine_type,rating,like_count,collect_count,comment_count,tags,commodity,status,create_time,update_time FROM food WHERE (status = ?) ORDER BY like_count DESC LIMIT 10
2026-04-03 22:20:08.226 [http-nio-8080-exec-5] DEBUG c.m.m.AttractionMapper.selectList - ==>  Preparing: SELECT id,name,city,province,address,description,cover_image,images,price,season,rating,like_count,collect_count,comment_count,tags,status,create_time,update_time FROM attraction WHERE (status = ?) ORDER BY like_count DESC LIMIT 10
2026-04-03 22:20:08.227 [http-nio-8080-exec-6] DEBUG c.m.mapper.FoodMapper.selectList - ==> Parameters: 1(Integer)
2026-04-03 22:20:08.227 [http-nio-8080-exec-4] DEBUG c.m.mapper.NewsMapper.selectList - ==> Parameters: 1(Integer)
2026-04-03 22:20:08.227 [http-nio-8080-exec-7] DEBUG c.m.mapper.HotelMapper.selectList - ==> Parameters: 1(Integer)
2026-04-03 22:20:08.227 [http-nio-8080-exec-5] DEBUG c.m.m.AttractionMapper.selectList - ==> Parameters: 1(Integer)
2026-04-03 22:20:08.233 [http-nio-8080-exec-3] DEBUG c.m.m.CarouselsMapper.selectList - <==      Total: 5
2026-04-03 22:20:08.233 [http-nio-8080-exec-4] DEBUG c.m.mapper.NewsMapper.selectList - <==      Total: 10
2026-04-03 22:20:08.233 [http-nio-8080-exec-5] DEBUG c.m.m.AttractionMapper.selectList - <==      Total: 10
2026-04-03 22:20:08.234 [http-nio-8080-exec-7] DEBUG c.m.mapper.HotelMapper.selectList - <==      Total: 10
2026-04-03 22:20:08.234 [http-nio-8080-exec-6] DEBUG c.m.mapper.FoodMapper.selectList - <==      Total: 10
2026-04-03 22:20:11.971 [http-nio-8080-exec-9] DEBUG c.m.m.W.selectList_mpCount - ==>  Preparing: SELECT COUNT(*) AS total FROM worldcharacteristics
2026-04-03 22:20:11.971 [http-nio-8080-exec-9] DEBUG c.m.m.W.selectList_mpCount - ==> Parameters: 
2026-04-03 22:20:11.977 [http-nio-8080-exec-9] DEBUG c.m.m.W.selectList_mpCount - <==      Total: 1
2026-04-03 22:20:11.980 [http-nio-8080-exec-9] DEBUG c.m.m.W.selectList - ==>  Preparing: SELECT id,name,country,image,description,features,history,culture,tags,category,color FROM worldcharacteristics LIMIT ?
2026-04-03 22:20:11.981 [http-nio-8080-exec-9] DEBUG c.m.m.W.selectList - ==> Parameters: 10(Long)
2026-04-03 22:20:11.982 [http-nio-8080-exec-9] DEBUG c.m.m.W.selectList - <==      Total: 10
2026-04-03 22:20:14.916 [http-nio-8080-exec-4] DEBUG c.m.m.W.selectList - ==>  Preparing: SELECT id,name,country,image,description,features,history,culture,tags,category,color FROM worldcharacteristics WHERE (category = ?)
2026-04-03 22:20:14.916 [http-nio-8080-exec-4] DEBUG c.m.m.W.selectList - ==> Parameters: 自然景观(String)
2026-04-03 22:20:14.916 [http-nio-8080-exec-4] DEBUG c.m.m.W.selectList - <==      Total: 0
2026-04-03 22:20:15.343 [http-nio-8080-exec-8] DEBUG c.m.m.W.selectList - ==>  Preparing: SELECT id,name,country,image,description,features,history,culture,tags,category,color FROM worldcharacteristics WHERE (category = ?)
2026-04-03 22:20:15.343 [http-nio-8080-exec-8] DEBUG c.m.m.W.selectList - ==> Parameters: 文化遗产(String)
2026-04-03 22:20:15.344 [http-nio-8080-exec-8] DEBUG c.m.m.W.selectList - <==      Total: 0
2026-04-03 22:20:16.093 [http-nio-8080-exec-2] DEBUG c.m.m.W.selectList_mpCount - ==>  Preparing: SELECT COUNT(*) AS total FROM worldcharacteristics
2026-04-03 22:20:16.093 [http-nio-8080-exec-2] DEBUG c.m.m.W.selectList_mpCount - ==> Parameters: 
2026-04-03 22:20:16.095 [http-nio-8080-exec-2] DEBUG c.m.m.W.selectList_mpCount - <==      Total: 1
2026-04-03 22:20:16.095 [http-nio-8080-exec-2] DEBUG c.m.m.W.selectList - ==>  Preparing: SELECT id,name,country,image,description,features,history,culture,tags,category,color FROM worldcharacteristics LIMIT ?
2026-04-03 22:20:16.095 [http-nio-8080-exec-2] DEBUG c.m.m.W.selectList - ==> Parameters: 10(Long)
2026-04-03 22:20:16.096 [http-nio-8080-exec-2] DEBUG c.m.m.W.selectList - <==      Total: 10
2026-04-03 22:20:17.416 [http-nio-8080-exec-7] DEBUG c.m.m.C.selectList_mpCount - ==>  Preparing: SELECT COUNT(*) AS total FROM community_post WHERE (status = ?)
2026-04-03 22:20:17.416 [http-nio-8080-exec-7] DEBUG c.m.m.C.selectList_mpCount - ==> Parameters: 1(Integer)
2026-04-03 22:20:17.421 [http-nio-8080-exec-7] DEBUG c.m.m.C.selectList_mpCount - <==      Total: 1
2026-04-03 22:20:17.421 [http-nio-8080-exec-7] DEBUG c.m.m.CommunityPostMapper.selectList - ==>  Preparing: SELECT id,user_id,title,content,images,videos,like_count,comment_count,collect_count,status,create_time,update_time FROM community_post WHERE (status = ?) ORDER BY create_time DESC LIMIT ?
2026-04-03 22:20:17.421 [http-nio-8080-exec-7] DEBUG c.m.m.CommunityPostMapper.selectList - ==> Parameters: 1(Integer), 10(Long)
2026-04-03 22:20:17.423 [http-nio-8080-exec-7] DEBUG c.m.m.CommunityPostMapper.selectList - <==      Total: 10
2026-04-03 22:20:18.344 [http-nio-8080-exec-3] DEBUG c.m.m.NewsMapper.selectList_mpCount - ==>  Preparing: SELECT COUNT(*) AS total FROM news WHERE (status = ?)
2026-04-03 22:20:18.344 [http-nio-8080-exec-3] DEBUG c.m.m.NewsMapper.selectList_mpCount - ==> Parameters: 1(Integer)
2026-04-03 22:20:18.344 [http-nio-8080-exec-3] DEBUG c.m.m.NewsMapper.selectList_mpCount - <==      Total: 1
2026-04-03 22:20:18.344 [http-nio-8080-exec-3] DEBUG c.m.mapper.NewsMapper.selectList - ==>  Preparing: SELECT id,title,content,cover_image,source,view_count,like_count,collect_count,comment_count,status,create_time,update_time FROM news WHERE (status = ?) ORDER BY create_time DESC LIMIT ?
2026-04-03 22:20:18.344 [http-nio-8080-exec-3] DEBUG c.m.mapper.NewsMapper.selectList - ==> Parameters: 1(Integer), 10(Long)
2026-04-03 22:20:18.347 [http-nio-8080-exec-3] DEBUG c.m.mapper.NewsMapper.selectList - <==      Total: 10
2026-04-03 22:24:04.732 [http-nio-8080-exec-5] DEBUG c.m.m.AttractionMapper.selectList - ==>  Preparing: SELECT id,name,city,province,address,description,cover_image,images,price,season,rating,like_count,collect_count,comment_count,tags,status,create_time,update_time FROM attraction WHERE (status = ?) ORDER BY like_count DESC LIMIT 10
2026-04-03 22:24:04.732 [http-nio-8080-exec-9] DEBUG c.m.m.CarouselsMapper.selectList - ==>  Preparing: SELECT id,title,subtitle,image_url,mobile_image_url,thumbnail_url,link_type,link_url,link_target,target_id,button_text,button_color,text_color,text_shadow,overlay_color,overlay_opacity,position,device_type,user_type,start_time,end_time,is_always_show,click_count,impression_count,sort_order,is_active,is_deleted,remark,created_by,created_at,updated_at FROM carousels WHERE (position = ? AND is_active = ? AND (is_deleted = ? OR is_deleted IS NULL) AND (is_always_show = ? OR (start_time <= ? AND end_time >= ?)))
2026-04-03 22:24:04.732 [http-nio-8080-exec-8] DEBUG c.m.mapper.FoodMapper.selectList - ==>  Preparing: SELECT id,name,city,province,address,description,cover_image,images,price,cuisine_type,rating,like_count,collect_count,comment_count,tags,commodity,status,create_time,update_time FROM food WHERE (status = ?) ORDER BY like_count DESC LIMIT 10
2026-04-03 22:24:04.732 [http-nio-8080-exec-4] DEBUG c.m.mapper.HotelMapper.selectList - ==>  Preparing: SELECT id,name,city,province,address,description,cover_image,images,price,star_level,rating,like_count,collect_count,comment_count,facilities,status,create_time,update_time FROM hotel WHERE (status = ?) ORDER BY rating DESC LIMIT 10
2026-04-03 22:24:04.732 [http-nio-8080-exec-8] DEBUG c.m.mapper.FoodMapper.selectList - ==> Parameters: 1(Integer)
2026-04-03 22:24:04.732 [http-nio-8080-exec-5] DEBUG c.m.m.AttractionMapper.selectList - ==> Parameters: 1(Integer)
2026-04-03 22:24:04.732 [http-nio-8080-exec-4] DEBUG c.m.mapper.HotelMapper.selectList - ==> Parameters: 1(Integer)
2026-04-03 22:24:04.732 [http-nio-8080-exec-9] DEBUG c.m.m.CarouselsMapper.selectList - ==> Parameters: home_top(String), true(Boolean), false(Boolean), true(Boolean), 2026-04-03T22:24:04.731434700(LocalDateTime), 2026-04-03T22:24:04.731434700(LocalDateTime)
2026-04-03 22:24:04.732 [http-nio-8080-exec-2] DEBUG c.m.mapper.NewsMapper.selectList - ==>  Preparing: SELECT id,title,content,cover_image,source,view_count,like_count,collect_count,comment_count,status,create_time,update_time FROM news WHERE (status = ?) ORDER BY view_count DESC LIMIT 10
2026-04-03 22:24:04.734 [http-nio-8080-exec-2] DEBUG c.m.mapper.NewsMapper.selectList - ==> Parameters: 1(Integer)
2026-04-03 22:24:04.735 [http-nio-8080-exec-4] DEBUG c.m.mapper.HotelMapper.selectList - <==      Total: 10
2026-04-03 22:24:04.735 [http-nio-8080-exec-2] DEBUG c.m.mapper.NewsMapper.selectList - <==      Total: 10
2026-04-03 22:24:04.735 [http-nio-8080-exec-8] DEBUG c.m.mapper.FoodMapper.selectList - <==      Total: 10
2026-04-03 22:24:04.736 [http-nio-8080-exec-5] DEBUG c.m.m.AttractionMapper.selectList - <==      Total: 10
2026-04-03 22:24:04.736 [http-nio-8080-exec-9] DEBUG c.m.m.CarouselsMapper.selectList - <==      Total: 5
2026-04-03 22:24:54.172 [http-nio-8080-exec-6] DEBUG c.m.m.FoodMapper.selectList_mpCount - ==>  Preparing: SELECT COUNT(*) AS total FROM food
2026-04-03 22:24:54.172 [http-nio-8080-exec-6] DEBUG c.m.m.FoodMapper.selectList_mpCount - ==> Parameters: 
2026-04-03 22:24:54.174 [http-nio-8080-exec-6] DEBUG c.m.m.FoodMapper.selectList_mpCount - <==      Total: 1
2026-04-03 22:24:54.174 [http-nio-8080-exec-6] DEBUG c.m.mapper.FoodMapper.selectList - ==>  Preparing: SELECT id,name,city,province,address,description,cover_image,images,price,cuisine_type,rating,like_count,collect_count,comment_count,tags,commodity,status,create_time,update_time FROM food ORDER BY create_time DESC LIMIT ?
2026-04-03 22:24:54.174 [http-nio-8080-exec-6] DEBUG c.m.mapper.FoodMapper.selectList - ==> Parameters: 10(Long)
2026-04-03 22:24:54.175 [http-nio-8080-exec-6] DEBUG c.m.mapper.FoodMapper.selectList - <==      Total: 10
