2026-04-04 09:56:50.964 [background-preinit] INFO  o.h.validator.internal.util.Version - HV000001: Hibernate Validator 8.0.0.Final
2026-04-04 09:56:51.013 [main] INFO  com.minecraft.MinecraftApplication - Starting MinecraftApplication using Java 21.0.9 with PID 20068 (D:\IDEA\work\Minecraft-system\Minecraft\target\classes started by Admin in D:\IDEA\work\Minecraft-system)
2026-04-04 09:56:51.014 [main] DEBUG com.minecraft.MinecraftApplication - Running with Spring Boot v3.0.2, Spring v6.0.4
2026-04-04 09:56:51.014 [main] INFO  com.minecraft.MinecraftApplication - The following 1 profile is active: "dev"
2026-04-04 09:56:52.409 [main] INFO  o.s.d.r.c.RepositoryConfigurationDelegate - Multiple Spring Data modules found, entering strict repository configuration mode
2026-04-04 09:56:52.414 [main] INFO  o.s.d.r.c.RepositoryConfigurationDelegate - Bootstrapping Spring Data Redis repositories in DEFAULT mode.
2026-04-04 09:56:52.478 [main] INFO  o.s.d.r.c.RepositoryConfigurationDelegate - Finished Spring Data repository scanning in 45 ms. Found 0 Redis repository interfaces.
2026-04-04 09:56:53.087 [main] WARN  o.s.c.LocalVariableTableParameterNameDiscoverer - Using deprecated '-debug' fallback for parameter name resolution. Compile the affected code with '-parameters' instead or avoid its introspection: com.minecraft.aspect.LogAspect
2026-04-04 09:56:53.088 [main] WARN  o.s.c.LocalVariableTableParameterNameDiscoverer - Using deprecated '-debug' fallback for parameter name resolution. Compile the affected code with '-parameters' instead or avoid its introspection: com.minecraft.aspect.LogAspect
2026-04-04 09:56:53.916 [main] INFO  o.s.b.w.e.tomcat.TomcatWebServer - Tomcat initialized with port(s): 8080 (http)
2026-04-04 09:56:53.927 [main] INFO  o.a.coyote.http11.Http11NioProtocol - Initializing ProtocolHandler ["http-nio-8080"]
2026-04-04 09:56:53.927 [main] INFO  o.a.catalina.core.StandardService - Starting service [Tomcat]
2026-04-04 09:56:53.927 [main] INFO  o.a.catalina.core.StandardEngine - Starting Servlet engine: [Apache Tomcat/10.1.5]
2026-04-04 09:56:54.075 [main] INFO  o.a.c.c.C.[Tomcat].[localhost].[/] - Initializing Spring embedded WebApplicationContext
2026-04-04 09:56:54.076 [main] INFO  o.s.b.w.s.c.ServletWebServerApplicationContext - Root WebApplicationContext: initialization completed in 3014 ms
2026-04-04 09:56:54.309 [main] DEBUG c.m.handler.JwtAuthenticationFilter - Filter 'jwtAuthenticationFilter' configured for use
2026-04-04 09:56:56.721 [main] INFO  com.minecraft.utils.FileUtils - 使用目录: D:\Image
2026-04-04 09:56:56.721 [main] INFO  com.minecraft.utils.FileUtils - 文件上传路径初始化: D:\Image
2026-04-04 09:56:57.337 [main] ERROR c.minecraft.utils.RedisHealthChecker - ❌ Redis 连接失败: Unable to connect to Redis
2026-04-04 09:56:57.338 [main] WARN  c.minecraft.utils.RedisHealthChecker - ⚠️  请确保 Redis 服务已启动，并检查以下配置：
2026-04-04 09:56:57.338 [main] WARN  c.minecraft.utils.RedisHealthChecker -    - Redis 地址: localhost:6379
2026-04-04 09:56:57.338 [main] WARN  c.minecraft.utils.RedisHealthChecker -    - Redis 密码: (如果配置了密码)
2026-04-04 09:56:57.338 [main] WARN  c.minecraft.utils.RedisHealthChecker -    - 启动 Redis: redis-server 或 redis-cli ping
2026-04-04 09:56:57.338 [main] WARN  c.minecraft.utils.RedisHealthChecker -    - Windows 启动 Redis: redis-server.exe
2026-04-04 09:56:57.594 [main] WARN  o.s.b.a.s.s.UserDetailsServiceAutoConfiguration - 

Using generated security password: 1692b176-a022-45ff-b7de-51f10b401df5

This generated password is for development use only. Your security configuration must be updated before running your application in production.

2026-04-04 09:56:57.838 [main] INFO  o.s.b.a.w.s.WelcomePageHandlerMapping - Adding welcome page: class path resource [static/index.html]
2026-04-04 09:56:58.001 [main] INFO  com.minecraft.config.WebConfig - 使用目录: D:\Image
2026-04-04 09:56:58.902 [main] INFO  o.s.b.a.e.web.EndpointLinksResolver - Exposing 1 endpoint(s) beneath base path '/actuator'
2026-04-04 09:56:58.981 [main] INFO  o.s.s.web.DefaultSecurityFilterChain - Will secure any request with [org.springframework.security.web.session.DisableEncodeUrlFilter@473c491, org.springframework.security.web.context.request.async.WebAsyncManagerIntegrationFilter@3ede428e, org.springframework.security.web.context.SecurityContextHolderFilter@2e0de20d, org.springframework.security.web.header.HeaderWriterFilter@367653cc, org.springframework.security.web.authentication.logout.LogoutFilter@345d4ecb, com.minecraft.handler.JwtAuthenticationFilter@6ea3a513, org.springframework.security.web.savedrequest.RequestCacheAwareFilter@70a3b, org.springframework.security.web.servletapi.SecurityContextHolderAwareRequestFilter@f461c9c, org.springframework.security.web.authentication.AnonymousAuthenticationFilter@70a8654, org.springframework.security.web.session.SessionManagementFilter@701996e9, org.springframework.security.web.access.ExceptionTranslationFilter@253379ec, org.springframework.security.web.access.intercept.AuthorizationFilter@5fdcc63f]
2026-04-04 09:57:00.273 [main] INFO  o.a.coyote.http11.Http11NioProtocol - Starting ProtocolHandler ["http-nio-8080"]
2026-04-04 09:57:00.296 [main] INFO  o.s.b.w.e.tomcat.TomcatWebServer - Tomcat started on port(s): 8080 (http) with context path ''
2026-04-04 09:57:00.298 [main] INFO  o.s.m.s.b.SimpleBrokerMessageHandler - Starting...
2026-04-04 09:57:00.299 [main] INFO  o.s.m.s.b.SimpleBrokerMessageHandler - BrokerAvailabilityEvent[available=true, SimpleBrokerMessageHandler [org.springframework.messaging.simp.broker.DefaultSubscriptionRegistry@1e40edb7]]
2026-04-04 09:57:00.301 [main] INFO  o.s.m.s.b.SimpleBrokerMessageHandler - Started.
2026-04-04 09:57:00.317 [main] INFO  com.minecraft.MinecraftApplication - Started MinecraftApplication in 9.984 seconds (process running for 10.902)
2026-04-04 09:57:00.333 [main] INFO  com.zaxxer.hikari.HikariDataSource - HikariPool-1 - Starting...
2026-04-04 09:57:00.631 [main] INFO  com.zaxxer.hikari.pool.HikariPool - HikariPool-1 - Added connection com.mysql.cj.jdbc.ConnectionImpl@7b237c2c
2026-04-04 09:57:00.647 [main] INFO  com.zaxxer.hikari.HikariDataSource - HikariPool-1 - Start completed.
2026-04-04 09:57:00.665 [main] INFO  c.m.utils.DatabaseHealthChecker - ✅ MySQL 数据库连接成功
2026-04-04 09:57:00.946 [RMI TCP Connection(2)-192.168.2.104] INFO  o.a.c.c.C.[Tomcat].[localhost].[/] - Initializing Spring DispatcherServlet 'dispatcherServlet'
2026-04-04 09:57:00.948 [RMI TCP Connection(2)-192.168.2.104] INFO  o.s.web.servlet.DispatcherServlet - Initializing Servlet 'dispatcherServlet'
2026-04-04 09:57:00.952 [RMI TCP Connection(2)-192.168.2.104] INFO  o.s.web.servlet.DispatcherServlet - Completed initialization in 4 ms
2026-04-04 09:57:02.291 [boundedElastic-1] WARN  o.s.b.a.d.r.RedisReactiveHealthIndicator - Redis health check failed
org.springframework.data.redis.RedisConnectionFailureException: Unable to connect to Redis
	at org.springframework.data.redis.connection.lettuce.LettuceConnectionFactory$ExceptionTranslatingConnectionProvider.translateException(LettuceConnectionFactory.java:1602)
	at org.springframework.data.redis.connection.lettuce.LettuceConnectionFactory$ExceptionTranslatingConnectionProvider.getConnection(LettuceConnectionFactory.java:1533)
	at org.springframework.data.redis.connection.lettuce.LettuceConnectionFactory$SharedConnection.getNativeConnection(LettuceConnectionFactory.java:1358)
	at org.springframework.data.redis.connection.lettuce.LettuceConnectionFactory$SharedConnection.getConnection(LettuceConnectionFactory.java:1341)
	at org.springframework.data.redis.connection.lettuce.LettuceConnectionFactory.getSharedReactiveConnection(LettuceConnectionFactory.java:1083)
	at org.springframework.data.redis.connection.lettuce.LettuceConnectionFactory.getReactiveConnection(LettuceConnectionFactory.java:479)
	at org.springframework.data.redis.connection.lettuce.LettuceConnectionFactory.getReactiveConnection(LettuceConnectionFactory.java:105)
	at reactor.core.publisher.MonoSupplier.call(MonoSupplier.java:67)
	at reactor.core.publisher.FluxSubscribeOnCallable$CallableSubscribeOnSubscription.run(FluxSubscribeOnCallable.java:227)
	at reactor.core.scheduler.SchedulerTask.call(SchedulerTask.java:68)
	at reactor.core.scheduler.SchedulerTask.call(SchedulerTask.java:28)
	at java.base/java.util.concurrent.FutureTask.run(FutureTask.java:317)
	at java.base/java.util.concurrent.ScheduledThreadPoolExecutor$ScheduledFutureTask.run(ScheduledThreadPoolExecutor.java:304)
	at java.base/java.util.concurrent.ThreadPoolExecutor.runWorker(ThreadPoolExecutor.java:1144)
	at java.base/java.util.concurrent.ThreadPoolExecutor$Worker.run(ThreadPoolExecutor.java:642)
	at java.base/java.lang.Thread.run(Thread.java:1583)
Caused by: io.lettuce.core.RedisConnectionException: Unable to connect to localhost/<unresolved>:6379
	at io.lettuce.core.RedisConnectionException.create(RedisConnectionException.java:78)
	at io.lettuce.core.RedisConnectionException.create(RedisConnectionException.java:56)
	at io.lettuce.core.AbstractRedisClient.getConnection(AbstractRedisClient.java:350)
	at io.lettuce.core.RedisClient.connect(RedisClient.java:216)
	at org.springframework.data.redis.connection.lettuce.StandaloneConnectionProvider.lambda$getConnection$1(StandaloneConnectionProvider.java:111)
	at java.base/java.util.Optional.orElseGet(Optional.java:364)
	at org.springframework.data.redis.connection.lettuce.StandaloneConnectionProvider.getConnection(StandaloneConnectionProvider.java:111)
	at org.springframework.data.redis.connection.lettuce.LettuceConnectionFactory$ExceptionTranslatingConnectionProvider.getConnection(LettuceConnectionFactory.java:1531)
	... 14 common frames omitted
Caused by: io.netty.channel.AbstractChannel$AnnotatedConnectException: Connection refused: getsockopt: localhost/127.0.0.1:6379
Caused by: java.net.ConnectException: Connection refused: getsockopt
	at java.base/sun.nio.ch.Net.pollConnect(Native Method)
	at java.base/sun.nio.ch.Net.pollConnectNow(Net.java:682)
	at java.base/sun.nio.ch.SocketChannelImpl.finishConnect(SocketChannelImpl.java:973)
	at io.netty.channel.socket.nio.NioSocketChannel.doFinishConnect(NioSocketChannel.java:337)
	at io.netty.channel.nio.AbstractNioChannel$AbstractNioUnsafe.finishConnect(AbstractNioChannel.java:334)
	at io.netty.channel.nio.NioEventLoop.processSelectedKey(NioEventLoop.java:776)
	at io.netty.channel.nio.NioEventLoop.processSelectedKeysOptimized(NioEventLoop.java:724)
	at io.netty.channel.nio.NioEventLoop.processSelectedKeys(NioEventLoop.java:650)
	at io.netty.channel.nio.NioEventLoop.run(NioEventLoop.java:562)
	at io.netty.util.concurrent.SingleThreadEventExecutor$4.run(SingleThreadEventExecutor.java:997)
	at io.netty.util.internal.ThreadExecutorMap$2.run(ThreadExecutorMap.java:74)
	at io.netty.util.concurrent.FastThreadLocalRunnable.run(FastThreadLocalRunnable.java:30)
	at java.base/java.lang.Thread.run(Thread.java:1583)
2026-04-04 09:57:05.124 [http-nio-8080-exec-8] WARN  o.s.c.LocalVariableTableParameterNameDiscoverer - Using deprecated '-debug' fallback for parameter name resolution. Compile the affected code with '-parameters' instead or avoid its introspection: com.minecraft.controller.HotelController
2026-04-04 09:57:05.124 [http-nio-8080-exec-2] WARN  o.s.c.LocalVariableTableParameterNameDiscoverer - Using deprecated '-debug' fallback for parameter name resolution. Compile the affected code with '-parameters' instead or avoid its introspection: com.minecraft.controller.NewsController
2026-04-04 09:57:05.124 [http-nio-8080-exec-9] WARN  o.s.c.LocalVariableTableParameterNameDiscoverer - Using deprecated '-debug' fallback for parameter name resolution. Compile the affected code with '-parameters' instead or avoid its introspection: com.minecraft.controller.AttractionController
2026-04-04 09:57:05.124 [http-nio-8080-exec-1] WARN  o.s.c.LocalVariableTableParameterNameDiscoverer - Using deprecated '-debug' fallback for parameter name resolution. Compile the affected code with '-parameters' instead or avoid its introspection: com.minecraft.controller.FoodController
2026-04-04 09:57:59.042 [MessageBroker-1] INFO  o.s.w.s.c.WebSocketMessageBrokerStats - WebSocketSession[0 current WS(0)-HttpStream(0)-HttpPoll(0), 0 total, 0 closed abnormally (0 connect failure, 0 send limit, 0 transport error)], stompSubProtocol[processed CONNECT(0)-CONNECTED(0)-DISCONNECT(0)], stompBrokerRelay[null], inboundChannel[pool size = 0, active threads = 0, queued tasks = 0, completed tasks = 0], outboundChannel[pool size = 0, active threads = 0, queued tasks = 0, completed tasks = 0], sockJsScheduler[pool size = 1, active threads = 1, queued tasks = 0, completed tasks = 0]
2026-04-04 09:58:54.923 [http-nio-8080-exec-8] WARN  o.s.c.LocalVariableTableParameterNameDiscoverer - Using deprecated '-debug' fallback for parameter name resolution. Compile the affected code with '-parameters' instead or avoid its introspection: com.minecraft.controller.WorldCharacteristicsController
2026-04-04 10:00:13.859 [http-nio-8080-exec-1] WARN  o.s.c.LocalVariableTableParameterNameDiscoverer - Using deprecated '-debug' fallback for parameter name resolution. Compile the affected code with '-parameters' instead or avoid its introspection: com.minecraft.controller.HomeRecommendationsController
2026-04-04 10:01:50.619 [http-nio-8080-exec-10] WARN  o.s.c.LocalVariableTableParameterNameDiscoverer - Using deprecated '-debug' fallback for parameter name resolution. Compile the affected code with '-parameters' instead or avoid its introspection: com.minecraft.controller.UserController
2026-04-04 10:02:38.419 [http-nio-8080-exec-3] WARN  o.s.c.LocalVariableTableParameterNameDiscoverer - Using deprecated '-debug' fallback for parameter name resolution. Compile the affected code with '-parameters' instead or avoid its introspection: com.minecraft.controller.CitiesController
2026-04-04 10:02:38.520 [http-nio-8080-exec-11] WARN  o.s.c.LocalVariableTableParameterNameDiscoverer - Using deprecated '-debug' fallback for parameter name resolution. Compile the affected code with '-parameters' instead or avoid its introspection: com.minecraft.controller.CountriesController
2026-04-04 10:02:38.666 [http-nio-8080-exec-9] WARN  o.s.c.LocalVariableTableParameterNameDiscoverer - Using deprecated '-debug' fallback for parameter name resolution. Compile the affected code with '-parameters' instead or avoid its introspection: com.minecraft.controller.MonthlyRecommendationController
2026-04-04 10:08:36.516 [http-nio-8080-exec-2] WARN  o.s.c.LocalVariableTableParameterNameDiscoverer - Using deprecated '-debug' fallback for parameter name resolution. Compile the affected code with '-parameters' instead or avoid its introspection: com.minecraft.controller.ProductController
2026-04-04 10:08:48.386 [http-nio-8080-exec-9] WARN  o.s.c.LocalVariableTableParameterNameDiscoverer - Using deprecated '-debug' fallback for parameter name resolution. Compile the affected code with '-parameters' instead or avoid its introspection: com.minecraft.controller.CartController
2026-04-04 10:12:05.252 [SpringApplicationShutdownHook] INFO  o.s.m.s.b.SimpleBrokerMessageHandler - Stopping...
2026-04-04 10:12:05.252 [SpringApplicationShutdownHook] INFO  o.s.m.s.b.SimpleBrokerMessageHandler - BrokerAvailabilityEvent[available=false, SimpleBrokerMessageHandler [org.springframework.messaging.simp.broker.DefaultSubscriptionRegistry@1e40edb7]]
2026-04-04 10:12:05.252 [SpringApplicationShutdownHook] INFO  o.s.m.s.b.SimpleBrokerMessageHandler - Stopped.
2026-04-04 10:12:05.391 [SpringApplicationShutdownHook] INFO  com.zaxxer.hikari.HikariDataSource - HikariPool-1 - Shutdown initiated...
2026-04-04 10:12:05.393 [SpringApplicationShutdownHook] INFO  com.zaxxer.hikari.HikariDataSource - HikariPool-1 - Shutdown completed.
2026-04-04 10:12:08.959 [background-preinit] INFO  o.h.validator.internal.util.Version - HV000001: Hibernate Validator 8.0.0.Final
2026-04-04 10:12:08.990 [main] INFO  com.minecraft.MinecraftApplication - Starting MinecraftApplication using Java 21.0.9 with PID 19596 (D:\IDEA\work\Minecraft-system\Minecraft\target\classes started by Admin in D:\IDEA\work\Minecraft-system)
2026-04-04 10:12:08.990 [main] DEBUG com.minecraft.MinecraftApplication - Running with Spring Boot v3.0.2, Spring v6.0.4
2026-04-04 10:12:08.991 [main] INFO  com.minecraft.MinecraftApplication - The following 1 profile is active: "dev"
2026-04-04 10:12:09.833 [main] INFO  o.s.d.r.c.RepositoryConfigurationDelegate - Multiple Spring Data modules found, entering strict repository configuration mode
2026-04-04 10:12:09.834 [main] INFO  o.s.d.r.c.RepositoryConfigurationDelegate - Bootstrapping Spring Data Redis repositories in DEFAULT mode.
2026-04-04 10:12:09.870 [main] INFO  o.s.d.r.c.RepositoryConfigurationDelegate - Finished Spring Data repository scanning in 27 ms. Found 0 Redis repository interfaces.
2026-04-04 10:12:10.132 [main] WARN  o.s.c.LocalVariableTableParameterNameDiscoverer - Using deprecated '-debug' fallback for parameter name resolution. Compile the affected code with '-parameters' instead or avoid its introspection: com.minecraft.aspect.LogAspect
2026-04-04 10:12:10.133 [main] WARN  o.s.c.LocalVariableTableParameterNameDiscoverer - Using deprecated '-debug' fallback for parameter name resolution. Compile the affected code with '-parameters' instead or avoid its introspection: com.minecraft.aspect.LogAspect
2026-04-04 10:12:10.499 [main] INFO  o.s.b.w.e.tomcat.TomcatWebServer - Tomcat initialized with port(s): 8080 (http)
2026-04-04 10:12:10.505 [main] INFO  o.a.coyote.http11.Http11NioProtocol - Initializing ProtocolHandler ["http-nio-8080"]
2026-04-04 10:12:10.505 [main] INFO  o.a.catalina.core.StandardService - Starting service [Tomcat]
2026-04-04 10:12:10.505 [main] INFO  o.a.catalina.core.StandardEngine - Starting Servlet engine: [Apache Tomcat/10.1.5]
2026-04-04 10:12:10.583 [main] INFO  o.a.c.c.C.[Tomcat].[localhost].[/] - Initializing Spring embedded WebApplicationContext
2026-04-04 10:12:10.583 [main] INFO  o.s.b.w.s.c.ServletWebServerApplicationContext - Root WebApplicationContext: initialization completed in 1560 ms
2026-04-04 10:12:10.712 [main] DEBUG c.m.handler.JwtAuthenticationFilter - Filter 'jwtAuthenticationFilter' configured for use
2026-04-04 10:12:12.033 [main] INFO  com.minecraft.utils.FileUtils - 使用目录: D:\Image
2026-04-04 10:12:12.033 [main] INFO  com.minecraft.utils.FileUtils - 文件上传路径初始化: D:\Image
2026-04-04 10:12:12.354 [main] INFO  c.minecraft.utils.RedisHealthChecker - ✅ Redis 连接成功
2026-04-04 10:12:12.477 [main] WARN  o.s.b.a.s.s.UserDetailsServiceAutoConfiguration - 

Using generated security password: f181fdb0-2b0b-41b6-b7a9-74d663961f05

This generated password is for development use only. Your security configuration must be updated before running your application in production.

2026-04-04 10:12:12.594 [main] INFO  o.s.b.a.w.s.WelcomePageHandlerMapping - Adding welcome page: class path resource [static/index.html]
2026-04-04 10:12:12.672 [main] INFO  com.minecraft.config.WebConfig - 使用目录: D:\Image
2026-04-04 10:12:13.127 [main] INFO  o.s.b.a.e.web.EndpointLinksResolver - Exposing 1 endpoint(s) beneath base path '/actuator'
2026-04-04 10:12:13.162 [main] INFO  o.s.s.web.DefaultSecurityFilterChain - Will secure any request with [org.springframework.security.web.session.DisableEncodeUrlFilter@580a5b6e, org.springframework.security.web.context.request.async.WebAsyncManagerIntegrationFilter@66450129, org.springframework.security.web.context.SecurityContextHolderFilter@2e68bd3d, org.springframework.security.web.header.HeaderWriterFilter@106387cf, org.springframework.security.web.authentication.logout.LogoutFilter@24347d8b, com.minecraft.handler.JwtAuthenticationFilter@3c4059a, org.springframework.security.web.savedrequest.RequestCacheAwareFilter@535adf36, org.springframework.security.web.servletapi.SecurityContextHolderAwareRequestFilter@5bdef8ee, org.springframework.security.web.authentication.AnonymousAuthenticationFilter@14f1545c, org.springframework.security.web.session.SessionManagementFilter@5f3bc119, org.springframework.security.web.access.ExceptionTranslationFilter@66297b63, org.springframework.security.web.access.intercept.AuthorizationFilter@a3f1f32]
2026-04-04 10:12:13.581 [main] INFO  o.a.coyote.http11.Http11NioProtocol - Starting ProtocolHandler ["http-nio-8080"]
2026-04-04 10:12:13.591 [main] INFO  o.s.b.w.e.tomcat.TomcatWebServer - Tomcat started on port(s): 8080 (http) with context path ''
2026-04-04 10:12:13.592 [main] INFO  o.s.m.s.b.SimpleBrokerMessageHandler - Starting...
2026-04-04 10:12:13.592 [main] INFO  o.s.m.s.b.SimpleBrokerMessageHandler - BrokerAvailabilityEvent[available=true, SimpleBrokerMessageHandler [org.springframework.messaging.simp.broker.DefaultSubscriptionRegistry@66790851]]
2026-04-04 10:12:13.592 [main] INFO  o.s.m.s.b.SimpleBrokerMessageHandler - Started.
2026-04-04 10:12:13.599 [main] INFO  com.minecraft.MinecraftApplication - Started MinecraftApplication in 5.023 seconds (process running for 5.564)
2026-04-04 10:12:13.607 [main] INFO  com.zaxxer.hikari.HikariDataSource - HikariPool-1 - Starting...
2026-04-04 10:12:13.716 [main] INFO  com.zaxxer.hikari.pool.HikariPool - HikariPool-1 - Added connection com.mysql.cj.jdbc.ConnectionImpl@4e132a9b
2026-04-04 10:12:13.718 [main] INFO  com.zaxxer.hikari.HikariDataSource - HikariPool-1 - Start completed.
2026-04-04 10:12:13.726 [main] INFO  c.m.utils.DatabaseHealthChecker - ✅ MySQL 数据库连接成功
2026-04-04 10:12:14.237 [RMI TCP Connection(2)-192.168.2.104] INFO  o.a.c.c.C.[Tomcat].[localhost].[/] - Initializing Spring DispatcherServlet 'dispatcherServlet'
2026-04-04 10:12:14.237 [RMI TCP Connection(2)-192.168.2.104] INFO  o.s.web.servlet.DispatcherServlet - Initializing Servlet 'dispatcherServlet'
2026-04-04 10:12:14.239 [RMI TCP Connection(2)-192.168.2.104] INFO  o.s.web.servlet.DispatcherServlet - Completed initialization in 2 ms
2026-04-04 10:12:21.455 [http-nio-8080-exec-4] INFO  o.s.api.AbstractOpenApiResource - Init duration for springdoc-openapi is: 1039 ms
2026-04-04 10:13:13.192 [MessageBroker-1] INFO  o.s.w.s.c.WebSocketMessageBrokerStats - WebSocketSession[0 current WS(0)-HttpStream(0)-HttpPoll(0), 0 total, 0 closed abnormally (0 connect failure, 0 send limit, 0 transport error)], stompSubProtocol[processed CONNECT(0)-CONNECTED(0)-DISCONNECT(0)], stompBrokerRelay[null], inboundChannel[pool size = 0, active threads = 0, queued tasks = 0, completed tasks = 0], outboundChannel[pool size = 0, active threads = 0, queued tasks = 0, completed tasks = 0], sockJsScheduler[pool size = 1, active threads = 1, queued tasks = 0, completed tasks = 0]
2026-04-04 10:21:19.890 [SpringApplicationShutdownHook] INFO  o.s.m.s.b.SimpleBrokerMessageHandler - Stopping...
2026-04-04 10:21:19.890 [SpringApplicationShutdownHook] INFO  o.s.m.s.b.SimpleBrokerMessageHandler - BrokerAvailabilityEvent[available=false, SimpleBrokerMessageHandler [org.springframework.messaging.simp.broker.DefaultSubscriptionRegistry@66790851]]
2026-04-04 10:21:19.890 [SpringApplicationShutdownHook] INFO  o.s.m.s.b.SimpleBrokerMessageHandler - Stopped.
2026-04-04 10:21:20.023 [SpringApplicationShutdownHook] INFO  com.zaxxer.hikari.HikariDataSource - HikariPool-1 - Shutdown initiated...
2026-04-04 10:21:20.029 [SpringApplicationShutdownHook] INFO  com.zaxxer.hikari.HikariDataSource - HikariPool-1 - Shutdown completed.
2026-04-04 10:21:24.085 [background-preinit] INFO  o.h.validator.internal.util.Version - HV000001: Hibernate Validator 8.0.0.Final
2026-04-04 10:21:24.115 [main] INFO  com.minecraft.MinecraftApplication - Starting MinecraftApplication using Java 21.0.9 with PID 18468 (D:\IDEA\work\Minecraft-system\Minecraft\target\classes started by Admin in D:\IDEA\work\Minecraft-system)
2026-04-04 10:21:24.115 [main] DEBUG com.minecraft.MinecraftApplication - Running with Spring Boot v3.0.2, Spring v6.0.4
2026-04-04 10:21:24.117 [main] INFO  com.minecraft.MinecraftApplication - The following 1 profile is active: "dev"
2026-04-04 10:21:25.054 [main] INFO  o.s.d.r.c.RepositoryConfigurationDelegate - Multiple Spring Data modules found, entering strict repository configuration mode
2026-04-04 10:21:25.056 [main] INFO  o.s.d.r.c.RepositoryConfigurationDelegate - Bootstrapping Spring Data Redis repositories in DEFAULT mode.
2026-04-04 10:21:25.106 [main] INFO  o.s.d.r.c.RepositoryConfigurationDelegate - Finished Spring Data repository scanning in 36 ms. Found 0 Redis repository interfaces.
2026-04-04 10:21:25.362 [main] WARN  o.s.c.LocalVariableTableParameterNameDiscoverer - Using deprecated '-debug' fallback for parameter name resolution. Compile the affected code with '-parameters' instead or avoid its introspection: com.minecraft.aspect.LogAspect
2026-04-04 10:21:25.362 [main] WARN  o.s.c.LocalVariableTableParameterNameDiscoverer - Using deprecated '-debug' fallback for parameter name resolution. Compile the affected code with '-parameters' instead or avoid its introspection: com.minecraft.aspect.LogAspect
2026-04-04 10:21:25.761 [main] INFO  o.s.b.w.e.tomcat.TomcatWebServer - Tomcat initialized with port(s): 8080 (http)
2026-04-04 10:21:25.769 [main] INFO  o.a.coyote.http11.Http11NioProtocol - Initializing ProtocolHandler ["http-nio-8080"]
2026-04-04 10:21:25.771 [main] INFO  o.a.catalina.core.StandardService - Starting service [Tomcat]
2026-04-04 10:21:25.771 [main] INFO  o.a.catalina.core.StandardEngine - Starting Servlet engine: [Apache Tomcat/10.1.5]
2026-04-04 10:21:25.857 [main] INFO  o.a.c.c.C.[Tomcat].[localhost].[/] - Initializing Spring embedded WebApplicationContext
2026-04-04 10:21:25.857 [main] INFO  o.s.b.w.s.c.ServletWebServerApplicationContext - Root WebApplicationContext: initialization completed in 1708 ms
2026-04-04 10:21:25.993 [main] DEBUG c.m.handler.JwtAuthenticationFilter - Filter 'jwtAuthenticationFilter' configured for use
2026-04-04 10:21:28.045 [main] INFO  com.minecraft.utils.FileUtils - 使用目录: D:\Image
2026-04-04 10:21:28.045 [main] INFO  com.minecraft.utils.FileUtils - 文件上传路径初始化: D:\Image
2026-04-04 10:21:28.544 [main] INFO  c.minecraft.utils.RedisHealthChecker - ✅ Redis 连接成功
2026-04-04 10:21:28.738 [main] WARN  o.s.b.a.s.s.UserDetailsServiceAutoConfiguration - 

Using generated security password: b18ee77c-e568-411f-8a51-6667cb34d574

This generated password is for development use only. Your security configuration must be updated before running your application in production.

2026-04-04 10:21:28.908 [main] INFO  o.s.b.a.w.s.WelcomePageHandlerMapping - Adding welcome page: class path resource [static/index.html]
2026-04-04 10:21:29.015 [main] INFO  com.minecraft.config.WebConfig - 使用目录: D:\Image
2026-04-04 10:21:29.682 [main] INFO  o.s.b.a.e.web.EndpointLinksResolver - Exposing 1 endpoint(s) beneath base path '/actuator'
2026-04-04 10:21:29.732 [main] INFO  o.s.s.web.DefaultSecurityFilterChain - Will secure any request with [org.springframework.security.web.session.DisableEncodeUrlFilter@34128fed, org.springframework.security.web.context.request.async.WebAsyncManagerIntegrationFilter@10efb806, org.springframework.security.web.context.SecurityContextHolderFilter@16ca4532, org.springframework.security.web.header.HeaderWriterFilter@40477d52, org.springframework.security.web.authentication.logout.LogoutFilter@31d791c0, com.minecraft.handler.JwtAuthenticationFilter@2c56eba5, org.springframework.security.web.savedrequest.RequestCacheAwareFilter@75a5a912, org.springframework.security.web.servletapi.SecurityContextHolderAwareRequestFilter@2e68bd3d, org.springframework.security.web.authentication.AnonymousAuthenticationFilter@4dfe56dc, org.springframework.security.web.session.SessionManagementFilter@36618b3b, org.springframework.security.web.access.ExceptionTranslationFilter@59e67a18, org.springframework.security.web.access.intercept.AuthorizationFilter@18b88f7]
2026-04-04 10:21:30.378 [main] INFO  o.a.coyote.http11.Http11NioProtocol - Starting ProtocolHandler ["http-nio-8080"]
2026-04-04 10:21:30.392 [main] INFO  o.s.b.w.e.tomcat.TomcatWebServer - Tomcat started on port(s): 8080 (http) with context path ''
2026-04-04 10:21:30.393 [main] INFO  o.s.m.s.b.SimpleBrokerMessageHandler - Starting...
2026-04-04 10:21:30.393 [main] INFO  o.s.m.s.b.SimpleBrokerMessageHandler - BrokerAvailabilityEvent[available=true, SimpleBrokerMessageHandler [org.springframework.messaging.simp.broker.DefaultSubscriptionRegistry@3796ff4]]
2026-04-04 10:21:30.393 [main] INFO  o.s.m.s.b.SimpleBrokerMessageHandler - Started.
2026-04-04 10:21:30.412 [main] INFO  com.minecraft.MinecraftApplication - Started MinecraftApplication in 6.768 seconds (process running for 7.355)
2026-04-04 10:21:30.423 [main] INFO  com.zaxxer.hikari.HikariDataSource - HikariPool-1 - Starting...
2026-04-04 10:21:30.597 [main] INFO  com.zaxxer.hikari.pool.HikariPool - HikariPool-1 - Added connection com.mysql.cj.jdbc.ConnectionImpl@7f2d4ffc
2026-04-04 10:21:30.600 [main] INFO  com.zaxxer.hikari.HikariDataSource - HikariPool-1 - Start completed.
2026-04-04 10:21:30.612 [main] INFO  c.m.utils.DatabaseHealthChecker - ✅ MySQL 数据库连接成功
2026-04-04 10:21:31.005 [RMI TCP Connection(1)-192.168.2.104] INFO  o.a.c.c.C.[Tomcat].[localhost].[/] - Initializing Spring DispatcherServlet 'dispatcherServlet'
2026-04-04 10:21:31.005 [RMI TCP Connection(1)-192.168.2.104] INFO  o.s.web.servlet.DispatcherServlet - Initializing Servlet 'dispatcherServlet'
2026-04-04 10:21:31.008 [RMI TCP Connection(1)-192.168.2.104] INFO  o.s.web.servlet.DispatcherServlet - Completed initialization in 3 ms
2026-04-04 10:22:29.775 [MessageBroker-1] INFO  o.s.w.s.c.WebSocketMessageBrokerStats - WebSocketSession[0 current WS(0)-HttpStream(0)-HttpPoll(0), 0 total, 0 closed abnormally (0 connect failure, 0 send limit, 0 transport error)], stompSubProtocol[processed CONNECT(0)-CONNECTED(0)-DISCONNECT(0)], stompBrokerRelay[null], inboundChannel[pool size = 0, active threads = 0, queued tasks = 0, completed tasks = 0], outboundChannel[pool size = 0, active threads = 0, queued tasks = 0, completed tasks = 0], sockJsScheduler[pool size = 1, active threads = 1, queued tasks = 0, completed tasks = 0]
2026-04-04 10:52:29.780 [MessageBroker-1] INFO  o.s.w.s.c.WebSocketMessageBrokerStats - WebSocketSession[0 current WS(0)-HttpStream(0)-HttpPoll(0), 0 total, 0 closed abnormally (0 connect failure, 0 send limit, 0 transport error)], stompSubProtocol[processed CONNECT(0)-CONNECTED(0)-DISCONNECT(0)], stompBrokerRelay[null], inboundChannel[pool size = 0, active threads = 0, queued tasks = 0, completed tasks = 0], outboundChannel[pool size = 0, active threads = 0, queued tasks = 0, completed tasks = 0], sockJsScheduler[pool size = 2, active threads = 1, queued tasks = 0, completed tasks = 1]
2026-04-04 22:19:24.538 [HikariPool-1 housekeeper] WARN  com.zaxxer.hikari.pool.HikariPool - HikariPool-1 - Thread starvation or clock leap detected (housekeeper delta=10h59m22s909ms493µs900ns).
2026-04-04 22:21:33.187 [MessageBroker-2] INFO  o.s.w.s.c.WebSocketMessageBrokerStats - WebSocketSession[0 current WS(0)-HttpStream(0)-HttpPoll(0), 0 total, 0 closed abnormally (0 connect failure, 0 send limit, 0 transport error)], stompSubProtocol[processed CONNECT(0)-CONNECTED(0)-DISCONNECT(0)], stompBrokerRelay[null], inboundChannel[pool size = 0, active threads = 0, queued tasks = 0, completed tasks = 0], outboundChannel[pool size = 0, active threads = 0, queued tasks = 0, completed tasks = 0], sockJsScheduler[pool size = 3, active threads = 1, queued tasks = 0, completed tasks = 2]
2026-04-04 22:51:33.199 [MessageBroker-1] INFO  o.s.w.s.c.WebSocketMessageBrokerStats - WebSocketSession[0 current WS(0)-HttpStream(0)-HttpPoll(0), 0 total, 0 closed abnormally (0 connect failure, 0 send limit, 0 transport error)], stompSubProtocol[processed CONNECT(0)-CONNECTED(0)-DISCONNECT(0)], stompBrokerRelay[null], inboundChannel[pool size = 0, active threads = 0, queued tasks = 0, completed tasks = 0], outboundChannel[pool size = 0, active threads = 0, queued tasks = 0, completed tasks = 0], sockJsScheduler[pool size = 4, active threads = 1, queued tasks = 0, completed tasks = 3]
2026-04-04 23:09:32.404 [SpringApplicationShutdownHook] INFO  o.s.m.s.b.SimpleBrokerMessageHandler - Stopping...
2026-04-04 23:09:32.404 [SpringApplicationShutdownHook] INFO  o.s.m.s.b.SimpleBrokerMessageHandler - BrokerAvailabilityEvent[available=false, SimpleBrokerMessageHandler [org.springframework.messaging.simp.broker.DefaultSubscriptionRegistry@3796ff4]]
2026-04-04 23:09:32.404 [SpringApplicationShutdownHook] INFO  o.s.m.s.b.SimpleBrokerMessageHandler - Stopped.
2026-04-04 23:09:32.537 [SpringApplicationShutdownHook] INFO  com.zaxxer.hikari.HikariDataSource - HikariPool-1 - Shutdown initiated...
2026-04-04 23:09:32.538 [SpringApplicationShutdownHook] INFO  com.zaxxer.hikari.HikariDataSource - HikariPool-1 - Shutdown completed.
