2026-04-02 22:41:35.770 [http-nio-8080-exec-1] DEBUG c.m.m.FoodMapper.selectList_mpCount - ==>  Preparing: SELECT COUNT(*) AS total FROM food WHERE (name LIKE ? OR city LIKE ?)
2026-04-02 22:41:35.794 [http-nio-8080-exec-1] DEBUG c.m.m.FoodMapper.selectList_mpCount - ==> Parameters: %%(String), %%(String)
2026-04-02 22:41:35.821 [http-nio-8080-exec-1] DEBUG c.m.m.FoodMapper.selectList_mpCount - <==      Total: 1
2026-04-02 22:41:35.826 [http-nio-8080-exec-1] DEBUG c.m.mapper.FoodMapper.selectList - ==>  Preparing: SELECT id,name,city,province,address,description,cover_image,images,price,cuisine_type,rating,like_count,collect_count,comment_count,tags,commodity,status,create_time,update_time FROM food WHERE (name LIKE ? OR city LIKE ?) ORDER BY create_time DESC LIMIT ?
2026-04-02 22:41:35.827 [http-nio-8080-exec-1] DEBUG c.m.mapper.FoodMapper.selectList - ==> Parameters: %%(String), %%(String), 10(Long)
2026-04-02 22:41:35.837 [http-nio-8080-exec-1] DEBUG c.m.mapper.FoodMapper.selectList - <==      Total: 10
2026-04-02 22:41:47.830 [http-nio-8080-exec-1] DEBUG c.m.mapper.NewsMapper.selectList - ==>  Preparing: SELECT id,title,content,cover_image,source,view_count,like_count,collect_count,comment_count,status,create_time,update_time FROM news WHERE (status = ?) ORDER BY view_count DESC LIMIT 10
2026-04-02 22:41:47.830 [http-nio-8080-exec-9] DEBUG c.m.m.AttractionMapper.selectList - ==>  Preparing: SELECT id,name,city,province,address,description,cover_image,images,price,season,rating,like_count,collect_count,comment_count,tags,status,create_time,update_time FROM attraction WHERE (status = ?) ORDER BY like_count DESC LIMIT 10
2026-04-02 22:41:47.830 [http-nio-8080-exec-10] DEBUG c.m.mapper.HotelMapper.selectList - ==>  Preparing: SELECT id,name,city,province,address,description,cover_image,images,price,star_level,rating,like_count,collect_count,comment_count,facilities,status,create_time,update_time FROM hotel WHERE (status = ?) ORDER BY rating DESC LIMIT 10
2026-04-02 22:41:47.830 [http-nio-8080-exec-2] DEBUG c.m.mapper.FoodMapper.selectList - ==>  Preparing: SELECT id,name,city,province,address,description,cover_image,images,price,cuisine_type,rating,like_count,collect_count,comment_count,tags,commodity,status,create_time,update_time FROM food WHERE (status = ?) ORDER BY like_count DESC LIMIT 10
2026-04-02 22:41:47.832 [http-nio-8080-exec-1] DEBUG c.m.mapper.NewsMapper.selectList - ==> Parameters: 1(Integer)
2026-04-02 22:41:47.832 [http-nio-8080-exec-9] DEBUG c.m.m.AttractionMapper.selectList - ==> Parameters: 1(Integer)
2026-04-02 22:41:47.832 [http-nio-8080-exec-2] DEBUG c.m.mapper.FoodMapper.selectList - ==> Parameters: 1(Integer)
2026-04-02 22:41:47.832 [http-nio-8080-exec-10] DEBUG c.m.mapper.HotelMapper.selectList - ==> Parameters: 1(Integer)
2026-04-02 22:41:47.837 [http-nio-8080-exec-2] DEBUG c.m.mapper.FoodMapper.selectList - <==      Total: 10
2026-04-02 22:41:47.839 [http-nio-8080-exec-1] DEBUG c.m.mapper.NewsMapper.selectList - <==      Total: 10
2026-04-02 22:41:47.839 [http-nio-8080-exec-9] DEBUG c.m.m.AttractionMapper.selectList - <==      Total: 10
2026-04-02 22:41:47.839 [http-nio-8080-exec-10] DEBUG c.m.mapper.HotelMapper.selectList - <==      Total: 10
2026-04-02 23:01:56.099 [http-nio-8080-exec-9] DEBUG c.m.mapper.FoodMapper.selectList - ==>  Preparing: SELECT id,name,city,province,address,description,cover_image,images,price,cuisine_type,rating,like_count,collect_count,comment_count,tags,commodity,status,create_time,update_time FROM food WHERE (status = ?) ORDER BY like_count DESC LIMIT 10
2026-04-02 23:01:56.099 [http-nio-8080-exec-8] DEBUG c.m.m.AttractionMapper.selectList - ==>  Preparing: SELECT id,name,city,province,address,description,cover_image,images,price,season,rating,like_count,collect_count,comment_count,tags,status,create_time,update_time FROM attraction WHERE (status = ?) ORDER BY like_count DESC LIMIT 10
2026-04-02 23:01:56.099 [http-nio-8080-exec-10] DEBUG c.m.mapper.HotelMapper.selectList - ==>  Preparing: SELECT id,name,city,province,address,description,cover_image,images,price,star_level,rating,like_count,collect_count,comment_count,facilities,status,create_time,update_time FROM hotel WHERE (status = ?) ORDER BY rating DESC LIMIT 10
2026-04-02 23:01:56.099 [http-nio-8080-exec-10] DEBUG c.m.mapper.HotelMapper.selectList - ==> Parameters: 1(Integer)
2026-04-02 23:01:56.099 [http-nio-8080-exec-9] DEBUG c.m.mapper.FoodMapper.selectList - ==> Parameters: 1(Integer)
2026-04-02 23:01:56.099 [http-nio-8080-exec-8] DEBUG c.m.m.AttractionMapper.selectList - ==> Parameters: 1(Integer)
2026-04-02 23:01:56.101 [http-nio-8080-exec-3] DEBUG c.m.mapper.NewsMapper.selectList - ==>  Preparing: SELECT id,title,content,cover_image,source,view_count,like_count,collect_count,comment_count,status,create_time,update_time FROM news WHERE (status = ?) ORDER BY view_count DESC LIMIT 10
2026-04-02 23:01:56.101 [http-nio-8080-exec-3] DEBUG c.m.mapper.NewsMapper.selectList - ==> Parameters: 1(Integer)
2026-04-02 23:01:56.103 [http-nio-8080-exec-8] DEBUG c.m.m.AttractionMapper.selectList - <==      Total: 10
2026-04-02 23:01:56.103 [http-nio-8080-exec-9] DEBUG c.m.mapper.FoodMapper.selectList - <==      Total: 10
2026-04-02 23:01:56.103 [http-nio-8080-exec-3] DEBUG c.m.mapper.NewsMapper.selectList - <==      Total: 10
2026-04-02 23:01:56.103 [http-nio-8080-exec-10] DEBUG c.m.mapper.HotelMapper.selectList - <==      Total: 10
2026-04-02 23:02:05.737 [http-nio-8080-exec-7] DEBUG c.m.mapper.HotelMapper.selectList - ==>  Preparing: SELECT id,name,city,province,address,description,cover_image,images,price,star_level,rating,like_count,collect_count,comment_count,facilities,status,create_time,update_time FROM hotel WHERE (status = ?) ORDER BY rating DESC LIMIT 10
2026-04-02 23:02:05.737 [http-nio-8080-exec-4] DEBUG c.m.m.AttractionMapper.selectList - ==>  Preparing: SELECT id,name,city,province,address,description,cover_image,images,price,season,rating,like_count,collect_count,comment_count,tags,status,create_time,update_time FROM attraction WHERE (status = ?) ORDER BY like_count DESC LIMIT 10
2026-04-02 23:02:05.737 [http-nio-8080-exec-6] DEBUG c.m.mapper.FoodMapper.selectList - ==>  Preparing: SELECT id,name,city,province,address,description,cover_image,images,price,cuisine_type,rating,like_count,collect_count,comment_count,tags,commodity,status,create_time,update_time FROM food WHERE (status = ?) ORDER BY like_count DESC LIMIT 10
2026-04-02 23:02:05.737 [http-nio-8080-exec-4] DEBUG c.m.m.AttractionMapper.selectList - ==> Parameters: 1(Integer)
2026-04-02 23:02:05.737 [http-nio-8080-exec-6] DEBUG c.m.mapper.FoodMapper.selectList - ==> Parameters: 1(Integer)
2026-04-02 23:02:05.737 [http-nio-8080-exec-7] DEBUG c.m.mapper.HotelMapper.selectList - ==> Parameters: 1(Integer)
2026-04-02 23:02:05.739 [http-nio-8080-exec-4] DEBUG c.m.m.AttractionMapper.selectList - <==      Total: 10
2026-04-02 23:02:05.740 [http-nio-8080-exec-1] DEBUG c.m.mapper.NewsMapper.selectList - ==>  Preparing: SELECT id,title,content,cover_image,source,view_count,like_count,collect_count,comment_count,status,create_time,update_time FROM news WHERE (status = ?) ORDER BY view_count DESC LIMIT 10
2026-04-02 23:02:05.740 [http-nio-8080-exec-7] DEBUG c.m.mapper.HotelMapper.selectList - <==      Total: 10
2026-04-02 23:02:05.740 [http-nio-8080-exec-6] DEBUG c.m.mapper.FoodMapper.selectList - <==      Total: 10
2026-04-02 23:02:05.741 [http-nio-8080-exec-1] DEBUG c.m.mapper.NewsMapper.selectList - ==> Parameters: 1(Integer)
2026-04-02 23:02:05.741 [http-nio-8080-exec-8] DEBUG c.m.m.CarouselsMapper.selectList - ==>  Preparing: SELECT id,title,subtitle,image_url,mobile_image_url,thumbnail_url,link_type,link_url,link_target,target_id,button_text,button_color,text_color,text_shadow,overlay_color,overlay_opacity,position,device_type,user_type,start_time,end_time,is_always_show,click_count,impression_count,sort_order,is_active,is_deleted,remark,created_by,created_at,updated_at FROM carousels WHERE (position = ? AND is_active = ? AND (is_deleted = ? OR is_deleted IS NULL) AND (is_always_show = ? OR (start_time <= ? AND end_time >= ?)))
2026-04-02 23:02:05.742 [http-nio-8080-exec-1] DEBUG c.m.mapper.NewsMapper.selectList - <==      Total: 10
2026-04-02 23:02:05.743 [http-nio-8080-exec-8] DEBUG c.m.m.CarouselsMapper.selectList - ==> Parameters: home_top(String), true(Boolean), false(Boolean), true(Boolean), 2026-04-02T23:02:05.739031700(LocalDateTime), 2026-04-02T23:02:05.739031700(LocalDateTime)
2026-04-02 23:02:05.759 [http-nio-8080-exec-8] DEBUG c.m.m.CarouselsMapper.selectList - <==      Total: 5
2026-04-02 23:03:17.629 [http-nio-8080-exec-4] DEBUG c.m.m.CarouselsMapper.selectList - ==>  Preparing: SELECT id,title,subtitle,image_url,mobile_image_url,thumbnail_url,link_type,link_url,link_target,target_id,button_text,button_color,text_color,text_shadow,overlay_color,overlay_opacity,position,device_type,user_type,start_time,end_time,is_always_show,click_count,impression_count,sort_order,is_active,is_deleted,remark,created_by,created_at,updated_at FROM carousels WHERE (position = ? AND is_active = ? AND (is_deleted = ? OR is_deleted IS NULL) AND (is_always_show = ? OR (start_time <= ? AND end_time >= ?)))
2026-04-02 23:03:17.629 [http-nio-8080-exec-2] DEBUG c.m.mapper.HotelMapper.selectList - ==>  Preparing: SELECT id,name,city,province,address,description,cover_image,images,price,star_level,rating,like_count,collect_count,comment_count,facilities,status,create_time,update_time FROM hotel WHERE (status = ?) ORDER BY rating DESC LIMIT 10
2026-04-02 23:03:17.629 [http-nio-8080-exec-2] DEBUG c.m.mapper.HotelMapper.selectList - ==> Parameters: 1(Integer)
2026-04-02 23:03:17.631 [http-nio-8080-exec-1] DEBUG c.m.m.AttractionMapper.selectList - ==>  Preparing: SELECT id,name,city,province,address,description,cover_image,images,price,season,rating,like_count,collect_count,comment_count,tags,status,create_time,update_time FROM attraction WHERE (status = ?) ORDER BY like_count DESC LIMIT 10
2026-04-02 23:03:17.631 [http-nio-8080-exec-4] DEBUG c.m.m.CarouselsMapper.selectList - ==> Parameters: home_top(String), true(Boolean), false(Boolean), true(Boolean), 2026-04-02T23:03:17.629590500(LocalDateTime), 2026-04-02T23:03:17.629590500(LocalDateTime)
2026-04-02 23:03:17.631 [http-nio-8080-exec-1] DEBUG c.m.m.AttractionMapper.selectList - ==> Parameters: 1(Integer)
2026-04-02 23:03:17.633 [http-nio-8080-exec-1] DEBUG c.m.m.AttractionMapper.selectList - <==      Total: 10
2026-04-02 23:03:17.633 [http-nio-8080-exec-2] DEBUG c.m.mapper.HotelMapper.selectList - <==      Total: 10
2026-04-02 23:03:17.633 [http-nio-8080-exec-4] DEBUG c.m.m.CarouselsMapper.selectList - <==      Total: 5
2026-04-02 23:03:17.635 [http-nio-8080-exec-9] DEBUG c.m.mapper.NewsMapper.selectList - ==>  Preparing: SELECT id,title,content,cover_image,source,view_count,like_count,collect_count,comment_count,status,create_time,update_time FROM news WHERE (status = ?) ORDER BY view_count DESC LIMIT 10
2026-04-02 23:03:17.635 [http-nio-8080-exec-5] DEBUG c.m.mapper.FoodMapper.selectList - ==>  Preparing: SELECT id,name,city,province,address,description,cover_image,images,price,cuisine_type,rating,like_count,collect_count,comment_count,tags,commodity,status,create_time,update_time FROM food WHERE (status = ?) ORDER BY like_count DESC LIMIT 10
2026-04-02 23:03:17.635 [http-nio-8080-exec-9] DEBUG c.m.mapper.NewsMapper.selectList - ==> Parameters: 1(Integer)
2026-04-02 23:03:17.635 [http-nio-8080-exec-5] DEBUG c.m.mapper.FoodMapper.selectList - ==> Parameters: 1(Integer)
2026-04-02 23:03:17.637 [http-nio-8080-exec-9] DEBUG c.m.mapper.NewsMapper.selectList - <==      Total: 10
2026-04-02 23:03:17.637 [http-nio-8080-exec-5] DEBUG c.m.mapper.FoodMapper.selectList - <==      Total: 10
2026-04-02 23:04:29.921 [http-nio-8080-exec-8] DEBUG c.m.m.CarouselsMapper.selectList - ==>  Preparing: SELECT id,title,subtitle,image_url,mobile_image_url,thumbnail_url,link_type,link_url,link_target,target_id,button_text,button_color,text_color,text_shadow,overlay_color,overlay_opacity,position,device_type,user_type,start_time,end_time,is_always_show,click_count,impression_count,sort_order,is_active,is_deleted,remark,created_by,created_at,updated_at FROM carousels WHERE (position = ? AND is_active = ? AND (is_deleted = ? OR is_deleted IS NULL) AND (is_always_show = ? OR (start_time <= ? AND end_time >= ?)))
2026-04-02 23:04:29.921 [http-nio-8080-exec-8] DEBUG c.m.m.CarouselsMapper.selectList - ==> Parameters: home_top(String), true(Boolean), false(Boolean), true(Boolean), 2026-04-02T23:04:29.919334400(LocalDateTime), 2026-04-02T23:04:29.919334400(LocalDateTime)
2026-04-02 23:04:29.923 [http-nio-8080-exec-9] DEBUG c.m.m.AttractionMapper.selectList - ==>  Preparing: SELECT id,name,city,province,address,description,cover_image,images,price,season,rating,like_count,collect_count,comment_count,tags,status,create_time,update_time FROM attraction WHERE (status = ?) ORDER BY like_count DESC LIMIT 10
2026-04-02 23:04:29.923 [http-nio-8080-exec-9] DEBUG c.m.m.AttractionMapper.selectList - ==> Parameters: 1(Integer)
2026-04-02 23:04:29.923 [http-nio-8080-exec-8] DEBUG c.m.m.CarouselsMapper.selectList - <==      Total: 5
2026-04-02 23:04:29.923 [http-nio-8080-exec-9] DEBUG c.m.m.AttractionMapper.selectList - <==      Total: 10
2026-04-02 23:04:29.929 [http-nio-8080-exec-6] DEBUG c.m.mapper.FoodMapper.selectList - ==>  Preparing: SELECT id,name,city,province,address,description,cover_image,images,price,cuisine_type,rating,like_count,collect_count,comment_count,tags,commodity,status,create_time,update_time FROM food WHERE (status = ?) ORDER BY like_count DESC LIMIT 10
2026-04-02 23:04:29.929 [http-nio-8080-exec-6] DEBUG c.m.mapper.FoodMapper.selectList - ==> Parameters: 1(Integer)
2026-04-02 23:04:29.929 [http-nio-8080-exec-10] DEBUG c.m.mapper.HotelMapper.selectList - ==>  Preparing: SELECT id,name,city,province,address,description,cover_image,images,price,star_level,rating,like_count,collect_count,comment_count,facilities,status,create_time,update_time FROM hotel WHERE (status = ?) ORDER BY rating DESC LIMIT 10
2026-04-02 23:04:29.929 [http-nio-8080-exec-10] DEBUG c.m.mapper.HotelMapper.selectList - ==> Parameters: 1(Integer)
2026-04-02 23:04:29.929 [http-nio-8080-exec-3] DEBUG c.m.mapper.NewsMapper.selectList - ==>  Preparing: SELECT id,title,content,cover_image,source,view_count,like_count,collect_count,comment_count,status,create_time,update_time FROM news WHERE (status = ?) ORDER BY view_count DESC LIMIT 10
2026-04-02 23:04:29.929 [http-nio-8080-exec-3] DEBUG c.m.mapper.NewsMapper.selectList - ==> Parameters: 1(Integer)
2026-04-02 23:04:29.931 [http-nio-8080-exec-10] DEBUG c.m.mapper.HotelMapper.selectList - <==      Total: 10
2026-04-02 23:04:29.931 [http-nio-8080-exec-6] DEBUG c.m.mapper.FoodMapper.selectList - <==      Total: 10
2026-04-02 23:04:29.932 [http-nio-8080-exec-3] DEBUG c.m.mapper.NewsMapper.selectList - <==      Total: 10
2026-04-02 23:04:54.203 [http-nio-8080-exec-2] DEBUG c.m.mapper.FoodMapper.selectList - ==>  Preparing: SELECT id,name,city,province,address,description,cover_image,images,price,cuisine_type,rating,like_count,collect_count,comment_count,tags,commodity,status,create_time,update_time FROM food WHERE (status = ?) ORDER BY like_count DESC LIMIT 10
2026-04-02 23:04:54.203 [http-nio-8080-exec-3] DEBUG c.m.m.CarouselsMapper.selectList - ==>  Preparing: SELECT id,title,subtitle,image_url,mobile_image_url,thumbnail_url,link_type,link_url,link_target,target_id,button_text,button_color,text_color,text_shadow,overlay_color,overlay_opacity,position,device_type,user_type,start_time,end_time,is_always_show,click_count,impression_count,sort_order,is_active,is_deleted,remark,created_by,created_at,updated_at FROM carousels WHERE (position = ? AND is_active = ? AND (is_deleted = ? OR is_deleted IS NULL) AND (is_always_show = ? OR (start_time <= ? AND end_time >= ?)))
2026-04-02 23:04:54.203 [http-nio-8080-exec-1] DEBUG c.m.m.AttractionMapper.selectList - ==>  Preparing: SELECT id,name,city,province,address,description,cover_image,images,price,season,rating,like_count,collect_count,comment_count,tags,status,create_time,update_time FROM attraction WHERE (status = ?) ORDER BY like_count DESC LIMIT 10
2026-04-02 23:04:54.203 [http-nio-8080-exec-4] DEBUG c.m.mapper.HotelMapper.selectList - ==>  Preparing: SELECT id,name,city,province,address,description,cover_image,images,price,star_level,rating,like_count,collect_count,comment_count,facilities,status,create_time,update_time FROM hotel WHERE (status = ?) ORDER BY rating DESC LIMIT 10
2026-04-02 23:04:54.205 [http-nio-8080-exec-1] DEBUG c.m.m.AttractionMapper.selectList - ==> Parameters: 1(Integer)
2026-04-02 23:04:54.205 [http-nio-8080-exec-4] DEBUG c.m.mapper.HotelMapper.selectList - ==> Parameters: 1(Integer)
2026-04-02 23:04:54.205 [http-nio-8080-exec-3] DEBUG c.m.m.CarouselsMapper.selectList - ==> Parameters: home_top(String), true(Boolean), false(Boolean), true(Boolean), 2026-04-02T23:04:54.203694700(LocalDateTime), 2026-04-02T23:04:54.203694700(LocalDateTime)
2026-04-02 23:04:54.205 [http-nio-8080-exec-2] DEBUG c.m.mapper.FoodMapper.selectList - ==> Parameters: 1(Integer)
2026-04-02 23:04:54.206 [http-nio-8080-exec-4] DEBUG c.m.mapper.HotelMapper.selectList - <==      Total: 10
2026-04-02 23:04:54.206 [http-nio-8080-exec-2] DEBUG c.m.mapper.FoodMapper.selectList - <==      Total: 10
2026-04-02 23:04:54.206 [http-nio-8080-exec-1] DEBUG c.m.m.AttractionMapper.selectList - <==      Total: 10
2026-04-02 23:04:54.206 [http-nio-8080-exec-3] DEBUG c.m.m.CarouselsMapper.selectList - <==      Total: 5
2026-04-02 23:04:54.207 [http-nio-8080-exec-5] DEBUG c.m.mapper.NewsMapper.selectList - ==>  Preparing: SELECT id,title,content,cover_image,source,view_count,like_count,collect_count,comment_count,status,create_time,update_time FROM news WHERE (status = ?) ORDER BY view_count DESC LIMIT 10
2026-04-02 23:04:54.207 [http-nio-8080-exec-5] DEBUG c.m.mapper.NewsMapper.selectList - ==> Parameters: 1(Integer)
2026-04-02 23:04:54.209 [http-nio-8080-exec-5] DEBUG c.m.mapper.NewsMapper.selectList - <==      Total: 10
2026-04-02 23:05:03.890 [http-nio-8080-exec-6] DEBUG c.m.mapper.NewsMapper.selectList - ==>  Preparing: SELECT id,title,content,cover_image,source,view_count,like_count,collect_count,comment_count,status,create_time,update_time FROM news WHERE (status = ?) ORDER BY view_count DESC LIMIT 10
2026-04-02 23:05:03.890 [http-nio-8080-exec-9] DEBUG c.m.mapper.FoodMapper.selectList - ==>  Preparing: SELECT id,name,city,province,address,description,cover_image,images,price,cuisine_type,rating,like_count,collect_count,comment_count,tags,commodity,status,create_time,update_time FROM food WHERE (status = ?) ORDER BY like_count DESC LIMIT 10
2026-04-02 23:05:03.890 [http-nio-8080-exec-5] DEBUG c.m.m.CarouselsMapper.selectList - ==>  Preparing: SELECT id,title,subtitle,image_url,mobile_image_url,thumbnail_url,link_type,link_url,link_target,target_id,button_text,button_color,text_color,text_shadow,overlay_color,overlay_opacity,position,device_type,user_type,start_time,end_time,is_always_show,click_count,impression_count,sort_order,is_active,is_deleted,remark,created_by,created_at,updated_at FROM carousels WHERE (position = ? AND is_active = ? AND (is_deleted = ? OR is_deleted IS NULL) AND (is_always_show = ? OR (start_time <= ? AND end_time >= ?)))
2026-04-02 23:05:03.890 [http-nio-8080-exec-8] DEBUG c.m.m.AttractionMapper.selectList - ==>  Preparing: SELECT id,name,city,province,address,description,cover_image,images,price,season,rating,like_count,collect_count,comment_count,tags,status,create_time,update_time FROM attraction WHERE (status = ?) ORDER BY like_count DESC LIMIT 10
2026-04-02 23:05:03.890 [http-nio-8080-exec-7] DEBUG c.m.mapper.HotelMapper.selectList - ==>  Preparing: SELECT id,name,city,province,address,description,cover_image,images,price,star_level,rating,like_count,collect_count,comment_count,facilities,status,create_time,update_time FROM hotel WHERE (status = ?) ORDER BY rating DESC LIMIT 10
2026-04-02 23:05:03.890 [http-nio-8080-exec-9] DEBUG c.m.mapper.FoodMapper.selectList - ==> Parameters: 1(Integer)
2026-04-02 23:05:03.890 [http-nio-8080-exec-6] DEBUG c.m.mapper.NewsMapper.selectList - ==> Parameters: 1(Integer)
2026-04-02 23:05:03.890 [http-nio-8080-exec-7] DEBUG c.m.mapper.HotelMapper.selectList - ==> Parameters: 1(Integer)
2026-04-02 23:05:03.890 [http-nio-8080-exec-8] DEBUG c.m.m.AttractionMapper.selectList - ==> Parameters: 1(Integer)
2026-04-02 23:05:03.890 [http-nio-8080-exec-5] DEBUG c.m.m.CarouselsMapper.selectList - ==> Parameters: home_top(String), true(Boolean), false(Boolean), true(Boolean), 2026-04-02T23:05:03.888825800(LocalDateTime), 2026-04-02T23:05:03.888825800(LocalDateTime)
2026-04-02 23:05:03.891 [http-nio-8080-exec-6] DEBUG c.m.mapper.NewsMapper.selectList - <==      Total: 10
2026-04-02 23:05:03.891 [http-nio-8080-exec-8] DEBUG c.m.m.AttractionMapper.selectList - <==      Total: 10
2026-04-02 23:05:03.891 [http-nio-8080-exec-9] DEBUG c.m.mapper.FoodMapper.selectList - <==      Total: 10
2026-04-02 23:05:03.891 [http-nio-8080-exec-7] DEBUG c.m.mapper.HotelMapper.selectList - <==      Total: 10
2026-04-02 23:05:03.891 [http-nio-8080-exec-5] DEBUG c.m.m.CarouselsMapper.selectList - <==      Total: 5
2026-04-02 23:08:34.361 [http-nio-8080-exec-8] DEBUG c.m.mapper.HotelMapper.selectList - ==>  Preparing: SELECT id,name,city,province,address,description,cover_image,images,price,star_level,rating,like_count,collect_count,comment_count,facilities,status,create_time,update_time FROM hotel WHERE (status = ?) ORDER BY rating DESC LIMIT 10
2026-04-02 23:08:34.361 [http-nio-8080-exec-5] DEBUG c.m.m.AttractionMapper.selectList - ==>  Preparing: SELECT id,name,city,province,address,description,cover_image,images,price,season,rating,like_count,collect_count,comment_count,tags,status,create_time,update_time FROM attraction WHERE (status = ?) ORDER BY like_count DESC LIMIT 10
2026-04-02 23:08:34.361 [http-nio-8080-exec-6] DEBUG c.m.m.CarouselsMapper.selectList - ==>  Preparing: SELECT id,title,subtitle,image_url,mobile_image_url,thumbnail_url,link_type,link_url,link_target,target_id,button_text,button_color,text_color,text_shadow,overlay_color,overlay_opacity,position,device_type,user_type,start_time,end_time,is_always_show,click_count,impression_count,sort_order,is_active,is_deleted,remark,created_by,created_at,updated_at FROM carousels WHERE (position = ? AND is_active = ? AND (is_deleted = ? OR is_deleted IS NULL) AND (is_always_show = ? OR (start_time <= ? AND end_time >= ?)))
2026-04-02 23:08:34.362 [http-nio-8080-exec-5] DEBUG c.m.m.AttractionMapper.selectList - ==> Parameters: 1(Integer)
2026-04-02 23:08:34.362 [http-nio-8080-exec-8] DEBUG c.m.mapper.HotelMapper.selectList - ==> Parameters: 1(Integer)
2026-04-02 23:08:34.362 [http-nio-8080-exec-6] DEBUG c.m.m.CarouselsMapper.selectList - ==> Parameters: home_top(String), true(Boolean), false(Boolean), true(Boolean), 2026-04-02T23:08:34.359525100(LocalDateTime), 2026-04-02T23:08:34.359525100(LocalDateTime)
2026-04-02 23:08:34.364 [http-nio-8080-exec-1] DEBUG c.m.mapper.NewsMapper.selectList - ==>  Preparing: SELECT id,title,content,cover_image,source,view_count,like_count,collect_count,comment_count,status,create_time,update_time FROM news WHERE (status = ?) ORDER BY view_count DESC LIMIT 10
2026-04-02 23:08:34.364 [http-nio-8080-exec-8] DEBUG c.m.mapper.HotelMapper.selectList - <==      Total: 10
2026-04-02 23:08:34.364 [http-nio-8080-exec-5] DEBUG c.m.m.AttractionMapper.selectList - <==      Total: 10
2026-04-02 23:08:34.364 [http-nio-8080-exec-9] DEBUG c.m.mapper.FoodMapper.selectList - ==>  Preparing: SELECT id,name,city,province,address,description,cover_image,images,price,cuisine_type,rating,like_count,collect_count,comment_count,tags,commodity,status,create_time,update_time FROM food WHERE (status = ?) ORDER BY like_count DESC LIMIT 10
2026-04-02 23:08:34.364 [http-nio-8080-exec-1] DEBUG c.m.mapper.NewsMapper.selectList - ==> Parameters: 1(Integer)
2026-04-02 23:08:34.364 [http-nio-8080-exec-9] DEBUG c.m.mapper.FoodMapper.selectList - ==> Parameters: 1(Integer)
2026-04-02 23:08:34.364 [http-nio-8080-exec-6] DEBUG c.m.m.CarouselsMapper.selectList - <==      Total: 5
2026-04-02 23:08:34.364 [http-nio-8080-exec-1] DEBUG c.m.mapper.NewsMapper.selectList - <==      Total: 10
2026-04-02 23:08:34.365 [http-nio-8080-exec-9] DEBUG c.m.mapper.FoodMapper.selectList - <==      Total: 10
2026-04-02 23:08:57.346 [http-nio-8080-exec-2] DEBUG c.m.mapper.FoodMapper.selectList - ==>  Preparing: SELECT id,name,city,province,address,description,cover_image,images,price,cuisine_type,rating,like_count,collect_count,comment_count,tags,commodity,status,create_time,update_time FROM food WHERE (status = ?) ORDER BY like_count DESC LIMIT 10
2026-04-02 23:08:57.346 [http-nio-8080-exec-1] DEBUG c.m.m.CarouselsMapper.selectList - ==>  Preparing: SELECT id,title,subtitle,image_url,mobile_image_url,thumbnail_url,link_type,link_url,link_target,target_id,button_text,button_color,text_color,text_shadow,overlay_color,overlay_opacity,position,device_type,user_type,start_time,end_time,is_always_show,click_count,impression_count,sort_order,is_active,is_deleted,remark,created_by,created_at,updated_at FROM carousels WHERE (position = ? AND is_active = ? AND (is_deleted = ? OR is_deleted IS NULL) AND (is_always_show = ? OR (start_time <= ? AND end_time >= ?)))
2026-04-02 23:08:57.346 [http-nio-8080-exec-4] DEBUG c.m.m.AttractionMapper.selectList - ==>  Preparing: SELECT id,name,city,province,address,description,cover_image,images,price,season,rating,like_count,collect_count,comment_count,tags,status,create_time,update_time FROM attraction WHERE (status = ?) ORDER BY like_count DESC LIMIT 10
2026-04-02 23:08:57.346 [http-nio-8080-exec-10] DEBUG c.m.mapper.NewsMapper.selectList - ==>  Preparing: SELECT id,title,content,cover_image,source,view_count,like_count,collect_count,comment_count,status,create_time,update_time FROM news WHERE (status = ?) ORDER BY view_count DESC LIMIT 10
2026-04-02 23:08:57.346 [http-nio-8080-exec-3] DEBUG c.m.mapper.HotelMapper.selectList - ==>  Preparing: SELECT id,name,city,province,address,description,cover_image,images,price,star_level,rating,like_count,collect_count,comment_count,facilities,status,create_time,update_time FROM hotel WHERE (status = ?) ORDER BY rating DESC LIMIT 10
2026-04-02 23:08:57.346 [http-nio-8080-exec-2] DEBUG c.m.mapper.FoodMapper.selectList - ==> Parameters: 1(Integer)
2026-04-02 23:08:57.346 [http-nio-8080-exec-4] DEBUG c.m.m.AttractionMapper.selectList - ==> Parameters: 1(Integer)
2026-04-02 23:08:57.346 [http-nio-8080-exec-10] DEBUG c.m.mapper.NewsMapper.selectList - ==> Parameters: 1(Integer)
2026-04-02 23:08:57.346 [http-nio-8080-exec-3] DEBUG c.m.mapper.HotelMapper.selectList - ==> Parameters: 1(Integer)
2026-04-02 23:08:57.346 [http-nio-8080-exec-1] DEBUG c.m.m.CarouselsMapper.selectList - ==> Parameters: home_top(String), true(Boolean), false(Boolean), true(Boolean), 2026-04-02T23:08:57.346153600(LocalDateTime), 2026-04-02T23:08:57.346153600(LocalDateTime)
2026-04-02 23:08:57.347 [http-nio-8080-exec-10] DEBUG c.m.mapper.NewsMapper.selectList - <==      Total: 10
2026-04-02 23:08:57.347 [http-nio-8080-exec-4] DEBUG c.m.m.AttractionMapper.selectList - <==      Total: 10
2026-04-02 23:08:57.347 [http-nio-8080-exec-2] DEBUG c.m.mapper.FoodMapper.selectList - <==      Total: 10
2026-04-02 23:08:57.347 [http-nio-8080-exec-3] DEBUG c.m.mapper.HotelMapper.selectList - <==      Total: 10
2026-04-02 23:08:57.347 [http-nio-8080-exec-1] DEBUG c.m.m.CarouselsMapper.selectList - <==      Total: 5
2026-04-02 23:09:24.670 [http-nio-8080-exec-4] DEBUG c.m.m.CarouselsMapper.selectList - ==>  Preparing: SELECT id,title,subtitle,image_url,mobile_image_url,thumbnail_url,link_type,link_url,link_target,target_id,button_text,button_color,text_color,text_shadow,overlay_color,overlay_opacity,position,device_type,user_type,start_time,end_time,is_always_show,click_count,impression_count,sort_order,is_active,is_deleted,remark,created_by,created_at,updated_at FROM carousels WHERE (position = ? AND is_active = ? AND (is_deleted = ? OR is_deleted IS NULL) AND (is_always_show = ? OR (start_time <= ? AND end_time >= ?)))
2026-04-02 23:09:24.670 [http-nio-8080-exec-6] DEBUG c.m.mapper.HotelMapper.selectList - ==>  Preparing: SELECT id,name,city,province,address,description,cover_image,images,price,star_level,rating,like_count,collect_count,comment_count,facilities,status,create_time,update_time FROM hotel WHERE (status = ?) ORDER BY rating DESC LIMIT 10
2026-04-02 23:09:24.670 [http-nio-8080-exec-5] DEBUG c.m.mapper.NewsMapper.selectList - ==>  Preparing: SELECT id,title,content,cover_image,source,view_count,like_count,collect_count,comment_count,status,create_time,update_time FROM news WHERE (status = ?) ORDER BY view_count DESC LIMIT 10
2026-04-02 23:09:24.670 [http-nio-8080-exec-7] DEBUG c.m.mapper.FoodMapper.selectList - ==>  Preparing: SELECT id,name,city,province,address,description,cover_image,images,price,cuisine_type,rating,like_count,collect_count,comment_count,tags,commodity,status,create_time,update_time FROM food WHERE (status = ?) ORDER BY like_count DESC LIMIT 10
2026-04-02 23:09:24.670 [http-nio-8080-exec-8] DEBUG c.m.m.AttractionMapper.selectList - ==>  Preparing: SELECT id,name,city,province,address,description,cover_image,images,price,season,rating,like_count,collect_count,comment_count,tags,status,create_time,update_time FROM attraction WHERE (status = ?) ORDER BY like_count DESC LIMIT 10
2026-04-02 23:09:24.670 [http-nio-8080-exec-8] DEBUG c.m.m.AttractionMapper.selectList - ==> Parameters: 1(Integer)
2026-04-02 23:09:24.670 [http-nio-8080-exec-7] DEBUG c.m.mapper.FoodMapper.selectList - ==> Parameters: 1(Integer)
2026-04-02 23:09:24.670 [http-nio-8080-exec-6] DEBUG c.m.mapper.HotelMapper.selectList - ==> Parameters: 1(Integer)
2026-04-02 23:09:24.670 [http-nio-8080-exec-5] DEBUG c.m.mapper.NewsMapper.selectList - ==> Parameters: 1(Integer)
2026-04-02 23:09:24.670 [http-nio-8080-exec-4] DEBUG c.m.m.CarouselsMapper.selectList - ==> Parameters: home_top(String), true(Boolean), false(Boolean), true(Boolean), 2026-04-02T23:09:24.668818300(LocalDateTime), 2026-04-02T23:09:24.668818300(LocalDateTime)
2026-04-02 23:09:24.672 [http-nio-8080-exec-5] DEBUG c.m.mapper.NewsMapper.selectList - <==      Total: 10
2026-04-02 23:09:24.672 [http-nio-8080-exec-6] DEBUG c.m.mapper.HotelMapper.selectList - <==      Total: 10
2026-04-02 23:09:24.672 [http-nio-8080-exec-7] DEBUG c.m.mapper.FoodMapper.selectList - <==      Total: 10
2026-04-02 23:09:24.673 [http-nio-8080-exec-4] DEBUG c.m.m.CarouselsMapper.selectList - <==      Total: 5
2026-04-02 23:09:24.673 [http-nio-8080-exec-8] DEBUG c.m.m.AttractionMapper.selectList - <==      Total: 10
2026-04-02 23:09:33.550 [http-nio-8080-exec-4] DEBUG c.m.m.CarouselsMapper.selectList - ==>  Preparing: SELECT id,title,subtitle,image_url,mobile_image_url,thumbnail_url,link_type,link_url,link_target,target_id,button_text,button_color,text_color,text_shadow,overlay_color,overlay_opacity,position,device_type,user_type,start_time,end_time,is_always_show,click_count,impression_count,sort_order,is_active,is_deleted,remark,created_by,created_at,updated_at FROM carousels WHERE (position = ? AND is_active = ? AND (is_deleted = ? OR is_deleted IS NULL) AND (is_always_show = ? OR (start_time <= ? AND end_time >= ?)))
2026-04-02 23:09:33.550 [http-nio-8080-exec-2] DEBUG c.m.mapper.HotelMapper.selectList - ==>  Preparing: SELECT id,name,city,province,address,description,cover_image,images,price,star_level,rating,like_count,collect_count,comment_count,facilities,status,create_time,update_time FROM hotel WHERE (status = ?) ORDER BY rating DESC LIMIT 10
2026-04-02 23:09:33.550 [http-nio-8080-exec-3] DEBUG c.m.mapper.FoodMapper.selectList - ==>  Preparing: SELECT id,name,city,province,address,description,cover_image,images,price,cuisine_type,rating,like_count,collect_count,comment_count,tags,commodity,status,create_time,update_time FROM food WHERE (status = ?) ORDER BY like_count DESC LIMIT 10
2026-04-02 23:09:33.550 [http-nio-8080-exec-9] DEBUG c.m.m.AttractionMapper.selectList - ==>  Preparing: SELECT id,name,city,province,address,description,cover_image,images,price,season,rating,like_count,collect_count,comment_count,tags,status,create_time,update_time FROM attraction WHERE (status = ?) ORDER BY like_count DESC LIMIT 10
2026-04-02 23:09:33.551 [http-nio-8080-exec-9] DEBUG c.m.m.AttractionMapper.selectList - ==> Parameters: 1(Integer)
2026-04-02 23:09:33.551 [http-nio-8080-exec-2] DEBUG c.m.mapper.HotelMapper.selectList - ==> Parameters: 1(Integer)
2026-04-02 23:09:33.551 [http-nio-8080-exec-3] DEBUG c.m.mapper.FoodMapper.selectList - ==> Parameters: 1(Integer)
2026-04-02 23:09:33.551 [http-nio-8080-exec-4] DEBUG c.m.m.CarouselsMapper.selectList - ==> Parameters: home_top(String), true(Boolean), false(Boolean), true(Boolean), 2026-04-02T23:09:33.549073400(LocalDateTime), 2026-04-02T23:09:33.549073400(LocalDateTime)
2026-04-02 23:09:33.551 [http-nio-8080-exec-10] DEBUG c.m.mapper.NewsMapper.selectList - ==>  Preparing: SELECT id,title,content,cover_image,source,view_count,like_count,collect_count,comment_count,status,create_time,update_time FROM news WHERE (status = ?) ORDER BY view_count DESC LIMIT 10
2026-04-02 23:09:33.551 [http-nio-8080-exec-10] DEBUG c.m.mapper.NewsMapper.selectList - ==> Parameters: 1(Integer)
2026-04-02 23:09:33.551 [http-nio-8080-exec-3] DEBUG c.m.mapper.FoodMapper.selectList - <==      Total: 10
2026-04-02 23:09:33.551 [http-nio-8080-exec-9] DEBUG c.m.m.AttractionMapper.selectList - <==      Total: 10
2026-04-02 23:09:33.551 [http-nio-8080-exec-2] DEBUG c.m.mapper.HotelMapper.selectList - <==      Total: 10
2026-04-02 23:09:33.551 [http-nio-8080-exec-4] DEBUG c.m.m.CarouselsMapper.selectList - <==      Total: 5
2026-04-02 23:09:33.551 [http-nio-8080-exec-10] DEBUG c.m.mapper.NewsMapper.selectList - <==      Total: 10
2026-04-02 23:09:59.158 [http-nio-8080-exec-7] DEBUG c.m.m.AttractionMapper.selectList - ==>  Preparing: SELECT id,name,city,province,address,description,cover_image,images,price,season,rating,like_count,collect_count,comment_count,tags,status,create_time,update_time FROM attraction WHERE (status = ?) ORDER BY like_count DESC LIMIT 10
2026-04-02 23:09:59.158 [http-nio-8080-exec-8] DEBUG c.m.mapper.HotelMapper.selectList - ==>  Preparing: SELECT id,name,city,province,address,description,cover_image,images,price,star_level,rating,like_count,collect_count,comment_count,facilities,status,create_time,update_time FROM hotel WHERE (status = ?) ORDER BY rating DESC LIMIT 10
2026-04-02 23:09:59.158 [http-nio-8080-exec-6] DEBUG c.m.mapper.FoodMapper.selectList - ==>  Preparing: SELECT id,name,city,province,address,description,cover_image,images,price,cuisine_type,rating,like_count,collect_count,comment_count,tags,commodity,status,create_time,update_time FROM food WHERE (status = ?) ORDER BY like_count DESC LIMIT 10
2026-04-02 23:09:59.158 [http-nio-8080-exec-1] DEBUG c.m.m.CarouselsMapper.selectList - ==>  Preparing: SELECT id,title,subtitle,image_url,mobile_image_url,thumbnail_url,link_type,link_url,link_target,target_id,button_text,button_color,text_color,text_shadow,overlay_color,overlay_opacity,position,device_type,user_type,start_time,end_time,is_always_show,click_count,impression_count,sort_order,is_active,is_deleted,remark,created_by,created_at,updated_at FROM carousels WHERE (position = ? AND is_active = ? AND (is_deleted = ? OR is_deleted IS NULL) AND (is_always_show = ? OR (start_time <= ? AND end_time >= ?)))
2026-04-02 23:09:59.158 [http-nio-8080-exec-6] DEBUG c.m.mapper.FoodMapper.selectList - ==> Parameters: 1(Integer)
2026-04-02 23:09:59.158 [http-nio-8080-exec-8] DEBUG c.m.mapper.HotelMapper.selectList - ==> Parameters: 1(Integer)
2026-04-02 23:09:59.158 [http-nio-8080-exec-7] DEBUG c.m.m.AttractionMapper.selectList - ==> Parameters: 1(Integer)
2026-04-02 23:09:59.159 [http-nio-8080-exec-1] DEBUG c.m.m.CarouselsMapper.selectList - ==> Parameters: home_top(String), true(Boolean), false(Boolean), true(Boolean), 2026-04-02T23:09:59.156535(LocalDateTime), 2026-04-02T23:09:59.156535(LocalDateTime)
2026-04-02 23:09:59.159 [http-nio-8080-exec-5] DEBUG c.m.mapper.NewsMapper.selectList - ==>  Preparing: SELECT id,title,content,cover_image,source,view_count,like_count,collect_count,comment_count,status,create_time,update_time FROM news WHERE (status = ?) ORDER BY view_count DESC LIMIT 10
2026-04-02 23:09:59.159 [http-nio-8080-exec-5] DEBUG c.m.mapper.NewsMapper.selectList - ==> Parameters: 1(Integer)
2026-04-02 23:09:59.159 [http-nio-8080-exec-8] DEBUG c.m.mapper.HotelMapper.selectList - <==      Total: 10
2026-04-02 23:09:59.159 [http-nio-8080-exec-7] DEBUG c.m.m.AttractionMapper.selectList - <==      Total: 10
2026-04-02 23:09:59.159 [http-nio-8080-exec-5] DEBUG c.m.mapper.NewsMapper.selectList - <==      Total: 10
2026-04-02 23:09:59.160 [http-nio-8080-exec-1] DEBUG c.m.m.CarouselsMapper.selectList - <==      Total: 5
2026-04-02 23:09:59.163 [http-nio-8080-exec-6] DEBUG c.m.mapper.FoodMapper.selectList - <==      Total: 10
2026-04-02 23:17:22.158 [http-nio-8080-exec-9] DEBUG c.m.m.FoodMapper.selectList_mpCount - ==>  Preparing: SELECT COUNT(*) AS total FROM food
2026-04-02 23:17:22.158 [http-nio-8080-exec-9] DEBUG c.m.m.FoodMapper.selectList_mpCount - ==> Parameters: 
2026-04-02 23:17:22.160 [http-nio-8080-exec-9] DEBUG c.m.m.FoodMapper.selectList_mpCount - <==      Total: 1
2026-04-02 23:17:22.160 [http-nio-8080-exec-9] DEBUG c.m.mapper.FoodMapper.selectList - ==>  Preparing: SELECT id,name,city,province,address,description,cover_image,images,price,cuisine_type,rating,like_count,collect_count,comment_count,tags,commodity,status,create_time,update_time FROM food ORDER BY create_time DESC LIMIT ?
2026-04-02 23:17:22.160 [http-nio-8080-exec-9] DEBUG c.m.mapper.FoodMapper.selectList - ==> Parameters: 10(Long)
2026-04-02 23:17:22.161 [http-nio-8080-exec-9] DEBUG c.m.mapper.FoodMapper.selectList - <==      Total: 10
2026-04-02 23:19:39.296 [http-nio-8080-exec-9] DEBUG c.m.mapper.UserMapper.selectList - ==>  Preparing: SELECT id,account,username,password,email,phone,avatar,gender,age,occupation,hobbies,bio,online,status,signature,nickname,experience,permissions,create_time,update_time FROM user
2026-04-02 23:19:39.296 [http-nio-8080-exec-9] DEBUG c.m.mapper.UserMapper.selectList - ==> Parameters: 
2026-04-02 23:19:39.304 [http-nio-8080-exec-9] DEBUG c.m.mapper.UserMapper.selectList - <==      Total: 13
2026-04-02 23:19:50.869 [http-nio-8080-exec-4] DEBUG c.m.mapper.UserMapper.selectList - ==>  Preparing: SELECT id,account,username,password,email,phone,avatar,gender,age,occupation,hobbies,bio,online,status,signature,nickname,experience,permissions,create_time,update_time FROM user
2026-04-02 23:19:50.869 [http-nio-8080-exec-4] DEBUG c.m.mapper.UserMapper.selectList - ==> Parameters: 
2026-04-02 23:19:50.871 [http-nio-8080-exec-4] DEBUG c.m.mapper.UserMapper.selectList - <==      Total: 13
2026-04-02 23:19:56.542 [http-nio-8080-exec-2] DEBUG c.m.mapper.UserMapper.selectList - ==>  Preparing: SELECT id,account,username,password,email,phone,avatar,gender,age,occupation,hobbies,bio,online,status,signature,nickname,experience,permissions,create_time,update_time FROM user
2026-04-02 23:19:56.542 [http-nio-8080-exec-2] DEBUG c.m.mapper.UserMapper.selectList - ==> Parameters: 
2026-04-02 23:19:56.543 [http-nio-8080-exec-2] DEBUG c.m.mapper.UserMapper.selectList - <==      Total: 13
2026-04-02 23:19:57.362 [http-nio-8080-exec-10] DEBUG c.m.mapper.UserMapper.selectList - ==>  Preparing: SELECT id,account,username,password,email,phone,avatar,gender,age,occupation,hobbies,bio,online,status,signature,nickname,experience,permissions,create_time,update_time FROM user
2026-04-02 23:19:57.364 [http-nio-8080-exec-10] DEBUG c.m.mapper.UserMapper.selectList - ==> Parameters: 
2026-04-02 23:19:57.364 [http-nio-8080-exec-10] DEBUG c.m.mapper.UserMapper.selectList - <==      Total: 13
2026-04-02 23:19:58.909 [http-nio-8080-exec-3] DEBUG c.m.mapper.UserMapper.selectList - ==>  Preparing: SELECT id,account,username,password,email,phone,avatar,gender,age,occupation,hobbies,bio,online,status,signature,nickname,experience,permissions,create_time,update_time FROM user
2026-04-02 23:19:58.910 [http-nio-8080-exec-3] DEBUG c.m.mapper.UserMapper.selectList - ==> Parameters: 
2026-04-02 23:19:58.910 [http-nio-8080-exec-3] DEBUG c.m.mapper.UserMapper.selectList - <==      Total: 13
2026-04-02 23:21:48.225 [http-nio-8080-exec-10] DEBUG c.m.m.SafetyTipsMapper.selectList - ==>  Preparing: SELECT id,title,description,image_url,category_id,sort_weight,status,creator_id,updater_id,create_time,update_time FROM safetytips WHERE (status = ?) ORDER BY sort_weight DESC,create_time DESC
2026-04-02 23:21:48.225 [http-nio-8080-exec-2] DEBUG c.m.m.RecommendMapper.selectList - ==>  Preparing: SELECT id,image,name,description,details,type,state FROM recommend WHERE (state = ?)
2026-04-02 23:21:48.225 [http-nio-8080-exec-3] DEBUG c.m.mapper.NewsMapper.selectList - ==>  Preparing: SELECT id,title,content,cover_image,source,view_count,like_count,collect_count,comment_count,status,create_time,update_time FROM news WHERE (status = ?) ORDER BY view_count DESC LIMIT 6
2026-04-02 23:21:48.226 [http-nio-8080-exec-10] DEBUG c.m.m.SafetyTipsMapper.selectList - ==> Parameters: 1(Integer)
2026-04-02 23:21:48.226 [http-nio-8080-exec-2] DEBUG c.m.m.RecommendMapper.selectList - ==> Parameters: 0(String)
2026-04-02 23:21:48.226 [http-nio-8080-exec-3] DEBUG c.m.mapper.NewsMapper.selectList - ==> Parameters: 1(Integer)
2026-04-02 23:21:48.226 [http-nio-8080-exec-1] DEBUG c.m.mapper.HotelMapper.selectList - ==>  Preparing: SELECT id,name,city,province,address,description,cover_image,images,price,star_level,rating,like_count,collect_count,comment_count,facilities,status,create_time,update_time FROM hotel WHERE (status = ?) ORDER BY rating DESC LIMIT 6
2026-04-02 23:21:48.226 [http-nio-8080-exec-1] DEBUG c.m.mapper.HotelMapper.selectList - ==> Parameters: 1(Integer)
2026-04-02 23:21:48.227 [http-nio-8080-exec-3] DEBUG c.m.mapper.NewsMapper.selectList - <==      Total: 6
2026-04-02 23:21:48.228 [http-nio-8080-exec-1] DEBUG c.m.mapper.HotelMapper.selectList - <==      Total: 6
2026-04-02 23:21:48.231 [http-nio-8080-exec-2] DEBUG c.m.m.RecommendMapper.selectList - <==      Total: 4
2026-04-02 23:21:48.231 [http-nio-8080-exec-10] DEBUG c.m.m.SafetyTipsMapper.selectList - <==      Total: 10
2026-04-02 23:21:48.232 [http-nio-8080-exec-9] DEBUG c.m.m.H.selectList - ==>  Preparing: SELECT id,uuid,name,english_name,alias_name,category_id,category_name,tags,country,province,city,district,address,longitude,latitude,google_map_url,baidu_map_url,transportation,recommendation_reason,highlights,best_travel_time,visit_duration,cover_image_url,banner_image_url,video_url,image_urls,ticket_price_description,min_price,max_price,price_currency,is_free,opening_hours_weekday,opening_hours_weekend,opening_hours_description,contact_phone,official_website,social_media,view_count,like_count,share_count,comment_count,average_rating,rating_count,weight,is_hot,is_new,is_top,status,season,festival,tips,suitable_crowd,facility_info,seo_title,seo_keywords,seo_description,content,summary,source,author,created_at,updated_at,published_at,expired_at FROM home_recommendations WHERE (status = ? AND is_hot = ?) ORDER BY weight DESC,like_count DESC LIMIT 20
2026-04-02 23:21:48.234 [http-nio-8080-exec-9] DEBUG c.m.m.H.selectList - ==> Parameters: 1(Integer), true(Boolean)
2026-04-02 23:21:48.248 [http-nio-8080-exec-9] DEBUG c.m.m.H.selectList - <==      Total: 17
2026-04-02 23:21:48.549 [http-nio-8080-exec-5] DEBUG c.m.mapper.FoodMapper.selectList - ==>  Preparing: SELECT id,name,city,province,address,description,cover_image,images,price,cuisine_type,rating,like_count,collect_count,comment_count,tags,commodity,status,create_time,update_time FROM food WHERE (status = ?) ORDER BY like_count DESC LIMIT 6
2026-04-02 23:21:48.549 [http-nio-8080-exec-4] DEBUG c.m.m.AttractionMapper.selectList - ==>  Preparing: SELECT id,name,city,province,address,description,cover_image,images,price,season,rating,like_count,collect_count,comment_count,tags,status,create_time,update_time FROM attraction WHERE (status = ?) ORDER BY like_count DESC LIMIT 6
2026-04-02 23:21:48.549 [http-nio-8080-exec-3] DEBUG c.m.m.CarouselsMapper.selectList - ==>  Preparing: SELECT id,title,subtitle,image_url,mobile_image_url,thumbnail_url,link_type,link_url,link_target,target_id,button_text,button_color,text_color,text_shadow,overlay_color,overlay_opacity,position,device_type,user_type,start_time,end_time,is_always_show,click_count,impression_count,sort_order,is_active,is_deleted,remark,created_by,created_at,updated_at FROM carousels WHERE (position = ? AND is_active = ? AND (is_deleted = ? OR is_deleted IS NULL) AND (is_always_show = ? OR (start_time <= ? AND end_time >= ?)))
2026-04-02 23:21:48.550 [http-nio-8080-exec-4] DEBUG c.m.m.AttractionMapper.selectList - ==> Parameters: 1(Integer)
2026-04-02 23:21:48.550 [http-nio-8080-exec-5] DEBUG c.m.mapper.FoodMapper.selectList - ==> Parameters: 1(Integer)
2026-04-02 23:21:48.550 [http-nio-8080-exec-3] DEBUG c.m.m.CarouselsMapper.selectList - ==> Parameters: home_top(String), true(Boolean), false(Boolean), true(Boolean), 2026-04-02T23:21:48.548705200(LocalDateTime), 2026-04-02T23:21:48.548705200(LocalDateTime)
2026-04-02 23:21:48.552 [http-nio-8080-exec-4] DEBUG c.m.m.AttractionMapper.selectList - <==      Total: 6
2026-04-02 23:21:48.552 [http-nio-8080-exec-5] DEBUG c.m.mapper.FoodMapper.selectList - <==      Total: 6
2026-04-02 23:21:48.552 [http-nio-8080-exec-3] DEBUG c.m.m.CarouselsMapper.selectList - <==      Total: 5
2026-04-02 23:21:52.088 [http-nio-8080-exec-4] DEBUG c.m.mapper.UserMapper.selectById - ==>  Preparing: SELECT id,account,username,password,email,phone,avatar,gender,age,occupation,hobbies,bio,online,status,signature,nickname,experience,permissions,create_time,update_time FROM user WHERE id=?
2026-04-02 23:21:52.089 [http-nio-8080-exec-4] DEBUG c.m.mapper.UserMapper.selectById - ==> Parameters: null
2026-04-02 23:21:52.090 [http-nio-8080-exec-4] DEBUG c.m.mapper.UserMapper.selectById - <==      Total: 0
2026-04-02 23:21:52.092 [http-nio-8080-exec-4] DEBUG c.m.mapper.LoginLogMapper.delete - ==>  Preparing: DELETE FROM login_log WHERE (user_id = ?)
2026-04-02 23:21:52.093 [http-nio-8080-exec-4] DEBUG c.m.mapper.LoginLogMapper.delete - ==> Parameters: null
2026-04-02 23:21:52.095 [http-nio-8080-exec-4] DEBUG c.m.mapper.LoginLogMapper.delete - <==    Updates: 0
2026-04-02 23:22:28.807 [http-nio-8080-exec-9] DEBUG c.m.mapper.UserMapper.selectList - ==>  Preparing: SELECT id,account,username,password,email,phone,avatar,gender,age,occupation,hobbies,bio,online,status,signature,nickname,experience,permissions,create_time,update_time FROM user WHERE (account = ?)
2026-04-02 23:22:28.807 [http-nio-8080-exec-9] DEBUG c.m.mapper.UserMapper.selectList - ==> Parameters: 20260219132871(String)
2026-04-02 23:22:28.809 [http-nio-8080-exec-9] DEBUG c.m.mapper.UserMapper.selectList - <==      Total: 1
2026-04-02 23:22:47.467 [http-nio-8080-exec-1] DEBUG c.m.mapper.UserMapper.selectList - ==>  Preparing: SELECT id,account,username,password,email,phone,avatar,gender,age,occupation,hobbies,bio,online,status,signature,nickname,experience,permissions,create_time,update_time FROM user WHERE (account = ?)
2026-04-02 23:22:47.467 [http-nio-8080-exec-1] DEBUG c.m.mapper.UserMapper.selectList - ==> Parameters: 20260219132871(String)
2026-04-02 23:22:47.468 [http-nio-8080-exec-1] DEBUG c.m.mapper.UserMapper.selectList - <==      Total: 1
2026-04-02 23:22:47.571 [http-nio-8080-exec-1] DEBUG c.m.mapper.UserMapper.selectList - ==>  Preparing: SELECT id,account,username,password,email,phone,avatar,gender,age,occupation,hobbies,bio,online,status,signature,nickname,experience,permissions,create_time,update_time FROM user WHERE (account = ?)
2026-04-02 23:22:47.571 [http-nio-8080-exec-1] DEBUG c.m.mapper.UserMapper.selectList - ==> Parameters: 20260219132871(String)
2026-04-02 23:22:47.572 [http-nio-8080-exec-1] DEBUG c.m.mapper.UserMapper.selectList - <==      Total: 1
2026-04-02 23:22:47.576 [Thread-8] DEBUG c.m.mapper.LoginLogMapper.insert - ==>  Preparing: INSERT INTO login_log ( user_id, username, account, ipaddr, login_location, browser, os, status, msg, login_time ) VALUES ( ?, ?, ?, ?, ?, ?, ?, ?, ?, ? )
2026-04-02 23:22:47.577 [Thread-8] DEBUG c.m.mapper.LoginLogMapper.insert - ==> Parameters: 15(Long), 爱吃薯条的小懒猪(String), 20260219132871(String), 0:0:0:0:0:0:0:1(String), 内网IP(String), Chrome(String), Windows(String), 1(String), 登录成功(String), 2026-04-02T23:22:47.572983600(LocalDateTime)
2026-04-02 23:22:47.585 [Thread-8] DEBUG c.m.mapper.LoginLogMapper.insert - <==    Updates: 1
2026-04-02 23:22:49.600 [http-nio-8080-exec-4] DEBUG c.m.mapper.UserMapper.selectById - ==>  Preparing: SELECT id,account,username,password,email,phone,avatar,gender,age,occupation,hobbies,bio,online,status,signature,nickname,experience,permissions,create_time,update_time FROM user WHERE id=?
2026-04-02 23:22:49.601 [http-nio-8080-exec-4] DEBUG c.m.mapper.UserMapper.selectById - ==> Parameters: 15(Long)
2026-04-02 23:22:49.601 [http-nio-8080-exec-4] DEBUG c.m.mapper.UserMapper.selectById - <==      Total: 1
2026-04-02 23:22:49.908 [http-nio-8080-exec-10] DEBUG c.m.m.SafetyTipsMapper.selectList - ==>  Preparing: SELECT id,title,description,image_url,category_id,sort_weight,status,creator_id,updater_id,create_time,update_time FROM safetytips WHERE (status = ?) ORDER BY sort_weight DESC,create_time DESC
2026-04-02 23:22:49.908 [http-nio-8080-exec-10] DEBUG c.m.m.SafetyTipsMapper.selectList - ==> Parameters: 1(Integer)
2026-04-02 23:22:49.908 [http-nio-8080-exec-6] DEBUG c.m.m.RecommendMapper.selectList - ==>  Preparing: SELECT id,image,name,description,details,type,state FROM recommend WHERE (state = ?)
2026-04-02 23:22:49.908 [http-nio-8080-exec-7] DEBUG c.m.mapper.HotelMapper.selectList - ==>  Preparing: SELECT id,name,city,province,address,description,cover_image,images,price,star_level,rating,like_count,collect_count,comment_count,facilities,status,create_time,update_time FROM hotel WHERE (status = ?) ORDER BY rating DESC LIMIT 6
2026-04-02 23:22:49.908 [http-nio-8080-exec-1] DEBUG c.m.mapper.NewsMapper.selectList - ==>  Preparing: SELECT id,title,content,cover_image,source,view_count,like_count,collect_count,comment_count,status,create_time,update_time FROM news WHERE (status = ?) ORDER BY view_count DESC LIMIT 6
2026-04-02 23:22:49.908 [http-nio-8080-exec-2] DEBUG c.m.m.H.selectList - ==>  Preparing: SELECT id,uuid,name,english_name,alias_name,category_id,category_name,tags,country,province,city,district,address,longitude,latitude,google_map_url,baidu_map_url,transportation,recommendation_reason,highlights,best_travel_time,visit_duration,cover_image_url,banner_image_url,video_url,image_urls,ticket_price_description,min_price,max_price,price_currency,is_free,opening_hours_weekday,opening_hours_weekend,opening_hours_description,contact_phone,official_website,social_media,view_count,like_count,share_count,comment_count,average_rating,rating_count,weight,is_hot,is_new,is_top,status,season,festival,tips,suitable_crowd,facility_info,seo_title,seo_keywords,seo_description,content,summary,source,author,created_at,updated_at,published_at,expired_at FROM home_recommendations WHERE (status = ? AND is_hot = ?) ORDER BY weight DESC,like_count DESC LIMIT 20
2026-04-02 23:22:49.908 [http-nio-8080-exec-7] DEBUG c.m.mapper.HotelMapper.selectList - ==> Parameters: 1(Integer)
2026-04-02 23:22:49.908 [http-nio-8080-exec-6] DEBUG c.m.m.RecommendMapper.selectList - ==> Parameters: 0(String)
2026-04-02 23:22:49.908 [http-nio-8080-exec-1] DEBUG c.m.mapper.NewsMapper.selectList - ==> Parameters: 1(Integer)
2026-04-02 23:22:49.908 [http-nio-8080-exec-2] DEBUG c.m.m.H.selectList - ==> Parameters: 1(Integer), true(Boolean)
2026-04-02 23:22:49.910 [http-nio-8080-exec-6] DEBUG c.m.m.RecommendMapper.selectList - <==      Total: 4
2026-04-02 23:22:49.910 [http-nio-8080-exec-10] DEBUG c.m.m.SafetyTipsMapper.selectList - <==      Total: 10
2026-04-02 23:22:49.912 [http-nio-8080-exec-1] DEBUG c.m.mapper.NewsMapper.selectList - <==      Total: 6
2026-04-02 23:22:49.913 [http-nio-8080-exec-7] DEBUG c.m.mapper.HotelMapper.selectList - <==      Total: 6
2026-04-02 23:22:49.913 [http-nio-8080-exec-2] DEBUG c.m.m.H.selectList - <==      Total: 17
2026-04-02 23:22:49.919 [http-nio-8080-exec-5] DEBUG c.m.mapper.FoodMapper.selectList - ==>  Preparing: SELECT id,name,city,province,address,description,cover_image,images,price,cuisine_type,rating,like_count,collect_count,comment_count,tags,commodity,status,create_time,update_time FROM food WHERE (status = ?) ORDER BY like_count DESC LIMIT 6
2026-04-02 23:22:49.920 [http-nio-8080-exec-5] DEBUG c.m.mapper.FoodMapper.selectList - ==> Parameters: 1(Integer)
2026-04-02 23:22:49.920 [http-nio-8080-exec-5] DEBUG c.m.mapper.FoodMapper.selectList - <==      Total: 6
2026-04-02 23:22:50.229 [http-nio-8080-exec-2] DEBUG c.m.m.CarouselsMapper.selectList - ==>  Preparing: SELECT id,title,subtitle,image_url,mobile_image_url,thumbnail_url,link_type,link_url,link_target,target_id,button_text,button_color,text_color,text_shadow,overlay_color,overlay_opacity,position,device_type,user_type,start_time,end_time,is_always_show,click_count,impression_count,sort_order,is_active,is_deleted,remark,created_by,created_at,updated_at FROM carousels WHERE (position = ? AND is_active = ? AND (is_deleted = ? OR is_deleted IS NULL) AND (is_always_show = ? OR (start_time <= ? AND end_time >= ?)))
2026-04-02 23:22:50.229 [http-nio-8080-exec-10] DEBUG c.m.m.AttractionMapper.selectList - ==>  Preparing: SELECT id,name,city,province,address,description,cover_image,images,price,season,rating,like_count,collect_count,comment_count,tags,status,create_time,update_time FROM attraction WHERE (status = ?) ORDER BY like_count DESC LIMIT 6
2026-04-02 23:22:50.229 [http-nio-8080-exec-10] DEBUG c.m.m.AttractionMapper.selectList - ==> Parameters: 1(Integer)
2026-04-02 23:22:50.229 [http-nio-8080-exec-2] DEBUG c.m.m.CarouselsMapper.selectList - ==> Parameters: home_top(String), true(Boolean), false(Boolean), true(Boolean), 2026-04-02T23:22:50.229077800(LocalDateTime), 2026-04-02T23:22:50.229077800(LocalDateTime)
2026-04-02 23:22:50.230 [http-nio-8080-exec-2] DEBUG c.m.m.CarouselsMapper.selectList - <==      Total: 5
2026-04-02 23:22:50.234 [http-nio-8080-exec-10] DEBUG c.m.m.AttractionMapper.selectList - <==      Total: 6
2026-04-02 23:29:50.238 [http-nio-8080-exec-10] DEBUG c.m.mapper.HotelMapper.selectList - ==>  Preparing: SELECT id,name,city,province,address,description,cover_image,images,price,star_level,rating,like_count,collect_count,comment_count,facilities,status,create_time,update_time FROM hotel WHERE (status = ?) ORDER BY rating DESC LIMIT 10
2026-04-02 23:29:50.238 [http-nio-8080-exec-6] DEBUG c.m.m.CarouselsMapper.selectList - ==>  Preparing: SELECT id,title,subtitle,image_url,mobile_image_url,thumbnail_url,link_type,link_url,link_target,target_id,button_text,button_color,text_color,text_shadow,overlay_color,overlay_opacity,position,device_type,user_type,start_time,end_time,is_always_show,click_count,impression_count,sort_order,is_active,is_deleted,remark,created_by,created_at,updated_at FROM carousels WHERE (position = ? AND is_active = ? AND (is_deleted = ? OR is_deleted IS NULL) AND (is_always_show = ? OR (start_time <= ? AND end_time >= ?)))
2026-04-02 23:29:50.238 [http-nio-8080-exec-1] DEBUG c.m.mapper.FoodMapper.selectList - ==>  Preparing: SELECT id,name,city,province,address,description,cover_image,images,price,cuisine_type,rating,like_count,collect_count,comment_count,tags,commodity,status,create_time,update_time FROM food WHERE (status = ?) ORDER BY like_count DESC LIMIT 10
2026-04-02 23:29:50.238 [http-nio-8080-exec-2] DEBUG c.m.m.AttractionMapper.selectList - ==>  Preparing: SELECT id,name,city,province,address,description,cover_image,images,price,season,rating,like_count,collect_count,comment_count,tags,status,create_time,update_time FROM attraction WHERE (status = ?) ORDER BY like_count DESC LIMIT 10
2026-04-02 23:29:50.238 [http-nio-8080-exec-7] DEBUG c.m.mapper.NewsMapper.selectList - ==>  Preparing: SELECT id,title,content,cover_image,source,view_count,like_count,collect_count,comment_count,status,create_time,update_time FROM news WHERE (status = ?) ORDER BY view_count DESC LIMIT 10
2026-04-02 23:29:50.238 [http-nio-8080-exec-10] DEBUG c.m.mapper.HotelMapper.selectList - ==> Parameters: 1(Integer)
2026-04-02 23:29:50.238 [http-nio-8080-exec-1] DEBUG c.m.mapper.FoodMapper.selectList - ==> Parameters: 1(Integer)
2026-04-02 23:29:50.238 [http-nio-8080-exec-2] DEBUG c.m.m.AttractionMapper.selectList - ==> Parameters: 1(Integer)
2026-04-02 23:29:50.238 [http-nio-8080-exec-7] DEBUG c.m.mapper.NewsMapper.selectList - ==> Parameters: 1(Integer)
2026-04-02 23:29:50.238 [http-nio-8080-exec-6] DEBUG c.m.m.CarouselsMapper.selectList - ==> Parameters: home_top(String), true(Boolean), false(Boolean), true(Boolean), 2026-04-02T23:29:50.237109(LocalDateTime), 2026-04-02T23:29:50.237109(LocalDateTime)
2026-04-02 23:29:50.240 [http-nio-8080-exec-2] DEBUG c.m.m.AttractionMapper.selectList - <==      Total: 10
2026-04-02 23:29:50.240 [http-nio-8080-exec-7] DEBUG c.m.mapper.NewsMapper.selectList - <==      Total: 10
2026-04-02 23:29:50.240 [http-nio-8080-exec-1] DEBUG c.m.mapper.FoodMapper.selectList - <==      Total: 10
2026-04-02 23:29:50.240 [http-nio-8080-exec-10] DEBUG c.m.mapper.HotelMapper.selectList - <==      Total: 10
2026-04-02 23:29:50.241 [http-nio-8080-exec-6] DEBUG c.m.m.CarouselsMapper.selectList - <==      Total: 5
2026-04-02 23:34:33.650 [http-nio-8080-exec-8] DEBUG c.m.mapper.UserMapper.selectList - ==>  Preparing: SELECT id,account,username,password,email,phone,avatar,gender,age,occupation,hobbies,bio,online,status,signature,nickname,experience,permissions,create_time,update_time FROM user WHERE (account = ?)
2026-04-02 23:34:33.650 [http-nio-8080-exec-8] DEBUG c.m.mapper.UserMapper.selectList - ==> Parameters: 20260219132871(String)
2026-04-02 23:34:33.651 [http-nio-8080-exec-8] DEBUG c.m.mapper.UserMapper.selectList - <==      Total: 1
2026-04-02 23:34:33.651 [Thread-9] DEBUG c.m.mapper.LoginLogMapper.insert - ==>  Preparing: INSERT INTO login_log ( user_id, username, account, ipaddr, login_location, browser, os, status, msg, login_time ) VALUES ( ?, ?, ?, ?, ?, ?, ?, ?, ?, ? )
2026-04-02 23:34:33.653 [Thread-9] DEBUG c.m.mapper.LoginLogMapper.insert - ==> Parameters: 15(Long), 爱吃薯条的小懒猪(String), 20260219132871(String), 0:0:0:0:0:0:0:1(String), 内网IP(String), Safari(String), iOS(String), 1(String), 登录成功（缓存）(String), 2026-04-02T23:34:33.651137600(LocalDateTime)
2026-04-02 23:34:33.655 [Thread-9] DEBUG c.m.mapper.LoginLogMapper.insert - <==    Updates: 1
