2026-03-06 22:44:19.204 [http-nio-8080-exec-5] DEBUG c.m.m.AttractionMapper.selectList - ==>  Preparing: SELECT id,name,city,province,address,description,cover_image,images,price,season,rating,like_count,collect_count,comment_count,tags,status,create_time,update_time FROM attraction WHERE (status = ?) ORDER BY like_count DESC LIMIT 6
2026-03-06 22:44:19.204 [http-nio-8080-exec-2] DEBUG c.m.mapper.HotelMapper.selectList - ==>  Preparing: SELECT id,name,city,province,address,description,cover_image,images,price,star_level,rating,like_count,collect_count,comment_count,facilities,status,create_time,update_time FROM hotel WHERE (status = ?) ORDER BY rating DESC LIMIT 6
2026-03-06 22:44:19.204 [http-nio-8080-exec-3] DEBUG c.m.mapper.NewsMapper.selectList - ==>  Preparing: SELECT id,title,content,cover_image,source,view_count,like_count,collect_count,comment_count,status,create_time,update_time FROM news WHERE (status = ?) ORDER BY view_count DESC LIMIT 6
2026-03-06 22:44:19.204 [http-nio-8080-exec-6] DEBUG c.m.m.C.selectList - ==>  Preparing: SELECT id,group_name,group_code,description,display_type,auto_play,auto_play_interval,animation_type,show_indicators,show_arrows,pause_on_hover,width,height,aspect_ratio,max_items,is_active,sort_order,created_at,updated_at FROM carousel_groups WHERE (group_code = ? AND is_active = ?)
2026-03-06 22:44:19.204 [http-nio-8080-exec-4] DEBUG c.m.mapper.FoodMapper.selectList - ==>  Preparing: SELECT id,name,city,province,address,description,cover_image,images,price,cuisine_type,rating,like_count,collect_count,comment_count,tags,status,create_time,update_time FROM food WHERE (status = ?) ORDER BY like_count DESC LIMIT 6
2026-03-06 22:44:19.235 [http-nio-8080-exec-5] DEBUG c.m.m.AttractionMapper.selectList - ==> Parameters: 1(Integer)
2026-03-06 22:44:19.235 [http-nio-8080-exec-2] DEBUG c.m.mapper.HotelMapper.selectList - ==> Parameters: 1(Integer)
2026-03-06 22:44:19.235 [http-nio-8080-exec-3] DEBUG c.m.mapper.NewsMapper.selectList - ==> Parameters: 1(Integer)
2026-03-06 22:44:19.235 [http-nio-8080-exec-4] DEBUG c.m.mapper.FoodMapper.selectList - ==> Parameters: 1(Integer)
2026-03-06 22:44:19.235 [http-nio-8080-exec-6] DEBUG c.m.m.C.selectList - ==> Parameters: home_top(String), true(Boolean)
2026-03-06 22:44:19.256 [http-nio-8080-exec-6] DEBUG c.m.m.C.selectList - <==      Total: 1
2026-03-06 22:44:19.257 [http-nio-8080-exec-2] DEBUG c.m.mapper.HotelMapper.selectList - <==      Total: 6
2026-03-06 22:44:19.257 [http-nio-8080-exec-3] DEBUG c.m.mapper.NewsMapper.selectList - <==      Total: 6
2026-03-06 22:44:19.257 [http-nio-8080-exec-5] DEBUG c.m.m.AttractionMapper.selectList - <==      Total: 6
2026-03-06 22:44:19.257 [http-nio-8080-exec-4] DEBUG c.m.mapper.FoodMapper.selectList - <==      Total: 6
2026-03-06 22:44:19.268 [http-nio-8080-exec-6] DEBUG c.m.m.C.selectList - ==>  Preparing: SELECT id,group_id,carousel_id,sort_order,is_active,created_at FROM carousel_group_items WHERE (group_id = ?) ORDER BY sort_order ASC
2026-03-06 22:44:19.268 [http-nio-8080-exec-6] DEBUG c.m.m.C.selectList - ==> Parameters: 1(Integer)
2026-03-06 22:44:19.270 [http-nio-8080-exec-6] DEBUG c.m.m.C.selectList - <==      Total: 3
2026-03-06 22:44:19.274 [http-nio-8080-exec-6] DEBUG c.m.m.CarouselsMapper.selectList - ==>  Preparing: SELECT id,title,subtitle,image_url,mobile_image_url,thumbnail_url,link_type,link_url,link_target,target_id,button_text,button_color,text_color,text_shadow,overlay_color,overlay_opacity,position,device_type,user_type,start_time,end_time,is_always_show,click_count,impression_count,sort_order,is_active,is_deleted,remark,created_by,created_at,updated_at FROM carousels WHERE (id IN (?,?,?) AND is_active = ? AND (is_deleted = ? OR is_deleted IS NULL) AND (is_always_show = ? OR (start_time <= ? AND end_time >= ?)))
2026-03-06 22:44:19.276 [http-nio-8080-exec-6] DEBUG c.m.m.CarouselsMapper.selectList - ==> Parameters: 1(Integer), 2(Integer), 3(Integer), true(Boolean), false(Boolean), true(Boolean), 2026-03-06T22:44:19.274228500(LocalDateTime), 2026-03-06T22:44:19.274228500(LocalDateTime)
2026-03-06 22:44:19.285 [http-nio-8080-exec-6] DEBUG c.m.m.CarouselsMapper.selectList - <==      Total: 3
2026-03-06 22:44:19.922 [http-nio-8080-exec-1] DEBUG c.m.mapper.NewsMapper.selectList - ==>  Preparing: SELECT id,title,content,cover_image,source,view_count,like_count,collect_count,comment_count,status,create_time,update_time FROM news WHERE (status = ?) ORDER BY view_count DESC LIMIT 6
2026-03-06 22:44:19.922 [http-nio-8080-exec-1] DEBUG c.m.mapper.NewsMapper.selectList - ==> Parameters: 1(Integer)
2026-03-06 22:44:19.922 [http-nio-8080-exec-1] DEBUG c.m.mapper.NewsMapper.selectList - <==      Total: 6
2026-03-06 22:44:31.909 [http-nio-8080-exec-4] DEBUG c.m.mapper.MonthMapper.selectList - ==>  Preparing: SELECT id,month_name,month_order,is_active,created_at,updated_at FROM months
2026-03-06 22:44:31.909 [http-nio-8080-exec-3] DEBUG c.m.m.C.selectList - ==>  Preparing: SELECT id,group_name,group_code,description,display_type,auto_play,auto_play_interval,animation_type,show_indicators,show_arrows,pause_on_hover,width,height,aspect_ratio,max_items,is_active,sort_order,created_at,updated_at FROM carousel_groups WHERE (group_code = ? AND is_active = ?)
2026-03-06 22:44:31.909 [http-nio-8080-exec-4] DEBUG c.m.mapper.MonthMapper.selectList - ==> Parameters: 
2026-03-06 22:44:31.909 [http-nio-8080-exec-3] DEBUG c.m.m.C.selectList - ==> Parameters: home_top(String), true(Boolean)
2026-03-06 22:44:31.909 [http-nio-8080-exec-3] DEBUG c.m.m.C.selectList - <==      Total: 1
2026-03-06 22:44:31.909 [http-nio-8080-exec-3] DEBUG c.m.m.C.selectList - ==>  Preparing: SELECT id,group_id,carousel_id,sort_order,is_active,created_at FROM carousel_group_items WHERE (group_id = ?) ORDER BY sort_order ASC
2026-03-06 22:44:31.909 [http-nio-8080-exec-4] DEBUG c.m.mapper.MonthMapper.selectList - <==      Total: 12
2026-03-06 22:44:31.909 [http-nio-8080-exec-3] DEBUG c.m.m.C.selectList - ==> Parameters: 1(Integer)
2026-03-06 22:44:31.909 [http-nio-8080-exec-3] DEBUG c.m.m.C.selectList - <==      Total: 3
2026-03-06 22:44:31.920 [http-nio-8080-exec-3] DEBUG c.m.m.CarouselsMapper.selectList - ==>  Preparing: SELECT id,title,subtitle,image_url,mobile_image_url,thumbnail_url,link_type,link_url,link_target,target_id,button_text,button_color,text_color,text_shadow,overlay_color,overlay_opacity,position,device_type,user_type,start_time,end_time,is_always_show,click_count,impression_count,sort_order,is_active,is_deleted,remark,created_by,created_at,updated_at FROM carousels WHERE (id IN (?,?,?) AND is_active = ? AND (is_deleted = ? OR is_deleted IS NULL) AND (is_always_show = ? OR (start_time <= ? AND end_time >= ?)))
2026-03-06 22:44:31.920 [http-nio-8080-exec-3] DEBUG c.m.m.CarouselsMapper.selectList - ==> Parameters: 1(Integer), 2(Integer), 3(Integer), true(Boolean), false(Boolean), true(Boolean), 2026-03-06T22:44:31.909086300(LocalDateTime), 2026-03-06T22:44:31.909086300(LocalDateTime)
2026-03-06 22:44:31.923 [http-nio-8080-exec-3] DEBUG c.m.m.CarouselsMapper.selectList - <==      Total: 3
2026-03-06 22:44:31.978 [http-nio-8080-exec-6] DEBUG c.m.m.C.selectList_mpCount - ==>  Preparing: SELECT COUNT(*) AS total FROM cities
2026-03-06 22:44:31.978 [http-nio-8080-exec-2] DEBUG c.m.m.W.selectList_mpCount - ==>  Preparing: SELECT COUNT(*) AS total FROM worldcharacteristics
2026-03-06 22:44:31.978 [http-nio-8080-exec-6] DEBUG c.m.m.C.selectList_mpCount - ==> Parameters: 
2026-03-06 22:44:31.978 [http-nio-8080-exec-2] DEBUG c.m.m.W.selectList_mpCount - ==> Parameters: 
2026-03-06 22:44:31.978 [http-nio-8080-exec-6] DEBUG c.m.m.C.selectList_mpCount - <==      Total: 1
2026-03-06 22:44:31.978 [http-nio-8080-exec-2] DEBUG c.m.m.W.selectList_mpCount - <==      Total: 1
2026-03-06 22:44:31.978 [http-nio-8080-exec-6] DEBUG c.m.mapper.CitiesMapper.selectList - ==>  Preparing: SELECT id,name,chinese_name,country_id,is_capital,area,population,timezone,description,latitude,longitude,famous_for,best_season,created_at FROM cities LIMIT ?
2026-03-06 22:44:31.978 [http-nio-8080-exec-2] DEBUG c.m.m.W.selectList - ==>  Preparing: SELECT id,name,country,image,description,features,history,culture,tags,category,color FROM worldcharacteristics LIMIT ?
2026-03-06 22:44:31.978 [http-nio-8080-exec-6] DEBUG c.m.mapper.CitiesMapper.selectList - ==> Parameters: 10(Long)
2026-03-06 22:44:31.978 [http-nio-8080-exec-2] DEBUG c.m.m.W.selectList - ==> Parameters: 10(Long)
2026-03-06 22:44:31.991 [http-nio-8080-exec-2] DEBUG c.m.m.W.selectList - <==      Total: 10
2026-03-06 22:44:31.991 [http-nio-8080-exec-6] DEBUG c.m.mapper.CitiesMapper.selectList - <==      Total: 10
2026-03-06 22:44:32.005 [http-nio-8080-exec-7] DEBUG c.m.m.C.selectList_mpCount - ==>  Preparing: SELECT COUNT(*) AS total FROM countries
2026-03-06 22:44:32.005 [http-nio-8080-exec-7] DEBUG c.m.m.C.selectList_mpCount - ==> Parameters: 
2026-03-06 22:44:32.005 [http-nio-8080-exec-7] DEBUG c.m.m.C.selectList_mpCount - <==      Total: 1
2026-03-06 22:44:32.005 [http-nio-8080-exec-7] DEBUG c.m.m.CountriesMapper.selectList - ==>  Preparing: SELECT id,name,chinese_name,continent_id,capital,area,population,currency,language,timezone,country_code,phone_code,flag_emoji,description,created_at FROM countries LIMIT ?
2026-03-06 22:44:32.005 [http-nio-8080-exec-7] DEBUG c.m.m.CountriesMapper.selectList - ==> Parameters: 10(Long)
2026-03-06 22:44:32.005 [http-nio-8080-exec-7] DEBUG c.m.m.CountriesMapper.selectList - <==      Total: 10
2026-03-06 22:44:32.178 [http-nio-8080-exec-10] DEBUG c.m.m.M.getRecommendationsByMonthName - ==>  Preparing: SELECT r.* FROM monthly_recommendations r INNER JOIN months m ON r.month_id = m.id WHERE m.month_name = ? AND r.is_recommended = 1 ORDER BY r.sort_order
2026-03-06 22:44:32.178 [http-nio-8080-exec-10] DEBUG c.m.m.M.getRecommendationsByMonthName - ==> Parameters: 一月(String)
2026-03-06 22:44:32.183 [http-nio-8080-exec-10] DEBUG c.m.m.M.getRecommendationsByMonthName - <==      Total: 4
2026-03-06 22:44:32.228 [http-nio-8080-exec-9] DEBUG c.m.m.C.selectList_mpCount - ==>  Preparing: SELECT COUNT(*) AS total FROM cities
2026-03-06 22:44:32.228 [http-nio-8080-exec-9] DEBUG c.m.m.C.selectList_mpCount - ==> Parameters: 
2026-03-06 22:44:32.228 [http-nio-8080-exec-9] DEBUG c.m.m.C.selectList_mpCount - <==      Total: 1
2026-03-06 22:44:32.233 [http-nio-8080-exec-9] DEBUG c.m.mapper.CitiesMapper.selectList - ==>  Preparing: SELECT id,name,chinese_name,country_id,is_capital,area,population,timezone,description,latitude,longitude,famous_for,best_season,created_at FROM cities LIMIT ?
2026-03-06 22:44:32.233 [http-nio-8080-exec-9] DEBUG c.m.mapper.CitiesMapper.selectList - ==> Parameters: 10(Long)
2026-03-06 22:44:32.233 [http-nio-8080-exec-9] DEBUG c.m.mapper.CitiesMapper.selectList - <==      Total: 10
2026-03-06 22:44:32.361 [http-nio-8080-exec-4] DEBUG c.m.mapper.MonthMapper.selectList - ==>  Preparing: SELECT id,month_name,month_order,is_active,created_at,updated_at FROM months
2026-03-06 22:44:32.361 [http-nio-8080-exec-4] DEBUG c.m.mapper.MonthMapper.selectList - ==> Parameters: 
2026-03-06 22:44:32.361 [http-nio-8080-exec-1] DEBUG c.m.m.W.selectList_mpCount - ==>  Preparing: SELECT COUNT(*) AS total FROM worldcharacteristics
2026-03-06 22:44:32.361 [http-nio-8080-exec-1] DEBUG c.m.m.W.selectList_mpCount - ==> Parameters: 
2026-03-06 22:44:32.361 [http-nio-8080-exec-4] DEBUG c.m.mapper.MonthMapper.selectList - <==      Total: 12
2026-03-06 22:44:32.361 [http-nio-8080-exec-1] DEBUG c.m.m.W.selectList_mpCount - <==      Total: 1
2026-03-06 22:44:32.361 [http-nio-8080-exec-1] DEBUG c.m.m.W.selectList - ==>  Preparing: SELECT id,name,country,image,description,features,history,culture,tags,category,color FROM worldcharacteristics LIMIT ?
2026-03-06 22:44:32.361 [http-nio-8080-exec-1] DEBUG c.m.m.W.selectList - ==> Parameters: 10(Long)
2026-03-06 22:44:32.361 [http-nio-8080-exec-1] DEBUG c.m.m.W.selectList - <==      Total: 10
2026-03-06 22:44:32.372 [http-nio-8080-exec-3] DEBUG c.m.m.M.getRecommendationsByMonthName - ==>  Preparing: SELECT r.* FROM monthly_recommendations r INNER JOIN months m ON r.month_id = m.id WHERE m.month_name = ? AND r.is_recommended = 1 ORDER BY r.sort_order
2026-03-06 22:44:32.372 [http-nio-8080-exec-3] DEBUG c.m.m.M.getRecommendationsByMonthName - ==> Parameters: 一月(String)
2026-03-06 22:44:32.372 [http-nio-8080-exec-3] DEBUG c.m.m.M.getRecommendationsByMonthName - <==      Total: 4
2026-03-06 22:44:37.339 [http-nio-8080-exec-6] DEBUG c.m.m.C.selectList - ==>  Preparing: SELECT id,group_name,group_code,description,display_type,auto_play,auto_play_interval,animation_type,show_indicators,show_arrows,pause_on_hover,width,height,aspect_ratio,max_items,is_active,sort_order,created_at,updated_at FROM carousel_groups WHERE (group_code = ? AND is_active = ?)
2026-03-06 22:44:37.339 [http-nio-8080-exec-6] DEBUG c.m.m.C.selectList - ==> Parameters: home_top(String), true(Boolean)
2026-03-06 22:44:37.339 [http-nio-8080-exec-6] DEBUG c.m.m.C.selectList - <==      Total: 1
2026-03-06 22:44:37.339 [http-nio-8080-exec-6] DEBUG c.m.m.C.selectList - ==>  Preparing: SELECT id,group_id,carousel_id,sort_order,is_active,created_at FROM carousel_group_items WHERE (group_id = ?) ORDER BY sort_order ASC
2026-03-06 22:44:37.339 [http-nio-8080-exec-6] DEBUG c.m.m.C.selectList - ==> Parameters: 1(Integer)
2026-03-06 22:44:37.339 [http-nio-8080-exec-6] DEBUG c.m.m.C.selectList - <==      Total: 3
2026-03-06 22:44:37.339 [http-nio-8080-exec-6] DEBUG c.m.m.CarouselsMapper.selectList - ==>  Preparing: SELECT id,title,subtitle,image_url,mobile_image_url,thumbnail_url,link_type,link_url,link_target,target_id,button_text,button_color,text_color,text_shadow,overlay_color,overlay_opacity,position,device_type,user_type,start_time,end_time,is_always_show,click_count,impression_count,sort_order,is_active,is_deleted,remark,created_by,created_at,updated_at FROM carousels WHERE (id IN (?,?,?) AND is_active = ? AND (is_deleted = ? OR is_deleted IS NULL) AND (is_always_show = ? OR (start_time <= ? AND end_time >= ?)))
2026-03-06 22:44:37.339 [http-nio-8080-exec-6] DEBUG c.m.m.CarouselsMapper.selectList - ==> Parameters: 1(Integer), 2(Integer), 3(Integer), true(Boolean), false(Boolean), true(Boolean), 2026-03-06T22:44:37.339527800(LocalDateTime), 2026-03-06T22:44:37.339527800(LocalDateTime)
2026-03-06 22:44:37.345 [http-nio-8080-exec-6] DEBUG c.m.m.CarouselsMapper.selectList - <==      Total: 3
2026-03-06 22:44:37.345 [http-nio-8080-exec-5] DEBUG c.m.m.FoodMapper.selectList_mpCount - ==>  Preparing: SELECT COUNT(*) AS total FROM food
2026-03-06 22:44:37.347 [http-nio-8080-exec-5] DEBUG c.m.m.FoodMapper.selectList_mpCount - ==> Parameters: 
2026-03-06 22:44:37.347 [http-nio-8080-exec-5] DEBUG c.m.m.FoodMapper.selectList_mpCount - <==      Total: 1
2026-03-06 22:44:37.347 [http-nio-8080-exec-5] DEBUG c.m.mapper.FoodMapper.selectList - ==>  Preparing: SELECT id,name,city,province,address,description,cover_image,images,price,cuisine_type,rating,like_count,collect_count,comment_count,tags,status,create_time,update_time FROM food ORDER BY create_time DESC LIMIT ?
2026-03-06 22:44:37.347 [http-nio-8080-exec-5] DEBUG c.m.mapper.FoodMapper.selectList - ==> Parameters: 10(Long)
2026-03-06 22:44:37.347 [http-nio-8080-exec-5] DEBUG c.m.mapper.FoodMapper.selectList - <==      Total: 10
2026-03-06 22:44:38.611 [http-nio-8080-exec-10] DEBUG c.m.m.P.selectList_mpCount - ==>  Preparing: SELECT COUNT(*) AS total FROM product
2026-03-06 22:44:38.611 [http-nio-8080-exec-10] DEBUG c.m.m.P.selectList_mpCount - ==> Parameters: 
2026-03-06 22:44:38.611 [http-nio-8080-exec-10] DEBUG c.m.m.P.selectList_mpCount - <==      Total: 1
2026-03-06 22:44:38.612 [http-nio-8080-exec-10] DEBUG c.m.mapper.ProductMapper.selectList - ==>  Preparing: SELECT id,name,type,city,province,description,cover_image,images,price,stock,rating,like_count,collect_count,comment_count,tags,status,create_time,update_time FROM product ORDER BY create_time DESC LIMIT ?
2026-03-06 22:44:38.612 [http-nio-8080-exec-10] DEBUG c.m.mapper.ProductMapper.selectList - ==> Parameters: 10(Long)
2026-03-06 22:44:38.613 [http-nio-8080-exec-10] DEBUG c.m.mapper.ProductMapper.selectList - <==      Total: 10
2026-03-06 22:44:38.914 [http-nio-8080-exec-9] DEBUG c.m.m.C.selectList - ==>  Preparing: SELECT id,group_name,group_code,description,display_type,auto_play,auto_play_interval,animation_type,show_indicators,show_arrows,pause_on_hover,width,height,aspect_ratio,max_items,is_active,sort_order,created_at,updated_at FROM carousel_groups WHERE (group_code = ? AND is_active = ?)
2026-03-06 22:44:38.914 [http-nio-8080-exec-9] DEBUG c.m.m.C.selectList - ==> Parameters: home_top(String), true(Boolean)
2026-03-06 22:44:38.914 [http-nio-8080-exec-9] DEBUG c.m.m.C.selectList - <==      Total: 1
2026-03-06 22:44:38.914 [http-nio-8080-exec-9] DEBUG c.m.m.C.selectList - ==>  Preparing: SELECT id,group_id,carousel_id,sort_order,is_active,created_at FROM carousel_group_items WHERE (group_id = ?) ORDER BY sort_order ASC
2026-03-06 22:44:38.914 [http-nio-8080-exec-9] DEBUG c.m.m.C.selectList - ==> Parameters: 1(Integer)
2026-03-06 22:44:38.914 [http-nio-8080-exec-9] DEBUG c.m.m.C.selectList - <==      Total: 3
2026-03-06 22:44:38.914 [http-nio-8080-exec-9] DEBUG c.m.m.CarouselsMapper.selectList - ==>  Preparing: SELECT id,title,subtitle,image_url,mobile_image_url,thumbnail_url,link_type,link_url,link_target,target_id,button_text,button_color,text_color,text_shadow,overlay_color,overlay_opacity,position,device_type,user_type,start_time,end_time,is_always_show,click_count,impression_count,sort_order,is_active,is_deleted,remark,created_by,created_at,updated_at FROM carousels WHERE (id IN (?,?,?) AND is_active = ? AND (is_deleted = ? OR is_deleted IS NULL) AND (is_always_show = ? OR (start_time <= ? AND end_time >= ?)))
2026-03-06 22:44:38.914 [http-nio-8080-exec-9] DEBUG c.m.m.CarouselsMapper.selectList - ==> Parameters: 1(Integer), 2(Integer), 3(Integer), true(Boolean), false(Boolean), true(Boolean), 2026-03-06T22:44:38.914352100(LocalDateTime), 2026-03-06T22:44:38.914352100(LocalDateTime)
2026-03-06 22:44:38.914 [http-nio-8080-exec-9] DEBUG c.m.m.CarouselsMapper.selectList - <==      Total: 3
2026-03-06 22:44:40.023 [http-nio-8080-exec-6] DEBUG c.m.m.C.selectList - ==>  Preparing: SELECT id,group_name,group_code,description,display_type,auto_play,auto_play_interval,animation_type,show_indicators,show_arrows,pause_on_hover,width,height,aspect_ratio,max_items,is_active,sort_order,created_at,updated_at FROM carousel_groups WHERE (group_code = ? AND is_active = ?)
2026-03-06 22:44:40.023 [http-nio-8080-exec-6] DEBUG c.m.m.C.selectList - ==> Parameters: home_top(String), true(Boolean)
2026-03-06 22:44:40.023 [http-nio-8080-exec-8] DEBUG c.m.m.C.selectList - ==>  Preparing: SELECT id,group_name,group_code,description,display_type,auto_play,auto_play_interval,animation_type,show_indicators,show_arrows,pause_on_hover,width,height,aspect_ratio,max_items,is_active,sort_order,created_at,updated_at FROM carousel_groups WHERE (group_code = ? AND is_active = ?)
2026-03-06 22:44:40.023 [http-nio-8080-exec-8] DEBUG c.m.m.C.selectList - ==> Parameters: gc(String), true(Boolean)
2026-03-06 22:44:40.023 [http-nio-8080-exec-6] DEBUG c.m.m.C.selectList - <==      Total: 1
2026-03-06 22:44:40.023 [http-nio-8080-exec-8] DEBUG c.m.m.C.selectList - <==      Total: 0
2026-03-06 22:44:40.023 [http-nio-8080-exec-6] DEBUG c.m.m.C.selectList - ==>  Preparing: SELECT id,group_id,carousel_id,sort_order,is_active,created_at FROM carousel_group_items WHERE (group_id = ?) ORDER BY sort_order ASC
2026-03-06 22:44:40.023 [http-nio-8080-exec-6] DEBUG c.m.m.C.selectList - ==> Parameters: 1(Integer)
2026-03-06 22:44:40.023 [http-nio-8080-exec-6] DEBUG c.m.m.C.selectList - <==      Total: 3
2026-03-06 22:44:40.023 [http-nio-8080-exec-6] DEBUG c.m.m.CarouselsMapper.selectList - ==>  Preparing: SELECT id,title,subtitle,image_url,mobile_image_url,thumbnail_url,link_type,link_url,link_target,target_id,button_text,button_color,text_color,text_shadow,overlay_color,overlay_opacity,position,device_type,user_type,start_time,end_time,is_always_show,click_count,impression_count,sort_order,is_active,is_deleted,remark,created_by,created_at,updated_at FROM carousels WHERE (id IN (?,?,?) AND is_active = ? AND (is_deleted = ? OR is_deleted IS NULL) AND (is_always_show = ? OR (start_time <= ? AND end_time >= ?)))
2026-03-06 22:44:40.023 [http-nio-8080-exec-6] DEBUG c.m.m.CarouselsMapper.selectList - ==> Parameters: 1(Integer), 2(Integer), 3(Integer), true(Boolean), false(Boolean), true(Boolean), 2026-03-06T22:44:40.023428500(LocalDateTime), 2026-03-06T22:44:40.023428500(LocalDateTime)
2026-03-06 22:44:40.023 [http-nio-8080-exec-6] DEBUG c.m.m.CarouselsMapper.selectList - <==      Total: 3
2026-03-06 22:44:40.031 [http-nio-8080-exec-3] DEBUG c.m.m.T.selectList_mpCount - ==>  Preparing: SELECT COUNT(*) AS total FROM travel_plan WHERE (user_id = ?)
2026-03-06 22:44:40.035 [http-nio-8080-exec-3] DEBUG c.m.m.T.selectList_mpCount - ==> Parameters: null
2026-03-06 22:44:40.037 [http-nio-8080-exec-3] DEBUG c.m.m.T.selectList_mpCount - <==      Total: 1
2026-03-06 22:44:43.147 [http-nio-8080-exec-1] DEBUG c.m.m.C.selectList - ==>  Preparing: SELECT id,group_name,group_code,description,display_type,auto_play,auto_play_interval,animation_type,show_indicators,show_arrows,pause_on_hover,width,height,aspect_ratio,max_items,is_active,sort_order,created_at,updated_at FROM carousel_groups WHERE (group_code = ? AND is_active = ?)
2026-03-06 22:44:43.147 [http-nio-8080-exec-9] DEBUG c.m.m.C.selectList - ==>  Preparing: SELECT id,group_name,group_code,description,display_type,auto_play,auto_play_interval,animation_type,show_indicators,show_arrows,pause_on_hover,width,height,aspect_ratio,max_items,is_active,sort_order,created_at,updated_at FROM carousel_groups WHERE (group_code = ? AND is_active = ?)
2026-03-06 22:44:43.148 [http-nio-8080-exec-1] DEBUG c.m.m.C.selectList - ==> Parameters: home_top(String), true(Boolean)
2026-03-06 22:44:43.148 [http-nio-8080-exec-9] DEBUG c.m.m.C.selectList - ==> Parameters: gc(String), true(Boolean)
2026-03-06 22:44:43.148 [http-nio-8080-exec-9] DEBUG c.m.m.C.selectList - <==      Total: 0
2026-03-06 22:44:43.148 [http-nio-8080-exec-10] DEBUG c.m.m.T.selectList_mpCount - ==>  Preparing: SELECT COUNT(*) AS total FROM travel_plan WHERE (user_id = ?)
2026-03-06 22:44:43.149 [http-nio-8080-exec-1] DEBUG c.m.m.C.selectList - <==      Total: 1
2026-03-06 22:44:43.149 [http-nio-8080-exec-10] DEBUG c.m.m.T.selectList_mpCount - ==> Parameters: null
2026-03-06 22:44:43.149 [http-nio-8080-exec-1] DEBUG c.m.m.C.selectList - ==>  Preparing: SELECT id,group_id,carousel_id,sort_order,is_active,created_at FROM carousel_group_items WHERE (group_id = ?) ORDER BY sort_order ASC
2026-03-06 22:44:43.149 [http-nio-8080-exec-10] DEBUG c.m.m.T.selectList_mpCount - <==      Total: 1
2026-03-06 22:44:43.149 [http-nio-8080-exec-1] DEBUG c.m.m.C.selectList - ==> Parameters: 1(Integer)
2026-03-06 22:44:43.150 [http-nio-8080-exec-1] DEBUG c.m.m.C.selectList - <==      Total: 3
2026-03-06 22:44:43.152 [http-nio-8080-exec-1] DEBUG c.m.m.CarouselsMapper.selectList - ==>  Preparing: SELECT id,title,subtitle,image_url,mobile_image_url,thumbnail_url,link_type,link_url,link_target,target_id,button_text,button_color,text_color,text_shadow,overlay_color,overlay_opacity,position,device_type,user_type,start_time,end_time,is_always_show,click_count,impression_count,sort_order,is_active,is_deleted,remark,created_by,created_at,updated_at FROM carousels WHERE (id IN (?,?,?) AND is_active = ? AND (is_deleted = ? OR is_deleted IS NULL) AND (is_always_show = ? OR (start_time <= ? AND end_time >= ?)))
2026-03-06 22:44:43.152 [http-nio-8080-exec-1] DEBUG c.m.m.CarouselsMapper.selectList - ==> Parameters: 1(Integer), 2(Integer), 3(Integer), true(Boolean), false(Boolean), true(Boolean), 2026-03-06T22:44:43.151479800(LocalDateTime), 2026-03-06T22:44:43.151479800(LocalDateTime)
2026-03-06 22:44:43.154 [http-nio-8080-exec-1] DEBUG c.m.m.CarouselsMapper.selectList - <==      Total: 3
2026-03-06 22:44:43.241 [http-nio-8080-exec-3] DEBUG c.m.m.C.selectList_mpCount - ==>  Preparing: SELECT COUNT(*) AS total FROM community_post WHERE (status = ?)
2026-03-06 22:44:43.241 [http-nio-8080-exec-3] DEBUG c.m.m.C.selectList_mpCount - ==> Parameters: 1(Integer)
2026-03-06 22:44:43.243 [http-nio-8080-exec-3] DEBUG c.m.m.C.selectList_mpCount - <==      Total: 1
2026-03-06 22:44:43.243 [http-nio-8080-exec-3] DEBUG c.m.m.CommunityPostMapper.selectList - ==>  Preparing: SELECT id,user_id,title,content,images,videos,like_count,comment_count,collect_count,status,create_time,update_time FROM community_post WHERE (status = ?) ORDER BY create_time DESC LIMIT ?
2026-03-06 22:44:43.243 [http-nio-8080-exec-3] DEBUG c.m.m.CommunityPostMapper.selectList - ==> Parameters: 1(Integer), 10(Long)
2026-03-06 22:44:43.244 [http-nio-8080-exec-3] DEBUG c.m.m.CommunityPostMapper.selectList - <==      Total: 10
2026-03-06 22:44:43.446 [http-nio-8080-exec-2] DEBUG c.m.m.C.selectList - ==>  Preparing: SELECT id,group_name,group_code,description,display_type,auto_play,auto_play_interval,animation_type,show_indicators,show_arrows,pause_on_hover,width,height,aspect_ratio,max_items,is_active,sort_order,created_at,updated_at FROM carousel_groups WHERE (group_code = ? AND is_active = ?)
2026-03-06 22:44:43.446 [http-nio-8080-exec-2] DEBUG c.m.m.C.selectList - ==> Parameters: home_top(String), true(Boolean)
2026-03-06 22:44:43.451 [http-nio-8080-exec-2] DEBUG c.m.m.C.selectList - <==      Total: 1
2026-03-06 22:44:43.451 [http-nio-8080-exec-2] DEBUG c.m.m.C.selectList - ==>  Preparing: SELECT id,group_id,carousel_id,sort_order,is_active,created_at FROM carousel_group_items WHERE (group_id = ?) ORDER BY sort_order ASC
2026-03-06 22:44:43.451 [http-nio-8080-exec-2] DEBUG c.m.m.C.selectList - ==> Parameters: 1(Integer)
2026-03-06 22:44:43.452 [http-nio-8080-exec-2] DEBUG c.m.m.C.selectList - <==      Total: 3
2026-03-06 22:44:43.453 [http-nio-8080-exec-2] DEBUG c.m.m.CarouselsMapper.selectList - ==>  Preparing: SELECT id,title,subtitle,image_url,mobile_image_url,thumbnail_url,link_type,link_url,link_target,target_id,button_text,button_color,text_color,text_shadow,overlay_color,overlay_opacity,position,device_type,user_type,start_time,end_time,is_always_show,click_count,impression_count,sort_order,is_active,is_deleted,remark,created_by,created_at,updated_at FROM carousels WHERE (id IN (?,?,?) AND is_active = ? AND (is_deleted = ? OR is_deleted IS NULL) AND (is_always_show = ? OR (start_time <= ? AND end_time >= ?)))
2026-03-06 22:44:43.453 [http-nio-8080-exec-2] DEBUG c.m.m.CarouselsMapper.selectList - ==> Parameters: 1(Integer), 2(Integer), 3(Integer), true(Boolean), false(Boolean), true(Boolean), 2026-03-06T22:44:43.452864800(LocalDateTime), 2026-03-06T22:44:43.452864800(LocalDateTime)
2026-03-06 22:44:43.454 [http-nio-8080-exec-2] DEBUG c.m.m.CarouselsMapper.selectList - <==      Total: 3
2026-03-06 22:44:47.507 [http-nio-8080-exec-10] DEBUG c.m.m.CommunityPostMapper.selectById - ==>  Preparing: SELECT id,user_id,title,content,images,videos,like_count,comment_count,collect_count,status,create_time,update_time FROM community_post WHERE id=?
2026-03-06 22:44:47.512 [http-nio-8080-exec-10] DEBUG c.m.m.CommunityPostMapper.selectById - ==> Parameters: 6(Long)
2026-03-06 22:44:47.512 [http-nio-8080-exec-10] DEBUG c.m.m.CommunityPostMapper.selectById - <==      Total: 1
2026-03-06 22:44:56.804 [http-nio-8080-exec-4] DEBUG c.m.m.CommunityPostMapper.selectById - ==>  Preparing: SELECT id,user_id,title,content,images,videos,like_count,comment_count,collect_count,status,create_time,update_time FROM community_post WHERE id=?
2026-03-06 22:44:56.804 [http-nio-8080-exec-4] DEBUG c.m.m.CommunityPostMapper.selectById - ==> Parameters: 6(Long)
2026-03-06 22:44:56.805 [http-nio-8080-exec-4] DEBUG c.m.m.CommunityPostMapper.selectById - <==      Total: 1
2026-03-06 22:44:57.108 [http-nio-8080-exec-3] DEBUG c.m.m.C.selectList - ==>  Preparing: SELECT id,group_name,group_code,description,display_type,auto_play,auto_play_interval,animation_type,show_indicators,show_arrows,pause_on_hover,width,height,aspect_ratio,max_items,is_active,sort_order,created_at,updated_at FROM carousel_groups WHERE (group_code = ? AND is_active = ?)
2026-03-06 22:44:57.108 [http-nio-8080-exec-2] DEBUG c.m.m.C.selectList - ==>  Preparing: SELECT id,group_name,group_code,description,display_type,auto_play,auto_play_interval,animation_type,show_indicators,show_arrows,pause_on_hover,width,height,aspect_ratio,max_items,is_active,sort_order,created_at,updated_at FROM carousel_groups WHERE (group_code = ? AND is_active = ?)
2026-03-06 22:44:57.108 [http-nio-8080-exec-3] DEBUG c.m.m.C.selectList - ==> Parameters: gc(String), true(Boolean)
2026-03-06 22:44:57.108 [http-nio-8080-exec-2] DEBUG c.m.m.C.selectList - ==> Parameters: home_top(String), true(Boolean)
2026-03-06 22:44:57.108 [http-nio-8080-exec-3] DEBUG c.m.m.C.selectList - <==      Total: 0
2026-03-06 22:44:57.108 [http-nio-8080-exec-8] DEBUG c.m.m.T.selectList_mpCount - ==>  Preparing: SELECT COUNT(*) AS total FROM travel_plan WHERE (user_id = ?)
2026-03-06 22:44:57.108 [http-nio-8080-exec-2] DEBUG c.m.m.C.selectList - <==      Total: 1
2026-03-06 22:44:57.108 [http-nio-8080-exec-8] DEBUG c.m.m.T.selectList_mpCount - ==> Parameters: null
2026-03-06 22:44:57.108 [http-nio-8080-exec-2] DEBUG c.m.m.C.selectList - ==>  Preparing: SELECT id,group_id,carousel_id,sort_order,is_active,created_at FROM carousel_group_items WHERE (group_id = ?) ORDER BY sort_order ASC
2026-03-06 22:44:57.108 [http-nio-8080-exec-2] DEBUG c.m.m.C.selectList - ==> Parameters: 1(Integer)
2026-03-06 22:44:57.108 [http-nio-8080-exec-8] DEBUG c.m.m.T.selectList_mpCount - <==      Total: 1
2026-03-06 22:44:57.108 [http-nio-8080-exec-2] DEBUG c.m.m.C.selectList - <==      Total: 3
2026-03-06 22:44:57.108 [http-nio-8080-exec-2] DEBUG c.m.m.CarouselsMapper.selectList - ==>  Preparing: SELECT id,title,subtitle,image_url,mobile_image_url,thumbnail_url,link_type,link_url,link_target,target_id,button_text,button_color,text_color,text_shadow,overlay_color,overlay_opacity,position,device_type,user_type,start_time,end_time,is_always_show,click_count,impression_count,sort_order,is_active,is_deleted,remark,created_by,created_at,updated_at FROM carousels WHERE (id IN (?,?,?) AND is_active = ? AND (is_deleted = ? OR is_deleted IS NULL) AND (is_always_show = ? OR (start_time <= ? AND end_time >= ?)))
2026-03-06 22:44:57.108 [http-nio-8080-exec-2] DEBUG c.m.m.CarouselsMapper.selectList - ==> Parameters: 1(Integer), 2(Integer), 3(Integer), true(Boolean), false(Boolean), true(Boolean), 2026-03-06T22:44:57.108011(LocalDateTime), 2026-03-06T22:44:57.108011(LocalDateTime)
2026-03-06 22:44:57.113 [http-nio-8080-exec-2] DEBUG c.m.m.CarouselsMapper.selectList - <==      Total: 3
2026-03-06 22:50:25.829 [http-nio-8080-exec-4] DEBUG c.m.mapper.UserMapper.selectList - ==>  Preparing: SELECT id,account,username,password,email,phone,avatar,gender,age,occupation,hobbies,bio,online,status,create_time,update_time FROM user WHERE (account = ?)
2026-03-06 22:50:25.829 [http-nio-8080-exec-4] DEBUG c.m.mapper.UserMapper.selectList - ==> Parameters: 20260219132871(String)
2026-03-06 22:50:25.829 [http-nio-8080-exec-4] DEBUG c.m.mapper.UserMapper.selectList - <==      Total: 1
2026-03-06 22:50:27.946 [http-nio-8080-exec-3] DEBUG c.m.mapper.UserMapper.selectById - ==>  Preparing: SELECT id,account,username,password,email,phone,avatar,gender,age,occupation,hobbies,bio,online,status,create_time,update_time FROM user WHERE id=?
2026-03-06 22:50:27.946 [http-nio-8080-exec-3] DEBUG c.m.mapper.UserMapper.selectById - ==> Parameters: 15(Long)
2026-03-06 22:50:27.947 [http-nio-8080-exec-3] DEBUG c.m.mapper.UserMapper.selectById - <==      Total: 1
2026-03-06 22:50:28.251 [http-nio-8080-exec-9] DEBUG c.m.m.AttractionMapper.selectList - ==>  Preparing: SELECT id,name,city,province,address,description,cover_image,images,price,season,rating,like_count,collect_count,comment_count,tags,status,create_time,update_time FROM attraction WHERE (status = ?) ORDER BY like_count DESC LIMIT 6
2026-03-06 22:50:28.251 [http-nio-8080-exec-9] DEBUG c.m.m.AttractionMapper.selectList - ==> Parameters: 1(Integer)
2026-03-06 22:50:28.251 [http-nio-8080-exec-8] DEBUG c.m.mapper.NewsMapper.selectList - ==>  Preparing: SELECT id,title,content,cover_image,source,view_count,like_count,collect_count,comment_count,status,create_time,update_time FROM news WHERE (status = ?) ORDER BY view_count DESC LIMIT 6
2026-03-06 22:50:28.251 [http-nio-8080-exec-2] DEBUG c.m.mapper.HotelMapper.selectList - ==>  Preparing: SELECT id,name,city,province,address,description,cover_image,images,price,star_level,rating,like_count,collect_count,comment_count,facilities,status,create_time,update_time FROM hotel WHERE (status = ?) ORDER BY rating DESC LIMIT 6
2026-03-06 22:50:28.251 [http-nio-8080-exec-5] DEBUG c.m.mapper.FoodMapper.selectList - ==>  Preparing: SELECT id,name,city,province,address,description,cover_image,images,price,cuisine_type,rating,like_count,collect_count,comment_count,tags,status,create_time,update_time FROM food WHERE (status = ?) ORDER BY like_count DESC LIMIT 6
2026-03-06 22:50:28.251 [http-nio-8080-exec-8] DEBUG c.m.mapper.NewsMapper.selectList - ==> Parameters: 1(Integer)
2026-03-06 22:50:28.251 [http-nio-8080-exec-2] DEBUG c.m.mapper.HotelMapper.selectList - ==> Parameters: 1(Integer)
2026-03-06 22:50:28.251 [http-nio-8080-exec-7] DEBUG c.m.m.C.selectList - ==>  Preparing: SELECT id,group_name,group_code,description,display_type,auto_play,auto_play_interval,animation_type,show_indicators,show_arrows,pause_on_hover,width,height,aspect_ratio,max_items,is_active,sort_order,created_at,updated_at FROM carousel_groups WHERE (group_code = ? AND is_active = ?)
2026-03-06 22:50:28.251 [http-nio-8080-exec-5] DEBUG c.m.mapper.FoodMapper.selectList - ==> Parameters: 1(Integer)
2026-03-06 22:50:28.251 [http-nio-8080-exec-7] DEBUG c.m.m.C.selectList - ==> Parameters: home_top(String), true(Boolean)
2026-03-06 22:50:28.251 [http-nio-8080-exec-9] DEBUG c.m.m.AttractionMapper.selectList - <==      Total: 6
2026-03-06 22:50:28.251 [http-nio-8080-exec-8] DEBUG c.m.mapper.NewsMapper.selectList - <==      Total: 6
2026-03-06 22:50:28.251 [http-nio-8080-exec-2] DEBUG c.m.mapper.HotelMapper.selectList - <==      Total: 6
2026-03-06 22:50:28.251 [http-nio-8080-exec-7] DEBUG c.m.m.C.selectList - <==      Total: 1
2026-03-06 22:50:28.251 [http-nio-8080-exec-5] DEBUG c.m.mapper.FoodMapper.selectList - <==      Total: 6
2026-03-06 22:50:28.251 [http-nio-8080-exec-7] DEBUG c.m.m.C.selectList - ==>  Preparing: SELECT id,group_id,carousel_id,sort_order,is_active,created_at FROM carousel_group_items WHERE (group_id = ?) ORDER BY sort_order ASC
2026-03-06 22:50:28.251 [http-nio-8080-exec-7] DEBUG c.m.m.C.selectList - ==> Parameters: 1(Integer)
2026-03-06 22:50:28.251 [http-nio-8080-exec-7] DEBUG c.m.m.C.selectList - <==      Total: 3
2026-03-06 22:50:28.251 [http-nio-8080-exec-7] DEBUG c.m.m.CarouselsMapper.selectList - ==>  Preparing: SELECT id,title,subtitle,image_url,mobile_image_url,thumbnail_url,link_type,link_url,link_target,target_id,button_text,button_color,text_color,text_shadow,overlay_color,overlay_opacity,position,device_type,user_type,start_time,end_time,is_always_show,click_count,impression_count,sort_order,is_active,is_deleted,remark,created_by,created_at,updated_at FROM carousels WHERE (id IN (?,?,?) AND is_active = ? AND (is_deleted = ? OR is_deleted IS NULL) AND (is_always_show = ? OR (start_time <= ? AND end_time >= ?)))
2026-03-06 22:50:28.251 [http-nio-8080-exec-7] DEBUG c.m.m.CarouselsMapper.selectList - ==> Parameters: 1(Integer), 2(Integer), 3(Integer), true(Boolean), false(Boolean), true(Boolean), 2026-03-06T22:50:28.251472(LocalDateTime), 2026-03-06T22:50:28.251472(LocalDateTime)
2026-03-06 22:50:28.251 [http-nio-8080-exec-7] DEBUG c.m.m.CarouselsMapper.selectList - <==      Total: 3
2026-03-06 22:50:28.556 [http-nio-8080-exec-1] DEBUG c.m.mapper.NewsMapper.selectList - ==>  Preparing: SELECT id,title,content,cover_image,source,view_count,like_count,collect_count,comment_count,status,create_time,update_time FROM news WHERE (status = ?) ORDER BY view_count DESC LIMIT 6
2026-03-06 22:50:28.556 [http-nio-8080-exec-1] DEBUG c.m.mapper.NewsMapper.selectList - ==> Parameters: 1(Integer)
2026-03-06 22:50:28.562 [http-nio-8080-exec-1] DEBUG c.m.mapper.NewsMapper.selectList - <==      Total: 6
2026-03-06 22:50:33.224 [http-nio-8080-exec-3] DEBUG c.m.mapper.UserMapper.selectById - ==>  Preparing: SELECT id,account,username,password,email,phone,avatar,gender,age,occupation,hobbies,bio,online,status,create_time,update_time FROM user WHERE id=?
2026-03-06 22:50:33.224 [http-nio-8080-exec-3] DEBUG c.m.mapper.UserMapper.selectById - ==> Parameters: 15(Long)
2026-03-06 22:50:33.229 [http-nio-8080-exec-3] DEBUG c.m.mapper.UserMapper.selectById - <==      Total: 1
2026-03-06 22:50:39.147 [http-nio-8080-exec-8] DEBUG c.m.mapper.UserMapper.selectById - ==>  Preparing: SELECT id,account,username,password,email,phone,avatar,gender,age,occupation,hobbies,bio,online,status,create_time,update_time FROM user WHERE id=?
2026-03-06 22:50:39.147 [http-nio-8080-exec-8] DEBUG c.m.mapper.UserMapper.selectById - ==> Parameters: 15(Long)
2026-03-06 22:50:39.149 [http-nio-8080-exec-8] DEBUG c.m.mapper.UserMapper.selectById - <==      Total: 1
2026-03-06 22:50:39.452 [http-nio-8080-exec-6] DEBUG c.m.m.C.selectList - ==>  Preparing: SELECT id,group_name,group_code,description,display_type,auto_play,auto_play_interval,animation_type,show_indicators,show_arrows,pause_on_hover,width,height,aspect_ratio,max_items,is_active,sort_order,created_at,updated_at FROM carousel_groups WHERE (group_code = ? AND is_active = ?)
2026-03-06 22:50:39.452 [http-nio-8080-exec-6] DEBUG c.m.m.C.selectList - ==> Parameters: home_top(String), true(Boolean)
2026-03-06 22:50:39.452 [http-nio-8080-exec-5] DEBUG c.m.mapper.FoodMapper.selectList - ==>  Preparing: SELECT id,name,city,province,address,description,cover_image,images,price,cuisine_type,rating,like_count,collect_count,comment_count,tags,status,create_time,update_time FROM food WHERE (status = ?) ORDER BY like_count DESC LIMIT 6
2026-03-06 22:50:39.452 [http-nio-8080-exec-9] DEBUG c.m.mapper.HotelMapper.selectList - ==>  Preparing: SELECT id,name,city,province,address,description,cover_image,images,price,star_level,rating,like_count,collect_count,comment_count,facilities,status,create_time,update_time FROM hotel WHERE (status = ?) ORDER BY rating DESC LIMIT 6
2026-03-06 22:50:39.452 [http-nio-8080-exec-7] DEBUG c.m.m.AttractionMapper.selectList - ==>  Preparing: SELECT id,name,city,province,address,description,cover_image,images,price,season,rating,like_count,collect_count,comment_count,tags,status,create_time,update_time FROM attraction WHERE (status = ?) ORDER BY like_count DESC LIMIT 6
2026-03-06 22:50:39.452 [http-nio-8080-exec-2] DEBUG c.m.mapper.NewsMapper.selectList - ==>  Preparing: SELECT id,title,content,cover_image,source,view_count,like_count,collect_count,comment_count,status,create_time,update_time FROM news WHERE (status = ?) ORDER BY view_count DESC LIMIT 6
2026-03-06 22:50:39.452 [http-nio-8080-exec-7] DEBUG c.m.m.AttractionMapper.selectList - ==> Parameters: 1(Integer)
2026-03-06 22:50:39.452 [http-nio-8080-exec-9] DEBUG c.m.mapper.HotelMapper.selectList - ==> Parameters: 1(Integer)
2026-03-06 22:50:39.452 [http-nio-8080-exec-5] DEBUG c.m.mapper.FoodMapper.selectList - ==> Parameters: 1(Integer)
2026-03-06 22:50:39.452 [http-nio-8080-exec-2] DEBUG c.m.mapper.NewsMapper.selectList - ==> Parameters: 1(Integer)
2026-03-06 22:50:39.452 [http-nio-8080-exec-2] DEBUG c.m.mapper.NewsMapper.selectList - <==      Total: 6
2026-03-06 22:50:39.452 [http-nio-8080-exec-7] DEBUG c.m.m.AttractionMapper.selectList - <==      Total: 6
2026-03-06 22:50:39.452 [http-nio-8080-exec-5] DEBUG c.m.mapper.FoodMapper.selectList - <==      Total: 6
2026-03-06 22:50:39.452 [http-nio-8080-exec-9] DEBUG c.m.mapper.HotelMapper.selectList - <==      Total: 6
2026-03-06 22:50:39.452 [http-nio-8080-exec-6] DEBUG c.m.m.C.selectList - <==      Total: 1
2026-03-06 22:50:39.452 [http-nio-8080-exec-6] DEBUG c.m.m.C.selectList - ==>  Preparing: SELECT id,group_id,carousel_id,sort_order,is_active,created_at FROM carousel_group_items WHERE (group_id = ?) ORDER BY sort_order ASC
2026-03-06 22:50:39.452 [http-nio-8080-exec-6] DEBUG c.m.m.C.selectList - ==> Parameters: 1(Integer)
2026-03-06 22:50:39.452 [http-nio-8080-exec-6] DEBUG c.m.m.C.selectList - <==      Total: 3
2026-03-06 22:50:39.452 [http-nio-8080-exec-6] DEBUG c.m.m.CarouselsMapper.selectList - ==>  Preparing: SELECT id,title,subtitle,image_url,mobile_image_url,thumbnail_url,link_type,link_url,link_target,target_id,button_text,button_color,text_color,text_shadow,overlay_color,overlay_opacity,position,device_type,user_type,start_time,end_time,is_always_show,click_count,impression_count,sort_order,is_active,is_deleted,remark,created_by,created_at,updated_at FROM carousels WHERE (id IN (?,?,?) AND is_active = ? AND (is_deleted = ? OR is_deleted IS NULL) AND (is_always_show = ? OR (start_time <= ? AND end_time >= ?)))
2026-03-06 22:50:39.457 [http-nio-8080-exec-6] DEBUG c.m.m.CarouselsMapper.selectList - ==> Parameters: 1(Integer), 2(Integer), 3(Integer), true(Boolean), false(Boolean), true(Boolean), 2026-03-06T22:50:39.452682900(LocalDateTime), 2026-03-06T22:50:39.452682900(LocalDateTime)
2026-03-06 22:50:39.457 [http-nio-8080-exec-6] DEBUG c.m.m.CarouselsMapper.selectList - <==      Total: 3
2026-03-06 22:50:39.763 [http-nio-8080-exec-3] DEBUG c.m.mapper.NewsMapper.selectList - ==>  Preparing: SELECT id,title,content,cover_image,source,view_count,like_count,collect_count,comment_count,status,create_time,update_time FROM news WHERE (status = ?) ORDER BY view_count DESC LIMIT 6
2026-03-06 22:50:39.764 [http-nio-8080-exec-3] DEBUG c.m.mapper.NewsMapper.selectList - ==> Parameters: 1(Integer)
2026-03-06 22:50:39.764 [http-nio-8080-exec-3] DEBUG c.m.mapper.NewsMapper.selectList - <==      Total: 6
2026-03-06 22:50:43.080 [http-nio-8080-exec-5] DEBUG c.m.m.C.selectList - ==>  Preparing: SELECT id,group_name,group_code,description,display_type,auto_play,auto_play_interval,animation_type,show_indicators,show_arrows,pause_on_hover,width,height,aspect_ratio,max_items,is_active,sort_order,created_at,updated_at FROM carousel_groups WHERE (group_code = ? AND is_active = ?)
2026-03-06 22:50:43.085 [http-nio-8080-exec-5] DEBUG c.m.m.C.selectList - ==> Parameters: home_top(String), true(Boolean)
2026-03-06 22:50:43.086 [http-nio-8080-exec-8] DEBUG c.m.m.C.selectList_mpCount - ==>  Preparing: SELECT COUNT(*) AS total FROM community_post WHERE (status = ?)
2026-03-06 22:50:43.086 [http-nio-8080-exec-5] DEBUG c.m.m.C.selectList - <==      Total: 1
2026-03-06 22:50:43.086 [http-nio-8080-exec-8] DEBUG c.m.m.C.selectList_mpCount - ==> Parameters: 1(Integer)
2026-03-06 22:50:43.086 [http-nio-8080-exec-5] DEBUG c.m.m.C.selectList - ==>  Preparing: SELECT id,group_id,carousel_id,sort_order,is_active,created_at FROM carousel_group_items WHERE (group_id = ?) ORDER BY sort_order ASC
2026-03-06 22:50:43.086 [http-nio-8080-exec-8] DEBUG c.m.m.C.selectList_mpCount - <==      Total: 1
2026-03-06 22:50:43.086 [http-nio-8080-exec-5] DEBUG c.m.m.C.selectList - ==> Parameters: 1(Integer)
2026-03-06 22:50:43.086 [http-nio-8080-exec-8] DEBUG c.m.m.CommunityPostMapper.selectList - ==>  Preparing: SELECT id,user_id,title,content,images,videos,like_count,comment_count,collect_count,status,create_time,update_time FROM community_post WHERE (status = ?) ORDER BY create_time DESC LIMIT ?
2026-03-06 22:50:43.086 [http-nio-8080-exec-8] DEBUG c.m.m.CommunityPostMapper.selectList - ==> Parameters: 1(Integer), 10(Long)
2026-03-06 22:50:43.086 [http-nio-8080-exec-5] DEBUG c.m.m.C.selectList - <==      Total: 3
2026-03-06 22:50:43.086 [http-nio-8080-exec-8] DEBUG c.m.m.CommunityPostMapper.selectList - <==      Total: 10
2026-03-06 22:50:43.086 [http-nio-8080-exec-5] DEBUG c.m.m.CarouselsMapper.selectList - ==>  Preparing: SELECT id,title,subtitle,image_url,mobile_image_url,thumbnail_url,link_type,link_url,link_target,target_id,button_text,button_color,text_color,text_shadow,overlay_color,overlay_opacity,position,device_type,user_type,start_time,end_time,is_always_show,click_count,impression_count,sort_order,is_active,is_deleted,remark,created_by,created_at,updated_at FROM carousels WHERE (id IN (?,?,?) AND is_active = ? AND (is_deleted = ? OR is_deleted IS NULL) AND (is_always_show = ? OR (start_time <= ? AND end_time >= ?)))
2026-03-06 22:50:43.086 [http-nio-8080-exec-5] DEBUG c.m.m.CarouselsMapper.selectList - ==> Parameters: 1(Integer), 2(Integer), 3(Integer), true(Boolean), false(Boolean), true(Boolean), 2026-03-06T22:50:43.086175700(LocalDateTime), 2026-03-06T22:50:43.086175700(LocalDateTime)
2026-03-06 22:50:43.086 [http-nio-8080-exec-5] DEBUG c.m.m.CarouselsMapper.selectList - <==      Total: 3
2026-03-06 22:50:49.558 [http-nio-8080-exec-6] DEBUG c.m.m.CommunityPostMapper.selectById - ==>  Preparing: SELECT id,user_id,title,content,images,videos,like_count,comment_count,collect_count,status,create_time,update_time FROM community_post WHERE id=?
2026-03-06 22:50:49.558 [http-nio-8080-exec-6] DEBUG c.m.m.CommunityPostMapper.selectById - ==> Parameters: 10(Long)
2026-03-06 22:50:49.558 [http-nio-8080-exec-6] DEBUG c.m.m.CommunityPostMapper.selectById - <==      Total: 1
2026-03-06 22:50:49.564 [http-nio-8080-exec-6] DEBUG c.m.mapper.LikeMapper.selectList - ==>  Preparing: SELECT id,user_id,item_type,item_id,create_time FROM like_record WHERE (user_id = ? AND item_type = ? AND item_id = ?)
2026-03-06 22:50:49.564 [http-nio-8080-exec-6] DEBUG c.m.mapper.LikeMapper.selectList - ==> Parameters: 15(Long), post(String), 10(Long)
2026-03-06 22:50:49.564 [http-nio-8080-exec-6] DEBUG c.m.mapper.LikeMapper.selectList - <==      Total: 0
2026-03-06 22:50:49.564 [http-nio-8080-exec-6] DEBUG c.m.m.CollectionMapper.selectList - ==>  Preparing: SELECT id,user_id,item_type,item_id,create_time FROM collection WHERE (user_id = ? AND item_type = ? AND item_id = ?)
2026-03-06 22:50:49.564 [http-nio-8080-exec-6] DEBUG c.m.m.CollectionMapper.selectList - ==> Parameters: 15(Long), post(String), 10(Long)
2026-03-06 22:50:49.569 [http-nio-8080-exec-6] DEBUG c.m.m.CollectionMapper.selectList - <==      Total: 0
