2026-03-09 21:25:25.269 [http-nio-8080-exec-1] DEBUG c.m.mapper.MonthMapper.selectList - ==>  Preparing: SELECT id,month_name,month_order,is_active,created_at,updated_at FROM months
2026-03-09 21:25:25.281 [http-nio-8080-exec-7] DEBUG c.m.m.C.selectList - ==>  Preparing: SELECT id,group_name,group_code,description,display_type,auto_play,auto_play_interval,animation_type,show_indicators,show_arrows,pause_on_hover,width,height,aspect_ratio,max_items,is_active,sort_order,created_at,updated_at FROM carousel_groups WHERE (group_code = ? AND is_active = ?)
2026-03-09 21:25:25.298 [http-nio-8080-exec-1] DEBUG c.m.mapper.MonthMapper.selectList - ==> Parameters: 
2026-03-09 21:25:25.299 [http-nio-8080-exec-7] DEBUG c.m.m.C.selectList - ==> Parameters: home_top(String), true(Boolean)
2026-03-09 21:25:25.314 [http-nio-8080-exec-7] DEBUG c.m.m.C.selectList - <==      Total: 1
2026-03-09 21:25:25.316 [http-nio-8080-exec-1] DEBUG c.m.mapper.MonthMapper.selectList - <==      Total: 12
2026-03-09 21:25:25.320 [http-nio-8080-exec-7] DEBUG c.m.m.C.selectList - ==>  Preparing: SELECT id,group_id,carousel_id,sort_order,is_active,created_at FROM carousel_group_items WHERE (group_id = ?) ORDER BY sort_order ASC
2026-03-09 21:25:25.322 [http-nio-8080-exec-7] DEBUG c.m.m.C.selectList - ==> Parameters: 1(Integer)
2026-03-09 21:25:25.325 [http-nio-8080-exec-7] DEBUG c.m.m.C.selectList - <==      Total: 3
2026-03-09 21:25:25.327 [http-nio-8080-exec-7] DEBUG c.m.m.CarouselsMapper.selectList - ==>  Preparing: SELECT id,title,subtitle,image_url,mobile_image_url,thumbnail_url,link_type,link_url,link_target,target_id,button_text,button_color,text_color,text_shadow,overlay_color,overlay_opacity,position,device_type,user_type,start_time,end_time,is_always_show,click_count,impression_count,sort_order,is_active,is_deleted,remark,created_by,created_at,updated_at FROM carousels WHERE (id IN (?,?,?) AND is_active = ? AND (is_deleted = ? OR is_deleted IS NULL) AND (is_always_show = ? OR (start_time <= ? AND end_time >= ?)))
2026-03-09 21:25:25.330 [http-nio-8080-exec-7] DEBUG c.m.m.CarouselsMapper.selectList - ==> Parameters: 1(Integer), 2(Integer), 3(Integer), true(Boolean), false(Boolean), true(Boolean), 2026-03-09T21:25:25.327670(LocalDateTime), 2026-03-09T21:25:25.327670(LocalDateTime)
2026-03-09 21:25:25.342 [http-nio-8080-exec-2] DEBUG c.m.m.W.selectList_mpCount - ==>  Preparing: SELECT COUNT(*) AS total FROM worldcharacteristics
2026-03-09 21:25:25.342 [http-nio-8080-exec-2] DEBUG c.m.m.W.selectList_mpCount - ==> Parameters: 
2026-03-09 21:25:25.342 [http-nio-8080-exec-3] DEBUG c.m.m.C.selectList_mpCount - ==>  Preparing: SELECT COUNT(*) AS total FROM cities
2026-03-09 21:25:25.342 [http-nio-8080-exec-8] DEBUG c.m.m.C.selectList_mpCount - ==>  Preparing: SELECT COUNT(*) AS total FROM countries
2026-03-09 21:25:25.342 [http-nio-8080-exec-3] DEBUG c.m.m.C.selectList_mpCount - ==> Parameters: 
2026-03-09 21:25:25.342 [http-nio-8080-exec-8] DEBUG c.m.m.C.selectList_mpCount - ==> Parameters: 
2026-03-09 21:25:25.342 [http-nio-8080-exec-7] DEBUG c.m.m.CarouselsMapper.selectList - <==      Total: 3
2026-03-09 21:25:25.345 [http-nio-8080-exec-3] DEBUG c.m.m.C.selectList_mpCount - <==      Total: 1
2026-03-09 21:25:25.345 [http-nio-8080-exec-8] DEBUG c.m.m.C.selectList_mpCount - <==      Total: 1
2026-03-09 21:25:25.345 [http-nio-8080-exec-2] DEBUG c.m.m.W.selectList_mpCount - <==      Total: 1
2026-03-09 21:25:25.349 [http-nio-8080-exec-3] DEBUG c.m.mapper.CitiesMapper.selectList - ==>  Preparing: SELECT id,name,chinese_name,country_id,is_capital,area,population,timezone,description,latitude,longitude,famous_for,best_season,created_at FROM cities LIMIT ?
2026-03-09 21:25:25.349 [http-nio-8080-exec-8] DEBUG c.m.m.CountriesMapper.selectList - ==>  Preparing: SELECT id,name,chinese_name,continent_id,capital,area,population,currency,language,timezone,country_code,phone_code,flag_emoji,description,created_at FROM countries LIMIT ?
2026-03-09 21:25:25.349 [http-nio-8080-exec-2] DEBUG c.m.m.W.selectList - ==>  Preparing: SELECT id,name,country,image,description,features,history,culture,tags,category,color FROM worldcharacteristics LIMIT ?
2026-03-09 21:25:25.357 [http-nio-8080-exec-8] DEBUG c.m.m.CountriesMapper.selectList - ==> Parameters: 10(Long)
2026-03-09 21:25:25.357 [http-nio-8080-exec-3] DEBUG c.m.mapper.CitiesMapper.selectList - ==> Parameters: 10(Long)
2026-03-09 21:25:25.357 [http-nio-8080-exec-2] DEBUG c.m.m.W.selectList - ==> Parameters: 10(Long)
2026-03-09 21:25:25.363 [http-nio-8080-exec-2] DEBUG c.m.m.W.selectList - <==      Total: 10
2026-03-09 21:25:25.364 [http-nio-8080-exec-8] DEBUG c.m.m.CountriesMapper.selectList - <==      Total: 10
2026-03-09 21:25:25.365 [http-nio-8080-exec-3] DEBUG c.m.mapper.CitiesMapper.selectList - <==      Total: 10
2026-03-09 21:25:25.439 [http-nio-8080-exec-4] DEBUG c.m.m.M.getRecommendationsByMonthName - ==>  Preparing: SELECT r.* FROM monthly_recommendations r INNER JOIN months m ON r.month_id = m.id WHERE m.month_name = ? AND r.is_recommended = 1 ORDER BY r.sort_order
2026-03-09 21:25:25.440 [http-nio-8080-exec-4] DEBUG c.m.m.M.getRecommendationsByMonthName - ==> Parameters: 一月(String)
2026-03-09 21:25:25.448 [http-nio-8080-exec-4] DEBUG c.m.m.M.getRecommendationsByMonthName - <==      Total: 4
2026-03-09 21:25:25.781 [http-nio-8080-exec-1] DEBUG c.m.mapper.MonthMapper.selectList - ==>  Preparing: SELECT id,month_name,month_order,is_active,created_at,updated_at FROM months
2026-03-09 21:25:25.781 [http-nio-8080-exec-1] DEBUG c.m.mapper.MonthMapper.selectList - ==> Parameters: 
2026-03-09 21:25:25.782 [http-nio-8080-exec-1] DEBUG c.m.mapper.MonthMapper.selectList - <==      Total: 12
2026-03-09 21:25:25.784 [http-nio-8080-exec-2] DEBUG c.m.m.W.selectList_mpCount - ==>  Preparing: SELECT COUNT(*) AS total FROM worldcharacteristics
2026-03-09 21:25:25.785 [http-nio-8080-exec-2] DEBUG c.m.m.W.selectList_mpCount - ==> Parameters: 
2026-03-09 21:25:25.785 [http-nio-8080-exec-10] DEBUG c.m.m.C.selectList_mpCount - ==>  Preparing: SELECT COUNT(*) AS total FROM cities
2026-03-09 21:25:25.785 [http-nio-8080-exec-10] DEBUG c.m.m.C.selectList_mpCount - ==> Parameters: 
2026-03-09 21:25:25.791 [http-nio-8080-exec-2] DEBUG c.m.m.W.selectList_mpCount - <==      Total: 1
2026-03-09 21:25:25.791 [http-nio-8080-exec-10] DEBUG c.m.m.C.selectList_mpCount - <==      Total: 1
2026-03-09 21:25:25.791 [http-nio-8080-exec-2] DEBUG c.m.m.W.selectList - ==>  Preparing: SELECT id,name,country,image,description,features,history,culture,tags,category,color FROM worldcharacteristics LIMIT ?
2026-03-09 21:25:25.791 [http-nio-8080-exec-10] DEBUG c.m.mapper.CitiesMapper.selectList - ==>  Preparing: SELECT id,name,chinese_name,country_id,is_capital,area,population,timezone,description,latitude,longitude,famous_for,best_season,created_at FROM cities LIMIT ?
2026-03-09 21:25:25.791 [http-nio-8080-exec-10] DEBUG c.m.mapper.CitiesMapper.selectList - ==> Parameters: 10(Long)
2026-03-09 21:25:25.791 [http-nio-8080-exec-2] DEBUG c.m.m.W.selectList - ==> Parameters: 10(Long)
2026-03-09 21:25:25.793 [http-nio-8080-exec-2] DEBUG c.m.m.W.selectList - <==      Total: 10
2026-03-09 21:25:25.793 [http-nio-8080-exec-10] DEBUG c.m.mapper.CitiesMapper.selectList - <==      Total: 10
2026-03-09 21:25:26.032 [http-nio-8080-exec-7] DEBUG c.m.m.M.getRecommendationsByMonthName - ==>  Preparing: SELECT r.* FROM monthly_recommendations r INNER JOIN months m ON r.month_id = m.id WHERE m.month_name = ? AND r.is_recommended = 1 ORDER BY r.sort_order
2026-03-09 21:25:26.032 [http-nio-8080-exec-7] DEBUG c.m.m.M.getRecommendationsByMonthName - ==> Parameters: 一月(String)
2026-03-09 21:25:26.035 [http-nio-8080-exec-7] DEBUG c.m.m.M.getRecommendationsByMonthName - <==      Total: 4
2026-03-09 21:25:26.104 [http-nio-8080-exec-3] DEBUG c.m.mapper.NewsMapper.selectList - ==>  Preparing: SELECT id,title,content,cover_image,source,view_count,like_count,collect_count,comment_count,status,create_time,update_time FROM news WHERE (status = ?) ORDER BY view_count DESC LIMIT 6
2026-03-09 21:25:26.104 [http-nio-8080-exec-3] DEBUG c.m.mapper.NewsMapper.selectList - ==> Parameters: 1(Integer)
2026-03-09 21:25:26.105 [http-nio-8080-exec-3] DEBUG c.m.mapper.NewsMapper.selectList - <==      Total: 6
2026-03-09 21:25:26.360 [http-nio-8080-exec-5] DEBUG c.m.m.C.selectList - ==>  Preparing: SELECT id,group_name,group_code,description,display_type,auto_play,auto_play_interval,animation_type,show_indicators,show_arrows,pause_on_hover,width,height,aspect_ratio,max_items,is_active,sort_order,created_at,updated_at FROM carousel_groups WHERE (group_code = ? AND is_active = ?)
2026-03-09 21:25:26.360 [http-nio-8080-exec-5] DEBUG c.m.m.C.selectList - ==> Parameters: home_top(String), true(Boolean)
2026-03-09 21:25:26.361 [http-nio-8080-exec-5] DEBUG c.m.m.C.selectList - <==      Total: 1
2026-03-09 21:25:26.362 [http-nio-8080-exec-5] DEBUG c.m.m.C.selectList - ==>  Preparing: SELECT id,group_id,carousel_id,sort_order,is_active,created_at FROM carousel_group_items WHERE (group_id = ?) ORDER BY sort_order ASC
2026-03-09 21:25:26.362 [http-nio-8080-exec-5] DEBUG c.m.m.C.selectList - ==> Parameters: 1(Integer)
2026-03-09 21:25:26.363 [http-nio-8080-exec-4] DEBUG c.m.m.AttractionMapper.selectList - ==>  Preparing: SELECT id,name,city,province,address,description,cover_image,images,price,season,rating,like_count,collect_count,comment_count,tags,status,create_time,update_time FROM attraction WHERE (status = ?) ORDER BY like_count DESC LIMIT 6
2026-03-09 21:25:26.363 [http-nio-8080-exec-4] DEBUG c.m.m.AttractionMapper.selectList - ==> Parameters: 1(Integer)
2026-03-09 21:25:26.364 [http-nio-8080-exec-9] DEBUG c.m.mapper.HotelMapper.selectList - ==>  Preparing: SELECT id,name,city,province,address,description,cover_image,images,price,star_level,rating,like_count,collect_count,comment_count,facilities,status,create_time,update_time FROM hotel WHERE (status = ?) ORDER BY rating DESC LIMIT 6
2026-03-09 21:25:26.364 [http-nio-8080-exec-6] DEBUG c.m.mapper.FoodMapper.selectList - ==>  Preparing: SELECT id,name,city,province,address,description,cover_image,images,price,cuisine_type,rating,like_count,collect_count,comment_count,tags,status,create_time,update_time FROM food WHERE (status = ?) ORDER BY like_count DESC LIMIT 6
2026-03-09 21:25:26.364 [http-nio-8080-exec-9] DEBUG c.m.mapper.HotelMapper.selectList - ==> Parameters: 1(Integer)
2026-03-09 21:25:26.364 [http-nio-8080-exec-6] DEBUG c.m.mapper.FoodMapper.selectList - ==> Parameters: 1(Integer)
2026-03-09 21:25:26.364 [http-nio-8080-exec-5] DEBUG c.m.m.C.selectList - <==      Total: 3
2026-03-09 21:25:26.365 [http-nio-8080-exec-5] DEBUG c.m.m.CarouselsMapper.selectList - ==>  Preparing: SELECT id,title,subtitle,image_url,mobile_image_url,thumbnail_url,link_type,link_url,link_target,target_id,button_text,button_color,text_color,text_shadow,overlay_color,overlay_opacity,position,device_type,user_type,start_time,end_time,is_always_show,click_count,impression_count,sort_order,is_active,is_deleted,remark,created_by,created_at,updated_at FROM carousels WHERE (id IN (?,?,?) AND is_active = ? AND (is_deleted = ? OR is_deleted IS NULL) AND (is_always_show = ? OR (start_time <= ? AND end_time >= ?)))
2026-03-09 21:25:26.365 [http-nio-8080-exec-4] DEBUG c.m.m.AttractionMapper.selectList - <==      Total: 6
2026-03-09 21:25:26.365 [http-nio-8080-exec-5] DEBUG c.m.m.CarouselsMapper.selectList - ==> Parameters: 1(Integer), 2(Integer), 3(Integer), true(Boolean), false(Boolean), true(Boolean), 2026-03-09T21:25:26.364527900(LocalDateTime), 2026-03-09T21:25:26.364527900(LocalDateTime)
2026-03-09 21:25:26.365 [http-nio-8080-exec-9] DEBUG c.m.mapper.HotelMapper.selectList - <==      Total: 6
2026-03-09 21:25:26.367 [http-nio-8080-exec-6] DEBUG c.m.mapper.FoodMapper.selectList - <==      Total: 6
2026-03-09 21:25:26.368 [http-nio-8080-exec-5] DEBUG c.m.m.CarouselsMapper.selectList - <==      Total: 3
2026-03-09 21:25:26.390 [http-nio-8080-exec-1] DEBUG c.m.mapper.NewsMapper.selectList - ==>  Preparing: SELECT id,title,content,cover_image,source,view_count,like_count,collect_count,comment_count,status,create_time,update_time FROM news WHERE (status = ?) ORDER BY view_count DESC LIMIT 6
2026-03-09 21:25:26.391 [http-nio-8080-exec-1] DEBUG c.m.mapper.NewsMapper.selectList - ==> Parameters: 1(Integer)
2026-03-09 21:25:26.392 [http-nio-8080-exec-1] DEBUG c.m.mapper.NewsMapper.selectList - <==      Total: 6
2026-03-09 21:25:32.748 [http-nio-8080-exec-3] DEBUG c.m.m.HotelMapper.selectList_mpCount - ==>  Preparing: SELECT COUNT(*) AS total FROM hotel WHERE (name LIKE ? OR city LIKE ?)
2026-03-09 21:25:32.748 [http-nio-8080-exec-3] DEBUG c.m.m.HotelMapper.selectList_mpCount - ==> Parameters: %%(String), %%(String)
2026-03-09 21:25:32.749 [http-nio-8080-exec-3] DEBUG c.m.m.HotelMapper.selectList_mpCount - <==      Total: 1
2026-03-09 21:25:32.749 [http-nio-8080-exec-3] DEBUG c.m.mapper.HotelMapper.selectList - ==>  Preparing: SELECT id,name,city,province,address,description,cover_image,images,price,star_level,rating,like_count,collect_count,comment_count,facilities,status,create_time,update_time FROM hotel WHERE (name LIKE ? OR city LIKE ?) ORDER BY create_time DESC LIMIT ?
2026-03-09 21:25:32.749 [http-nio-8080-exec-3] DEBUG c.m.mapper.HotelMapper.selectList - ==> Parameters: %%(String), %%(String), 10(Long)
2026-03-09 21:25:32.751 [http-nio-8080-exec-3] DEBUG c.m.mapper.HotelMapper.selectList - <==      Total: 10
2026-03-09 21:25:37.733 [http-nio-8080-exec-6] DEBUG c.m.m.FoodMapper.selectList_mpCount - ==>  Preparing: SELECT COUNT(*) AS total FROM food WHERE (name LIKE ? OR city LIKE ?)
2026-03-09 21:25:37.734 [http-nio-8080-exec-6] DEBUG c.m.m.FoodMapper.selectList_mpCount - ==> Parameters: %%(String), %%(String)
2026-03-09 21:25:37.734 [http-nio-8080-exec-6] DEBUG c.m.m.FoodMapper.selectList_mpCount - <==      Total: 1
2026-03-09 21:25:37.735 [http-nio-8080-exec-6] DEBUG c.m.mapper.FoodMapper.selectList - ==>  Preparing: SELECT id,name,city,province,address,description,cover_image,images,price,cuisine_type,rating,like_count,collect_count,comment_count,tags,status,create_time,update_time FROM food WHERE (name LIKE ? OR city LIKE ?) ORDER BY create_time DESC LIMIT ?
2026-03-09 21:25:37.735 [http-nio-8080-exec-6] DEBUG c.m.mapper.FoodMapper.selectList - ==> Parameters: %%(String), %%(String), 10(Long)
2026-03-09 21:25:37.737 [http-nio-8080-exec-6] DEBUG c.m.mapper.FoodMapper.selectList - <==      Total: 10
2026-03-09 21:25:58.260 [http-nio-8080-exec-9] DEBUG c.m.m.NewsMapper.selectList_mpCount - ==>  Preparing: SELECT COUNT(*) AS total FROM news WHERE (status = ?)
2026-03-09 21:25:58.261 [http-nio-8080-exec-9] DEBUG c.m.m.NewsMapper.selectList_mpCount - ==> Parameters: 1(Integer)
2026-03-09 21:25:58.261 [http-nio-8080-exec-9] DEBUG c.m.m.NewsMapper.selectList_mpCount - <==      Total: 1
2026-03-09 21:25:58.261 [http-nio-8080-exec-9] DEBUG c.m.mapper.NewsMapper.selectList - ==>  Preparing: SELECT id,title,content,cover_image,source,view_count,like_count,collect_count,comment_count,status,create_time,update_time FROM news WHERE (status = ?) ORDER BY create_time DESC LIMIT ?
2026-03-09 21:25:58.261 [http-nio-8080-exec-9] DEBUG c.m.mapper.NewsMapper.selectList - ==> Parameters: 1(Integer), 10(Long)
2026-03-09 21:25:58.262 [http-nio-8080-exec-9] DEBUG c.m.mapper.NewsMapper.selectList - <==      Total: 10
2026-03-09 21:30:21.093 [http-nio-8080-exec-7] DEBUG c.m.m.NewsMapper.selectList_mpCount - ==>  Preparing: SELECT COUNT(*) AS total FROM news WHERE (status = ?)
2026-03-09 21:30:21.093 [http-nio-8080-exec-7] DEBUG c.m.m.NewsMapper.selectList_mpCount - ==> Parameters: 1(Integer)
2026-03-09 21:30:21.094 [http-nio-8080-exec-7] DEBUG c.m.m.NewsMapper.selectList_mpCount - <==      Total: 1
2026-03-09 21:30:21.094 [http-nio-8080-exec-7] DEBUG c.m.mapper.NewsMapper.selectList - ==>  Preparing: SELECT id,title,content,cover_image,source,view_count,like_count,collect_count,comment_count,status,create_time,update_time FROM news WHERE (status = ?) ORDER BY create_time DESC LIMIT ?
2026-03-09 21:30:21.094 [http-nio-8080-exec-7] DEBUG c.m.mapper.NewsMapper.selectList - ==> Parameters: 1(Integer), 10(Long)
2026-03-09 21:30:21.096 [http-nio-8080-exec-7] DEBUG c.m.mapper.NewsMapper.selectList - <==      Total: 10
2026-03-09 21:30:30.534 [http-nio-8080-exec-3] DEBUG c.m.m.NewsMapper.selectList_mpCount - ==>  Preparing: SELECT COUNT(*) AS total FROM news WHERE (status = ?)
2026-03-09 21:30:30.534 [http-nio-8080-exec-3] DEBUG c.m.m.NewsMapper.selectList_mpCount - ==> Parameters: 1(Integer)
2026-03-09 21:30:30.535 [http-nio-8080-exec-3] DEBUG c.m.m.NewsMapper.selectList_mpCount - <==      Total: 1
2026-03-09 21:30:30.535 [http-nio-8080-exec-3] DEBUG c.m.mapper.NewsMapper.selectList - ==>  Preparing: SELECT id,title,content,cover_image,source,view_count,like_count,collect_count,comment_count,status,create_time,update_time FROM news WHERE (status = ?) ORDER BY create_time DESC LIMIT ?
2026-03-09 21:30:30.536 [http-nio-8080-exec-3] DEBUG c.m.mapper.NewsMapper.selectList - ==> Parameters: 1(Integer), 10(Long)
2026-03-09 21:30:30.538 [http-nio-8080-exec-3] DEBUG c.m.mapper.NewsMapper.selectList - <==      Total: 10
2026-03-09 21:31:12.866 [http-nio-8080-exec-5] DEBUG c.m.mapper.HotelMapper.selectList - ==>  Preparing: SELECT id,name,city,province,address,description,cover_image,images,price,star_level,rating,like_count,collect_count,comment_count,facilities,status,create_time,update_time FROM hotel WHERE (status = ?) ORDER BY rating DESC LIMIT 6
2026-03-09 21:31:12.866 [http-nio-8080-exec-9] DEBUG c.m.mapper.NewsMapper.selectList - ==>  Preparing: SELECT id,title,content,cover_image,source,view_count,like_count,collect_count,comment_count,status,create_time,update_time FROM news WHERE (status = ?) ORDER BY view_count DESC LIMIT 6
2026-03-09 21:31:12.866 [http-nio-8080-exec-4] DEBUG c.m.m.AttractionMapper.selectList - ==>  Preparing: SELECT id,name,city,province,address,description,cover_image,images,price,season,rating,like_count,collect_count,comment_count,tags,status,create_time,update_time FROM attraction WHERE (status = ?) ORDER BY like_count DESC LIMIT 6
2026-03-09 21:31:12.866 [http-nio-8080-exec-1] DEBUG c.m.mapper.FoodMapper.selectList - ==>  Preparing: SELECT id,name,city,province,address,description,cover_image,images,price,cuisine_type,rating,like_count,collect_count,comment_count,tags,status,create_time,update_time FROM food WHERE (status = ?) ORDER BY like_count DESC LIMIT 6
2026-03-09 21:31:12.866 [http-nio-8080-exec-5] DEBUG c.m.mapper.HotelMapper.selectList - ==> Parameters: 1(Integer)
2026-03-09 21:31:12.866 [http-nio-8080-exec-9] DEBUG c.m.mapper.NewsMapper.selectList - ==> Parameters: 1(Integer)
2026-03-09 21:31:12.866 [http-nio-8080-exec-1] DEBUG c.m.mapper.FoodMapper.selectList - ==> Parameters: 1(Integer)
2026-03-09 21:31:12.866 [http-nio-8080-exec-4] DEBUG c.m.m.AttractionMapper.selectList - ==> Parameters: 1(Integer)
2026-03-09 21:31:12.866 [http-nio-8080-exec-10] DEBUG c.m.m.C.selectList - ==>  Preparing: SELECT id,group_name,group_code,description,display_type,auto_play,auto_play_interval,animation_type,show_indicators,show_arrows,pause_on_hover,width,height,aspect_ratio,max_items,is_active,sort_order,created_at,updated_at FROM carousel_groups WHERE (group_code = ? AND is_active = ?)
2026-03-09 21:31:12.866 [http-nio-8080-exec-10] DEBUG c.m.m.C.selectList - ==> Parameters: home_top(String), true(Boolean)
2026-03-09 21:31:12.867 [http-nio-8080-exec-4] DEBUG c.m.m.AttractionMapper.selectList - <==      Total: 6
2026-03-09 21:31:12.867 [http-nio-8080-exec-1] DEBUG c.m.mapper.FoodMapper.selectList - <==      Total: 6
2026-03-09 21:31:12.867 [http-nio-8080-exec-10] DEBUG c.m.m.C.selectList - <==      Total: 1
2026-03-09 21:31:12.867 [http-nio-8080-exec-5] DEBUG c.m.mapper.HotelMapper.selectList - <==      Total: 6
2026-03-09 21:31:12.867 [http-nio-8080-exec-9] DEBUG c.m.mapper.NewsMapper.selectList - <==      Total: 6
2026-03-09 21:31:12.868 [http-nio-8080-exec-6] DEBUG c.m.mapper.UserMapper.selectById - ==>  Preparing: SELECT id,account,username,password,email,phone,avatar,gender,age,occupation,hobbies,bio,online,status,create_time,update_time FROM user WHERE id=?
2026-03-09 21:31:12.868 [http-nio-8080-exec-6] DEBUG c.m.mapper.UserMapper.selectById - ==> Parameters: 15(Long)
2026-03-09 21:31:12.870 [http-nio-8080-exec-10] DEBUG c.m.m.C.selectList - ==>  Preparing: SELECT id,group_id,carousel_id,sort_order,is_active,created_at FROM carousel_group_items WHERE (group_id = ?) ORDER BY sort_order ASC
2026-03-09 21:31:12.871 [http-nio-8080-exec-6] DEBUG c.m.mapper.UserMapper.selectById - <==      Total: 1
2026-03-09 21:31:12.871 [http-nio-8080-exec-10] DEBUG c.m.m.C.selectList - ==> Parameters: 1(Integer)
2026-03-09 21:31:12.872 [http-nio-8080-exec-10] DEBUG c.m.m.C.selectList - <==      Total: 3
2026-03-09 21:31:12.874 [http-nio-8080-exec-10] DEBUG c.m.m.CarouselsMapper.selectList - ==>  Preparing: SELECT id,title,subtitle,image_url,mobile_image_url,thumbnail_url,link_type,link_url,link_target,target_id,button_text,button_color,text_color,text_shadow,overlay_color,overlay_opacity,position,device_type,user_type,start_time,end_time,is_always_show,click_count,impression_count,sort_order,is_active,is_deleted,remark,created_by,created_at,updated_at FROM carousels WHERE (id IN (?,?,?) AND is_active = ? AND (is_deleted = ? OR is_deleted IS NULL) AND (is_always_show = ? OR (start_time <= ? AND end_time >= ?)))
2026-03-09 21:31:12.875 [http-nio-8080-exec-10] DEBUG c.m.m.CarouselsMapper.selectList - ==> Parameters: 1(Integer), 2(Integer), 3(Integer), true(Boolean), false(Boolean), true(Boolean), 2026-03-09T21:31:12.873549600(LocalDateTime), 2026-03-09T21:31:12.873549600(LocalDateTime)
2026-03-09 21:31:12.877 [http-nio-8080-exec-10] DEBUG c.m.m.CarouselsMapper.selectList - <==      Total: 3
2026-03-09 21:31:13.186 [http-nio-8080-exec-9] DEBUG c.m.mapper.NewsMapper.selectList - ==>  Preparing: SELECT id,title,content,cover_image,source,view_count,like_count,collect_count,comment_count,status,create_time,update_time FROM news WHERE (status = ?) ORDER BY view_count DESC LIMIT 6
2026-03-09 21:31:13.186 [http-nio-8080-exec-9] DEBUG c.m.mapper.NewsMapper.selectList - ==> Parameters: 1(Integer)
2026-03-09 21:31:13.187 [http-nio-8080-exec-9] DEBUG c.m.mapper.NewsMapper.selectList - <==      Total: 6
2026-03-09 21:31:14.988 [http-nio-8080-exec-5] DEBUG c.m.mapper.UserMapper.selectById - ==>  Preparing: SELECT id,account,username,password,email,phone,avatar,gender,age,occupation,hobbies,bio,online,status,create_time,update_time FROM user WHERE id=?
2026-03-09 21:31:14.988 [http-nio-8080-exec-1] DEBUG c.m.mapper.NewsMapper.selectList - ==>  Preparing: SELECT id,title,content,cover_image,source,view_count,like_count,collect_count,comment_count,status,create_time,update_time FROM news WHERE (status = ?) ORDER BY view_count DESC LIMIT 6
2026-03-09 21:31:14.988 [http-nio-8080-exec-4] DEBUG c.m.mapper.HotelMapper.selectList - ==>  Preparing: SELECT id,name,city,province,address,description,cover_image,images,price,star_level,rating,like_count,collect_count,comment_count,facilities,status,create_time,update_time FROM hotel WHERE (status = ?) ORDER BY rating DESC LIMIT 6
2026-03-09 21:31:14.988 [http-nio-8080-exec-6] DEBUG c.m.mapper.FoodMapper.selectList - ==>  Preparing: SELECT id,name,city,province,address,description,cover_image,images,price,cuisine_type,rating,like_count,collect_count,comment_count,tags,status,create_time,update_time FROM food WHERE (status = ?) ORDER BY like_count DESC LIMIT 6
2026-03-09 21:31:14.988 [http-nio-8080-exec-5] DEBUG c.m.mapper.UserMapper.selectById - ==> Parameters: 15(Long)
2026-03-09 21:31:14.988 [http-nio-8080-exec-1] DEBUG c.m.mapper.NewsMapper.selectList - ==> Parameters: 1(Integer)
2026-03-09 21:31:14.988 [http-nio-8080-exec-4] DEBUG c.m.mapper.HotelMapper.selectList - ==> Parameters: 1(Integer)
2026-03-09 21:31:14.988 [http-nio-8080-exec-6] DEBUG c.m.mapper.FoodMapper.selectList - ==> Parameters: 1(Integer)
2026-03-09 21:31:14.988 [http-nio-8080-exec-7] DEBUG c.m.m.C.selectList - ==>  Preparing: SELECT id,group_name,group_code,description,display_type,auto_play,auto_play_interval,animation_type,show_indicators,show_arrows,pause_on_hover,width,height,aspect_ratio,max_items,is_active,sort_order,created_at,updated_at FROM carousel_groups WHERE (group_code = ? AND is_active = ?)
2026-03-09 21:31:14.988 [http-nio-8080-exec-7] DEBUG c.m.m.C.selectList - ==> Parameters: home_top(String), true(Boolean)
2026-03-09 21:31:14.988 [http-nio-8080-exec-5] DEBUG c.m.mapper.UserMapper.selectById - <==      Total: 1
2026-03-09 21:31:14.989 [http-nio-8080-exec-10] DEBUG c.m.m.AttractionMapper.selectList - ==>  Preparing: SELECT id,name,city,province,address,description,cover_image,images,price,season,rating,like_count,collect_count,comment_count,tags,status,create_time,update_time FROM attraction WHERE (status = ?) ORDER BY like_count DESC LIMIT 6
2026-03-09 21:31:14.989 [http-nio-8080-exec-7] DEBUG c.m.m.C.selectList - <==      Total: 1
2026-03-09 21:31:14.989 [http-nio-8080-exec-1] DEBUG c.m.mapper.NewsMapper.selectList - <==      Total: 6
2026-03-09 21:31:14.989 [http-nio-8080-exec-10] DEBUG c.m.m.AttractionMapper.selectList - ==> Parameters: 1(Integer)
2026-03-09 21:31:14.989 [http-nio-8080-exec-7] DEBUG c.m.m.C.selectList - ==>  Preparing: SELECT id,group_id,carousel_id,sort_order,is_active,created_at FROM carousel_group_items WHERE (group_id = ?) ORDER BY sort_order ASC
2026-03-09 21:31:14.989 [http-nio-8080-exec-4] DEBUG c.m.mapper.HotelMapper.selectList - <==      Total: 6
2026-03-09 21:31:14.989 [http-nio-8080-exec-6] DEBUG c.m.mapper.FoodMapper.selectList - <==      Total: 6
2026-03-09 21:31:14.989 [http-nio-8080-exec-7] DEBUG c.m.m.C.selectList - ==> Parameters: 1(Integer)
2026-03-09 21:31:14.991 [http-nio-8080-exec-10] DEBUG c.m.m.AttractionMapper.selectList - <==      Total: 6
2026-03-09 21:31:14.991 [http-nio-8080-exec-7] DEBUG c.m.m.C.selectList - <==      Total: 3
2026-03-09 21:31:14.992 [http-nio-8080-exec-7] DEBUG c.m.m.CarouselsMapper.selectList - ==>  Preparing: SELECT id,title,subtitle,image_url,mobile_image_url,thumbnail_url,link_type,link_url,link_target,target_id,button_text,button_color,text_color,text_shadow,overlay_color,overlay_opacity,position,device_type,user_type,start_time,end_time,is_always_show,click_count,impression_count,sort_order,is_active,is_deleted,remark,created_by,created_at,updated_at FROM carousels WHERE (id IN (?,?,?) AND is_active = ? AND (is_deleted = ? OR is_deleted IS NULL) AND (is_always_show = ? OR (start_time <= ? AND end_time >= ?)))
2026-03-09 21:31:14.992 [http-nio-8080-exec-7] DEBUG c.m.m.CarouselsMapper.selectList - ==> Parameters: 1(Integer), 2(Integer), 3(Integer), true(Boolean), false(Boolean), true(Boolean), 2026-03-09T21:31:14.991052500(LocalDateTime), 2026-03-09T21:31:14.991052500(LocalDateTime)
2026-03-09 21:31:14.995 [http-nio-8080-exec-7] DEBUG c.m.m.CarouselsMapper.selectList - <==      Total: 3
2026-03-09 21:31:15.302 [http-nio-8080-exec-1] DEBUG c.m.mapper.NewsMapper.selectList - ==>  Preparing: SELECT id,title,content,cover_image,source,view_count,like_count,collect_count,comment_count,status,create_time,update_time FROM news WHERE (status = ?) ORDER BY view_count DESC LIMIT 6
2026-03-09 21:31:15.303 [http-nio-8080-exec-1] DEBUG c.m.mapper.NewsMapper.selectList - ==> Parameters: 1(Integer)
2026-03-09 21:31:15.304 [http-nio-8080-exec-1] DEBUG c.m.mapper.NewsMapper.selectList - <==      Total: 6
2026-03-09 21:31:26.762 [http-nio-8080-exec-6] DEBUG c.m.m.C.selectList - ==>  Preparing: SELECT id,group_name,group_code,description,display_type,auto_play,auto_play_interval,animation_type,show_indicators,show_arrows,pause_on_hover,width,height,aspect_ratio,max_items,is_active,sort_order,created_at,updated_at FROM carousel_groups WHERE (group_code = ? AND is_active = ?)
2026-03-09 21:31:26.762 [http-nio-8080-exec-6] DEBUG c.m.m.C.selectList - ==> Parameters: home_top(String), true(Boolean)
2026-03-09 21:31:26.764 [http-nio-8080-exec-6] DEBUG c.m.m.C.selectList - <==      Total: 1
2026-03-09 21:31:26.764 [http-nio-8080-exec-6] DEBUG c.m.m.C.selectList - ==>  Preparing: SELECT id,group_id,carousel_id,sort_order,is_active,created_at FROM carousel_group_items WHERE (group_id = ?) ORDER BY sort_order ASC
2026-03-09 21:31:26.764 [http-nio-8080-exec-6] DEBUG c.m.m.C.selectList - ==> Parameters: 1(Integer)
2026-03-09 21:31:26.764 [http-nio-8080-exec-5] DEBUG c.m.m.A.selectList_mpCount - ==>  Preparing: SELECT COUNT(*) AS total FROM attraction
2026-03-09 21:31:26.764 [http-nio-8080-exec-5] DEBUG c.m.m.A.selectList_mpCount - ==> Parameters: 
2026-03-09 21:31:26.765 [http-nio-8080-exec-5] DEBUG c.m.m.A.selectList_mpCount - <==      Total: 1
2026-03-09 21:31:26.765 [http-nio-8080-exec-5] DEBUG c.m.m.AttractionMapper.selectList - ==>  Preparing: SELECT id,name,city,province,address,description,cover_image,images,price,season,rating,like_count,collect_count,comment_count,tags,status,create_time,update_time FROM attraction ORDER BY create_time DESC LIMIT ?
2026-03-09 21:31:26.765 [http-nio-8080-exec-6] DEBUG c.m.m.C.selectList - <==      Total: 3
2026-03-09 21:31:26.765 [http-nio-8080-exec-5] DEBUG c.m.m.AttractionMapper.selectList - ==> Parameters: 10(Long)
2026-03-09 21:31:26.765 [http-nio-8080-exec-6] DEBUG c.m.m.CarouselsMapper.selectList - ==>  Preparing: SELECT id,title,subtitle,image_url,mobile_image_url,thumbnail_url,link_type,link_url,link_target,target_id,button_text,button_color,text_color,text_shadow,overlay_color,overlay_opacity,position,device_type,user_type,start_time,end_time,is_always_show,click_count,impression_count,sort_order,is_active,is_deleted,remark,created_by,created_at,updated_at FROM carousels WHERE (id IN (?,?,?) AND is_active = ? AND (is_deleted = ? OR is_deleted IS NULL) AND (is_always_show = ? OR (start_time <= ? AND end_time >= ?)))
2026-03-09 21:31:26.765 [http-nio-8080-exec-6] DEBUG c.m.m.CarouselsMapper.selectList - ==> Parameters: 1(Integer), 2(Integer), 3(Integer), true(Boolean), false(Boolean), true(Boolean), 2026-03-09T21:31:26.765965800(LocalDateTime), 2026-03-09T21:31:26.765965800(LocalDateTime)
2026-03-09 21:31:26.767 [http-nio-8080-exec-5] DEBUG c.m.m.AttractionMapper.selectList - <==      Total: 10
2026-03-09 21:31:26.767 [http-nio-8080-exec-6] DEBUG c.m.m.CarouselsMapper.selectList - <==      Total: 3
2026-03-09 21:31:31.886 [http-nio-8080-exec-2] DEBUG c.m.m.HotelMapper.selectList_mpCount - ==>  Preparing: SELECT COUNT(*) AS total FROM hotel
2026-03-09 21:31:31.886 [http-nio-8080-exec-2] DEBUG c.m.m.HotelMapper.selectList_mpCount - ==> Parameters: 
2026-03-09 21:31:31.886 [http-nio-8080-exec-2] DEBUG c.m.m.HotelMapper.selectList_mpCount - <==      Total: 1
2026-03-09 21:31:31.887 [http-nio-8080-exec-2] DEBUG c.m.mapper.HotelMapper.selectList - ==>  Preparing: SELECT id,name,city,province,address,description,cover_image,images,price,star_level,rating,like_count,collect_count,comment_count,facilities,status,create_time,update_time FROM hotel ORDER BY create_time DESC LIMIT ?
2026-03-09 21:31:31.887 [http-nio-8080-exec-2] DEBUG c.m.mapper.HotelMapper.selectList - ==> Parameters: 10(Long)
2026-03-09 21:31:31.889 [http-nio-8080-exec-2] DEBUG c.m.mapper.HotelMapper.selectList - <==      Total: 10
2026-03-09 21:31:32.197 [http-nio-8080-exec-8] DEBUG c.m.m.C.selectList - ==>  Preparing: SELECT id,group_name,group_code,description,display_type,auto_play,auto_play_interval,animation_type,show_indicators,show_arrows,pause_on_hover,width,height,aspect_ratio,max_items,is_active,sort_order,created_at,updated_at FROM carousel_groups WHERE (group_code = ? AND is_active = ?)
2026-03-09 21:31:32.197 [http-nio-8080-exec-8] DEBUG c.m.m.C.selectList - ==> Parameters: home_top(String), true(Boolean)
2026-03-09 21:31:32.199 [http-nio-8080-exec-8] DEBUG c.m.m.C.selectList - <==      Total: 1
2026-03-09 21:31:32.200 [http-nio-8080-exec-8] DEBUG c.m.m.C.selectList - ==>  Preparing: SELECT id,group_id,carousel_id,sort_order,is_active,created_at FROM carousel_group_items WHERE (group_id = ?) ORDER BY sort_order ASC
2026-03-09 21:31:32.200 [http-nio-8080-exec-8] DEBUG c.m.m.C.selectList - ==> Parameters: 1(Integer)
2026-03-09 21:31:32.202 [http-nio-8080-exec-8] DEBUG c.m.m.C.selectList - <==      Total: 3
2026-03-09 21:31:32.202 [http-nio-8080-exec-8] DEBUG c.m.m.CarouselsMapper.selectList - ==>  Preparing: SELECT id,title,subtitle,image_url,mobile_image_url,thumbnail_url,link_type,link_url,link_target,target_id,button_text,button_color,text_color,text_shadow,overlay_color,overlay_opacity,position,device_type,user_type,start_time,end_time,is_always_show,click_count,impression_count,sort_order,is_active,is_deleted,remark,created_by,created_at,updated_at FROM carousels WHERE (id IN (?,?,?) AND is_active = ? AND (is_deleted = ? OR is_deleted IS NULL) AND (is_always_show = ? OR (start_time <= ? AND end_time >= ?)))
2026-03-09 21:31:32.204 [http-nio-8080-exec-8] DEBUG c.m.m.CarouselsMapper.selectList - ==> Parameters: 1(Integer), 2(Integer), 3(Integer), true(Boolean), false(Boolean), true(Boolean), 2026-03-09T21:31:32.202497200(LocalDateTime), 2026-03-09T21:31:32.202497200(LocalDateTime)
2026-03-09 21:31:32.205 [http-nio-8080-exec-8] DEBUG c.m.m.CarouselsMapper.selectList - <==      Total: 3
2026-03-09 21:31:33.143 [http-nio-8080-exec-4] DEBUG c.m.m.C.selectList - ==>  Preparing: SELECT id,group_name,group_code,description,display_type,auto_play,auto_play_interval,animation_type,show_indicators,show_arrows,pause_on_hover,width,height,aspect_ratio,max_items,is_active,sort_order,created_at,updated_at FROM carousel_groups WHERE (group_code = ? AND is_active = ?)
2026-03-09 21:31:33.143 [http-nio-8080-exec-4] DEBUG c.m.m.C.selectList - ==> Parameters: home_top(String), true(Boolean)
2026-03-09 21:31:33.143 [http-nio-8080-exec-5] DEBUG c.m.m.A.selectList_mpCount - ==>  Preparing: SELECT COUNT(*) AS total FROM attraction
2026-03-09 21:31:33.143 [http-nio-8080-exec-5] DEBUG c.m.m.A.selectList_mpCount - ==> Parameters: 
2026-03-09 21:31:33.143 [http-nio-8080-exec-4] DEBUG c.m.m.C.selectList - <==      Total: 1
2026-03-09 21:31:33.144 [http-nio-8080-exec-5] DEBUG c.m.m.A.selectList_mpCount - <==      Total: 1
2026-03-09 21:31:33.144 [http-nio-8080-exec-4] DEBUG c.m.m.C.selectList - ==>  Preparing: SELECT id,group_id,carousel_id,sort_order,is_active,created_at FROM carousel_group_items WHERE (group_id = ?) ORDER BY sort_order ASC
2026-03-09 21:31:33.144 [http-nio-8080-exec-5] DEBUG c.m.m.AttractionMapper.selectList - ==>  Preparing: SELECT id,name,city,province,address,description,cover_image,images,price,season,rating,like_count,collect_count,comment_count,tags,status,create_time,update_time FROM attraction ORDER BY create_time DESC LIMIT ?
2026-03-09 21:31:33.144 [http-nio-8080-exec-4] DEBUG c.m.m.C.selectList - ==> Parameters: 1(Integer)
2026-03-09 21:31:33.144 [http-nio-8080-exec-5] DEBUG c.m.m.AttractionMapper.selectList - ==> Parameters: 10(Long)
2026-03-09 21:31:33.146 [http-nio-8080-exec-4] DEBUG c.m.m.C.selectList - <==      Total: 3
2026-03-09 21:31:33.146 [http-nio-8080-exec-5] DEBUG c.m.m.AttractionMapper.selectList - <==      Total: 10
2026-03-09 21:31:33.146 [http-nio-8080-exec-4] DEBUG c.m.m.CarouselsMapper.selectList - ==>  Preparing: SELECT id,title,subtitle,image_url,mobile_image_url,thumbnail_url,link_type,link_url,link_target,target_id,button_text,button_color,text_color,text_shadow,overlay_color,overlay_opacity,position,device_type,user_type,start_time,end_time,is_always_show,click_count,impression_count,sort_order,is_active,is_deleted,remark,created_by,created_at,updated_at FROM carousels WHERE (id IN (?,?,?) AND is_active = ? AND (is_deleted = ? OR is_deleted IS NULL) AND (is_always_show = ? OR (start_time <= ? AND end_time >= ?)))
2026-03-09 21:31:33.147 [http-nio-8080-exec-4] DEBUG c.m.m.CarouselsMapper.selectList - ==> Parameters: 1(Integer), 2(Integer), 3(Integer), true(Boolean), false(Boolean), true(Boolean), 2026-03-09T21:31:33.146147800(LocalDateTime), 2026-03-09T21:31:33.146147800(LocalDateTime)
2026-03-09 21:31:33.149 [http-nio-8080-exec-4] DEBUG c.m.m.CarouselsMapper.selectList - <==      Total: 3
2026-03-09 21:31:44.394 [http-nio-8080-exec-3] DEBUG c.m.m.A.selectList_mpCount - ==>  Preparing: SELECT COUNT(*) AS total FROM attraction WHERE (name LIKE ? OR city LIKE ?)
2026-03-09 21:31:44.394 [http-nio-8080-exec-3] DEBUG c.m.m.A.selectList_mpCount - ==> Parameters: %%(String), %%(String)
2026-03-09 21:31:44.396 [http-nio-8080-exec-3] DEBUG c.m.m.A.selectList_mpCount - <==      Total: 1
2026-03-09 21:31:44.396 [http-nio-8080-exec-3] DEBUG c.m.m.AttractionMapper.selectList - ==>  Preparing: SELECT id,name,city,province,address,description,cover_image,images,price,season,rating,like_count,collect_count,comment_count,tags,status,create_time,update_time FROM attraction WHERE (name LIKE ? OR city LIKE ?) ORDER BY create_time DESC LIMIT ?
2026-03-09 21:31:44.396 [http-nio-8080-exec-3] DEBUG c.m.m.AttractionMapper.selectList - ==> Parameters: %%(String), %%(String), 10(Long)
2026-03-09 21:31:44.397 [http-nio-8080-exec-3] DEBUG c.m.m.AttractionMapper.selectList - <==      Total: 10
2026-03-09 21:46:07.730 [http-nio-8080-exec-5] DEBUG c.m.mapper.UserMapper.selectById - ==>  Preparing: SELECT id,account,username,password,email,phone,avatar,gender,age,occupation,hobbies,bio,online,status,create_time,update_time FROM user WHERE id=?
2026-03-09 21:46:07.730 [http-nio-8080-exec-2] DEBUG c.m.m.AttractionMapper.selectList - ==>  Preparing: SELECT id,name,city,province,address,description,cover_image,images,price,season,rating,like_count,collect_count,comment_count,tags,status,create_time,update_time FROM attraction WHERE (status = ?) ORDER BY like_count DESC LIMIT 6
2026-03-09 21:46:07.730 [http-nio-8080-exec-3] DEBUG c.m.m.C.selectList - ==>  Preparing: SELECT id,group_name,group_code,description,display_type,auto_play,auto_play_interval,animation_type,show_indicators,show_arrows,pause_on_hover,width,height,aspect_ratio,max_items,is_active,sort_order,created_at,updated_at FROM carousel_groups WHERE (group_code = ? AND is_active = ?)
2026-03-09 21:46:07.730 [http-nio-8080-exec-4] DEBUG c.m.mapper.NewsMapper.selectList - ==>  Preparing: SELECT id,title,content,cover_image,source,view_count,like_count,collect_count,comment_count,status,create_time,update_time FROM news WHERE (status = ?) ORDER BY view_count DESC LIMIT 6
2026-03-09 21:46:07.730 [http-nio-8080-exec-7] DEBUG c.m.mapper.HotelMapper.selectList - ==>  Preparing: SELECT id,name,city,province,address,description,cover_image,images,price,star_level,rating,like_count,collect_count,comment_count,facilities,status,create_time,update_time FROM hotel WHERE (status = ?) ORDER BY rating DESC LIMIT 6
2026-03-09 21:46:07.730 [http-nio-8080-exec-5] DEBUG c.m.mapper.UserMapper.selectById - ==> Parameters: 15(Long)
2026-03-09 21:46:07.730 [http-nio-8080-exec-4] DEBUG c.m.mapper.NewsMapper.selectList - ==> Parameters: 1(Integer)
2026-03-09 21:46:07.730 [http-nio-8080-exec-2] DEBUG c.m.m.AttractionMapper.selectList - ==> Parameters: 1(Integer)
2026-03-09 21:46:07.730 [http-nio-8080-exec-7] DEBUG c.m.mapper.HotelMapper.selectList - ==> Parameters: 1(Integer)
2026-03-09 21:46:07.730 [http-nio-8080-exec-3] DEBUG c.m.m.C.selectList - ==> Parameters: home_top(String), true(Boolean)
2026-03-09 21:46:07.731 [http-nio-8080-exec-5] DEBUG c.m.mapper.UserMapper.selectById - <==      Total: 1
2026-03-09 21:46:07.731 [http-nio-8080-exec-3] DEBUG c.m.m.C.selectList - <==      Total: 1
2026-03-09 21:46:07.731 [http-nio-8080-exec-4] DEBUG c.m.mapper.NewsMapper.selectList - <==      Total: 6
2026-03-09 21:46:07.731 [http-nio-8080-exec-7] DEBUG c.m.mapper.HotelMapper.selectList - <==      Total: 6
2026-03-09 21:46:07.731 [http-nio-8080-exec-2] DEBUG c.m.m.AttractionMapper.selectList - <==      Total: 6
2026-03-09 21:46:07.731 [http-nio-8080-exec-10] DEBUG c.m.mapper.FoodMapper.selectList - ==>  Preparing: SELECT id,name,city,province,address,description,cover_image,images,price,cuisine_type,rating,like_count,collect_count,comment_count,tags,status,create_time,update_time FROM food WHERE (status = ?) ORDER BY like_count DESC LIMIT 6
2026-03-09 21:46:07.733 [http-nio-8080-exec-3] DEBUG c.m.m.C.selectList - ==>  Preparing: SELECT id,group_id,carousel_id,sort_order,is_active,created_at FROM carousel_group_items WHERE (group_id = ?) ORDER BY sort_order ASC
2026-03-09 21:46:07.733 [http-nio-8080-exec-3] DEBUG c.m.m.C.selectList - ==> Parameters: 1(Integer)
2026-03-09 21:46:07.733 [http-nio-8080-exec-10] DEBUG c.m.mapper.FoodMapper.selectList - ==> Parameters: 1(Integer)
2026-03-09 21:46:07.735 [http-nio-8080-exec-3] DEBUG c.m.m.C.selectList - <==      Total: 3
2026-03-09 21:46:07.735 [http-nio-8080-exec-10] DEBUG c.m.mapper.FoodMapper.selectList - <==      Total: 6
2026-03-09 21:46:07.735 [http-nio-8080-exec-3] DEBUG c.m.m.CarouselsMapper.selectList - ==>  Preparing: SELECT id,title,subtitle,image_url,mobile_image_url,thumbnail_url,link_type,link_url,link_target,target_id,button_text,button_color,text_color,text_shadow,overlay_color,overlay_opacity,position,device_type,user_type,start_time,end_time,is_always_show,click_count,impression_count,sort_order,is_active,is_deleted,remark,created_by,created_at,updated_at FROM carousels WHERE (id IN (?,?,?) AND is_active = ? AND (is_deleted = ? OR is_deleted IS NULL) AND (is_always_show = ? OR (start_time <= ? AND end_time >= ?)))
2026-03-09 21:46:07.736 [http-nio-8080-exec-3] DEBUG c.m.m.CarouselsMapper.selectList - ==> Parameters: 1(Integer), 2(Integer), 3(Integer), true(Boolean), false(Boolean), true(Boolean), 2026-03-09T21:46:07.735187100(LocalDateTime), 2026-03-09T21:46:07.735187100(LocalDateTime)
2026-03-09 21:46:07.738 [http-nio-8080-exec-3] DEBUG c.m.m.CarouselsMapper.selectList - <==      Total: 3
2026-03-09 21:51:25.571 [http-nio-8080-exec-10] DEBUG c.m.mapper.HotelMapper.selectList - ==>  Preparing: SELECT id,name,city,province,address,description,cover_image,images,price,star_level,rating,like_count,collect_count,comment_count,facilities,status,create_time,update_time FROM hotel WHERE (status = ?) ORDER BY rating DESC LIMIT 6
2026-03-09 21:51:25.571 [http-nio-8080-exec-2] DEBUG c.m.mapper.NewsMapper.selectList - ==>  Preparing: SELECT id,title,content,cover_image,source,view_count,like_count,collect_count,comment_count,status,create_time,update_time FROM news WHERE (status = ?) ORDER BY view_count DESC LIMIT 6
2026-03-09 21:51:25.571 [http-nio-8080-exec-2] DEBUG c.m.mapper.NewsMapper.selectList - ==> Parameters: 1(Integer)
2026-03-09 21:51:25.571 [http-nio-8080-exec-10] DEBUG c.m.mapper.HotelMapper.selectList - ==> Parameters: 1(Integer)
2026-03-09 21:51:25.573 [http-nio-8080-exec-10] DEBUG c.m.mapper.HotelMapper.selectList - <==      Total: 6
2026-03-09 21:51:25.573 [http-nio-8080-exec-2] DEBUG c.m.mapper.NewsMapper.selectList - <==      Total: 6
2026-03-09 21:51:25.591 [http-nio-8080-exec-3] DEBUG c.m.mapper.FoodMapper.selectList - ==>  Preparing: SELECT id,name,city,province,address,description,cover_image,images,price,cuisine_type,rating,like_count,collect_count,comment_count,tags,status,create_time,update_time FROM food WHERE (status = ?) ORDER BY like_count DESC LIMIT 6
2026-03-09 21:51:25.591 [http-nio-8080-exec-8] DEBUG c.m.m.AttractionMapper.selectList - ==>  Preparing: SELECT id,name,city,province,address,description,cover_image,images,price,season,rating,like_count,collect_count,comment_count,tags,status,create_time,update_time FROM attraction WHERE (status = ?) ORDER BY like_count DESC LIMIT 6
2026-03-09 21:51:25.591 [http-nio-8080-exec-8] DEBUG c.m.m.AttractionMapper.selectList - ==> Parameters: 1(Integer)
2026-03-09 21:51:25.591 [http-nio-8080-exec-3] DEBUG c.m.mapper.FoodMapper.selectList - ==> Parameters: 1(Integer)
2026-03-09 21:51:25.592 [http-nio-8080-exec-8] DEBUG c.m.m.AttractionMapper.selectList - <==      Total: 6
2026-03-09 21:51:25.592 [http-nio-8080-exec-3] DEBUG c.m.mapper.FoodMapper.selectList - <==      Total: 6
2026-03-09 21:51:25.599 [http-nio-8080-exec-1] DEBUG c.m.m.C.selectList - ==>  Preparing: SELECT id,group_name,group_code,description,display_type,auto_play,auto_play_interval,animation_type,show_indicators,show_arrows,pause_on_hover,width,height,aspect_ratio,max_items,is_active,sort_order,created_at,updated_at FROM carousel_groups WHERE (group_code = ? AND is_active = ?)
2026-03-09 21:51:25.599 [http-nio-8080-exec-1] DEBUG c.m.m.C.selectList - ==> Parameters: home_top(String), true(Boolean)
2026-03-09 21:51:25.601 [http-nio-8080-exec-1] DEBUG c.m.m.C.selectList - <==      Total: 1
2026-03-09 21:51:25.601 [http-nio-8080-exec-1] DEBUG c.m.m.C.selectList - ==>  Preparing: SELECT id,group_id,carousel_id,sort_order,is_active,created_at FROM carousel_group_items WHERE (group_id = ?) ORDER BY sort_order ASC
2026-03-09 21:51:25.601 [http-nio-8080-exec-1] DEBUG c.m.m.C.selectList - ==> Parameters: 1(Integer)
2026-03-09 21:51:25.602 [http-nio-8080-exec-1] DEBUG c.m.m.C.selectList - <==      Total: 3
2026-03-09 21:51:25.603 [http-nio-8080-exec-1] DEBUG c.m.m.CarouselsMapper.selectList - ==>  Preparing: SELECT id,title,subtitle,image_url,mobile_image_url,thumbnail_url,link_type,link_url,link_target,target_id,button_text,button_color,text_color,text_shadow,overlay_color,overlay_opacity,position,device_type,user_type,start_time,end_time,is_always_show,click_count,impression_count,sort_order,is_active,is_deleted,remark,created_by,created_at,updated_at FROM carousels WHERE (id IN (?,?,?) AND is_active = ? AND (is_deleted = ? OR is_deleted IS NULL) AND (is_always_show = ? OR (start_time <= ? AND end_time >= ?)))
2026-03-09 21:51:25.603 [http-nio-8080-exec-1] DEBUG c.m.m.CarouselsMapper.selectList - ==> Parameters: 1(Integer), 2(Integer), 3(Integer), true(Boolean), false(Boolean), true(Boolean), 2026-03-09T21:51:25.602737700(LocalDateTime), 2026-03-09T21:51:25.602737700(LocalDateTime)
2026-03-09 21:51:25.604 [http-nio-8080-exec-1] DEBUG c.m.m.CarouselsMapper.selectList - <==      Total: 3
2026-03-09 21:51:25.894 [http-nio-8080-exec-4] DEBUG c.m.mapper.NewsMapper.selectList - ==>  Preparing: SELECT id,title,content,cover_image,source,view_count,like_count,collect_count,comment_count,status,create_time,update_time FROM news WHERE (status = ?) ORDER BY view_count DESC LIMIT 6
2026-03-09 21:51:25.894 [http-nio-8080-exec-4] DEBUG c.m.mapper.NewsMapper.selectList - ==> Parameters: 1(Integer)
2026-03-09 21:51:25.895 [http-nio-8080-exec-4] DEBUG c.m.mapper.NewsMapper.selectList - <==      Total: 6
2026-03-09 22:02:54.637 [http-nio-8080-exec-8] DEBUG c.m.mapper.HotelMapper.selectList - ==>  Preparing: SELECT id,name,city,province,address,description,cover_image,images,price,star_level,rating,like_count,collect_count,comment_count,facilities,status,create_time,update_time FROM hotel WHERE (status = ?) ORDER BY rating DESC LIMIT 6
2026-03-09 22:02:54.637 [http-nio-8080-exec-9] DEBUG c.m.m.AttractionMapper.selectList - ==>  Preparing: SELECT id,name,city,province,address,description,cover_image,images,price,season,rating,like_count,collect_count,comment_count,tags,status,create_time,update_time FROM attraction WHERE (status = ?) ORDER BY like_count DESC LIMIT 6
2026-03-09 22:02:54.637 [http-nio-8080-exec-3] DEBUG c.m.mapper.NewsMapper.selectList - ==>  Preparing: SELECT id,title,content,cover_image,source,view_count,like_count,collect_count,comment_count,status,create_time,update_time FROM news WHERE (status = ?) ORDER BY view_count DESC LIMIT 6
2026-03-09 22:02:54.637 [http-nio-8080-exec-1] DEBUG c.m.mapper.FoodMapper.selectList - ==>  Preparing: SELECT id,name,city,province,address,description,cover_image,images,price,cuisine_type,rating,like_count,collect_count,comment_count,tags,status,create_time,update_time FROM food WHERE (status = ?) ORDER BY like_count DESC LIMIT 6
2026-03-09 22:02:54.638 [http-nio-8080-exec-3] DEBUG c.m.mapper.NewsMapper.selectList - ==> Parameters: 1(Integer)
2026-03-09 22:02:54.638 [http-nio-8080-exec-8] DEBUG c.m.mapper.HotelMapper.selectList - ==> Parameters: 1(Integer)
2026-03-09 22:02:54.638 [http-nio-8080-exec-1] DEBUG c.m.mapper.FoodMapper.selectList - ==> Parameters: 1(Integer)
2026-03-09 22:02:54.638 [http-nio-8080-exec-9] DEBUG c.m.m.AttractionMapper.selectList - ==> Parameters: 1(Integer)
2026-03-09 22:02:54.638 [http-nio-8080-exec-3] DEBUG c.m.mapper.NewsMapper.selectList - <==      Total: 6
2026-03-09 22:02:54.638 [http-nio-8080-exec-9] DEBUG c.m.m.AttractionMapper.selectList - <==      Total: 6
2026-03-09 22:02:54.638 [http-nio-8080-exec-1] DEBUG c.m.mapper.FoodMapper.selectList - <==      Total: 6
2026-03-09 22:02:54.638 [http-nio-8080-exec-8] DEBUG c.m.mapper.HotelMapper.selectList - <==      Total: 6
2026-03-09 22:02:54.640 [http-nio-8080-exec-7] DEBUG c.m.m.C.selectList - ==>  Preparing: SELECT id,group_name,group_code,description,display_type,auto_play,auto_play_interval,animation_type,show_indicators,show_arrows,pause_on_hover,width,height,aspect_ratio,max_items,is_active,sort_order,created_at,updated_at FROM carousel_groups WHERE (group_code = ? AND is_active = ?)
2026-03-09 22:02:54.640 [http-nio-8080-exec-7] DEBUG c.m.m.C.selectList - ==> Parameters: home_top(String), true(Boolean)
2026-03-09 22:02:54.641 [http-nio-8080-exec-7] DEBUG c.m.m.C.selectList - <==      Total: 1
2026-03-09 22:02:54.641 [http-nio-8080-exec-7] DEBUG c.m.m.C.selectList - ==>  Preparing: SELECT id,group_id,carousel_id,sort_order,is_active,created_at FROM carousel_group_items WHERE (group_id = ?) ORDER BY sort_order ASC
2026-03-09 22:02:54.641 [http-nio-8080-exec-7] DEBUG c.m.m.C.selectList - ==> Parameters: 1(Integer)
2026-03-09 22:02:54.643 [http-nio-8080-exec-7] DEBUG c.m.m.C.selectList - <==      Total: 3
2026-03-09 22:02:54.643 [http-nio-8080-exec-7] DEBUG c.m.m.CarouselsMapper.selectList - ==>  Preparing: SELECT id,title,subtitle,image_url,mobile_image_url,thumbnail_url,link_type,link_url,link_target,target_id,button_text,button_color,text_color,text_shadow,overlay_color,overlay_opacity,position,device_type,user_type,start_time,end_time,is_always_show,click_count,impression_count,sort_order,is_active,is_deleted,remark,created_by,created_at,updated_at FROM carousels WHERE (id IN (?,?,?) AND is_active = ? AND (is_deleted = ? OR is_deleted IS NULL) AND (is_always_show = ? OR (start_time <= ? AND end_time >= ?)))
2026-03-09 22:02:54.644 [http-nio-8080-exec-7] DEBUG c.m.m.CarouselsMapper.selectList - ==> Parameters: 1(Integer), 2(Integer), 3(Integer), true(Boolean), false(Boolean), true(Boolean), 2026-03-09T22:02:54.643608900(LocalDateTime), 2026-03-09T22:02:54.643608900(LocalDateTime)
2026-03-09 22:02:54.646 [http-nio-8080-exec-6] DEBUG c.m.mapper.NewsMapper.selectList - ==>  Preparing: SELECT id,title,content,cover_image,source,view_count,like_count,collect_count,comment_count,status,create_time,update_time FROM news WHERE (status = ?) ORDER BY view_count DESC LIMIT 6
2026-03-09 22:02:54.646 [http-nio-8080-exec-6] DEBUG c.m.mapper.NewsMapper.selectList - ==> Parameters: 1(Integer)
2026-03-09 22:02:54.646 [http-nio-8080-exec-7] DEBUG c.m.m.CarouselsMapper.selectList - <==      Total: 3
2026-03-09 22:02:54.646 [http-nio-8080-exec-6] DEBUG c.m.mapper.NewsMapper.selectList - <==      Total: 6
2026-03-09 22:35:13.281 [http-nio-8080-exec-9] DEBUG c.m.m.NewsMapper.selectList_mpCount - ==>  Preparing: SELECT COUNT(*) AS total FROM news WHERE (status = ?)
2026-03-09 22:35:13.281 [http-nio-8080-exec-9] DEBUG c.m.m.NewsMapper.selectList_mpCount - ==> Parameters: 1(Integer)
2026-03-09 22:35:13.281 [http-nio-8080-exec-9] DEBUG c.m.m.NewsMapper.selectList_mpCount - <==      Total: 1
2026-03-09 22:35:13.283 [http-nio-8080-exec-9] DEBUG c.m.mapper.NewsMapper.selectList - ==>  Preparing: SELECT id,title,content,cover_image,source,view_count,like_count,collect_count,comment_count,status,create_time,update_time FROM news WHERE (status = ?) ORDER BY create_time DESC LIMIT ?
2026-03-09 22:35:13.283 [http-nio-8080-exec-9] DEBUG c.m.mapper.NewsMapper.selectList - ==> Parameters: 1(Integer), 10(Long)
2026-03-09 22:35:13.284 [http-nio-8080-exec-9] DEBUG c.m.mapper.NewsMapper.selectList - <==      Total: 10
2026-03-09 22:35:14.045 [http-nio-8080-exec-6] DEBUG c.m.m.A.selectList_mpCount - ==>  Preparing: SELECT COUNT(*) AS total FROM attraction WHERE (name LIKE ? OR city LIKE ?)
2026-03-09 22:35:14.045 [http-nio-8080-exec-6] DEBUG c.m.m.A.selectList_mpCount - ==> Parameters: %%(String), %%(String)
2026-03-09 22:35:14.046 [http-nio-8080-exec-6] DEBUG c.m.m.A.selectList_mpCount - <==      Total: 1
2026-03-09 22:35:14.046 [http-nio-8080-exec-6] DEBUG c.m.m.AttractionMapper.selectList - ==>  Preparing: SELECT id,name,city,province,address,description,cover_image,images,price,season,rating,like_count,collect_count,comment_count,tags,status,create_time,update_time FROM attraction WHERE (name LIKE ? OR city LIKE ?) ORDER BY create_time DESC LIMIT ?
2026-03-09 22:35:14.046 [http-nio-8080-exec-6] DEBUG c.m.m.AttractionMapper.selectList - ==> Parameters: %%(String), %%(String), 10(Long)
2026-03-09 22:35:14.048 [http-nio-8080-exec-6] DEBUG c.m.m.AttractionMapper.selectList - <==      Total: 10
2026-03-09 22:59:34.294 [http-nio-8080-exec-2] DEBUG c.m.mapper.UserMapper.selectById - ==>  Preparing: SELECT id,account,username,password,email,phone,avatar,gender,age,occupation,hobbies,bio,online,status,create_time,update_time FROM user WHERE id=?
2026-03-09 22:59:34.295 [http-nio-8080-exec-3] DEBUG c.m.m.C.selectList - ==>  Preparing: SELECT id,group_name,group_code,description,display_type,auto_play,auto_play_interval,animation_type,show_indicators,show_arrows,pause_on_hover,width,height,aspect_ratio,max_items,is_active,sort_order,created_at,updated_at FROM carousel_groups WHERE (group_code = ? AND is_active = ?)
2026-03-09 22:59:34.295 [http-nio-8080-exec-8] DEBUG c.m.m.AttractionMapper.selectList - ==>  Preparing: SELECT id,name,city,province,address,description,cover_image,images,price,season,rating,like_count,collect_count,comment_count,tags,status,create_time,update_time FROM attraction WHERE (status = ?) ORDER BY like_count DESC LIMIT 6
2026-03-09 22:59:34.295 [http-nio-8080-exec-5] DEBUG c.m.mapper.NewsMapper.selectList - ==>  Preparing: SELECT id,title,content,cover_image,source,view_count,like_count,collect_count,comment_count,status,create_time,update_time FROM news WHERE (status = ?) ORDER BY view_count DESC LIMIT 6
2026-03-09 22:59:34.295 [http-nio-8080-exec-2] DEBUG c.m.mapper.UserMapper.selectById - ==> Parameters: 15(Long)
2026-03-09 22:59:34.295 [http-nio-8080-exec-8] DEBUG c.m.m.AttractionMapper.selectList - ==> Parameters: 1(Integer)
2026-03-09 22:59:34.295 [http-nio-8080-exec-3] DEBUG c.m.m.C.selectList - ==> Parameters: home_top(String), true(Boolean)
2026-03-09 22:59:34.295 [http-nio-8080-exec-5] DEBUG c.m.mapper.NewsMapper.selectList - ==> Parameters: 1(Integer)
2026-03-09 22:59:34.295 [http-nio-8080-exec-1] DEBUG c.m.mapper.FoodMapper.selectList - ==>  Preparing: SELECT id,name,city,province,address,description,cover_image,images,price,cuisine_type,rating,like_count,collect_count,comment_count,tags,status,create_time,update_time FROM food WHERE (status = ?) ORDER BY like_count DESC LIMIT 6
2026-03-09 22:59:34.295 [http-nio-8080-exec-1] DEBUG c.m.mapper.FoodMapper.selectList - ==> Parameters: 1(Integer)
2026-03-09 22:59:34.296 [http-nio-8080-exec-2] DEBUG c.m.mapper.UserMapper.selectById - <==      Total: 1
2026-03-09 22:59:34.296 [http-nio-8080-exec-5] DEBUG c.m.mapper.NewsMapper.selectList - <==      Total: 6
2026-03-09 22:59:34.296 [http-nio-8080-exec-3] DEBUG c.m.m.C.selectList - <==      Total: 1
2026-03-09 22:59:34.296 [http-nio-8080-exec-8] DEBUG c.m.m.AttractionMapper.selectList - <==      Total: 6
2026-03-09 22:59:34.296 [http-nio-8080-exec-10] DEBUG c.m.mapper.HotelMapper.selectList - ==>  Preparing: SELECT id,name,city,province,address,description,cover_image,images,price,star_level,rating,like_count,collect_count,comment_count,facilities,status,create_time,update_time FROM hotel WHERE (status = ?) ORDER BY rating DESC LIMIT 6
2026-03-09 22:59:34.296 [http-nio-8080-exec-10] DEBUG c.m.mapper.HotelMapper.selectList - ==> Parameters: 1(Integer)
2026-03-09 22:59:34.296 [http-nio-8080-exec-1] DEBUG c.m.mapper.FoodMapper.selectList - <==      Total: 6
2026-03-09 22:59:34.297 [http-nio-8080-exec-3] DEBUG c.m.m.C.selectList - ==>  Preparing: SELECT id,group_id,carousel_id,sort_order,is_active,created_at FROM carousel_group_items WHERE (group_id = ?) ORDER BY sort_order ASC
2026-03-09 22:59:34.297 [http-nio-8080-exec-3] DEBUG c.m.m.C.selectList - ==> Parameters: 1(Integer)
2026-03-09 22:59:34.297 [http-nio-8080-exec-10] DEBUG c.m.mapper.HotelMapper.selectList - <==      Total: 6
2026-03-09 22:59:34.297 [http-nio-8080-exec-3] DEBUG c.m.m.C.selectList - <==      Total: 3
2026-03-09 22:59:34.300 [http-nio-8080-exec-3] DEBUG c.m.m.CarouselsMapper.selectList - ==>  Preparing: SELECT id,title,subtitle,image_url,mobile_image_url,thumbnail_url,link_type,link_url,link_target,target_id,button_text,button_color,text_color,text_shadow,overlay_color,overlay_opacity,position,device_type,user_type,start_time,end_time,is_always_show,click_count,impression_count,sort_order,is_active,is_deleted,remark,created_by,created_at,updated_at FROM carousels WHERE (id IN (?,?,?) AND is_active = ? AND (is_deleted = ? OR is_deleted IS NULL) AND (is_always_show = ? OR (start_time <= ? AND end_time >= ?)))
2026-03-09 22:59:34.300 [http-nio-8080-exec-3] DEBUG c.m.m.CarouselsMapper.selectList - ==> Parameters: 1(Integer), 2(Integer), 3(Integer), true(Boolean), false(Boolean), true(Boolean), 2026-03-09T22:59:34.299018900(LocalDateTime), 2026-03-09T22:59:34.299018900(LocalDateTime)
2026-03-09 22:59:34.302 [http-nio-8080-exec-3] DEBUG c.m.m.CarouselsMapper.selectList - <==      Total: 3
2026-03-09 22:59:34.607 [http-nio-8080-exec-5] DEBUG c.m.mapper.NewsMapper.selectList - ==>  Preparing: SELECT id,title,content,cover_image,source,view_count,like_count,collect_count,comment_count,status,create_time,update_time FROM news WHERE (status = ?) ORDER BY view_count DESC LIMIT 6
2026-03-09 22:59:34.607 [http-nio-8080-exec-5] DEBUG c.m.mapper.NewsMapper.selectList - ==> Parameters: 1(Integer)
2026-03-09 22:59:34.608 [http-nio-8080-exec-5] DEBUG c.m.mapper.NewsMapper.selectList - <==      Total: 6
2026-03-09 22:59:38.152 [http-nio-8080-exec-2] DEBUG c.m.m.NewsMapper.selectList_mpCount - ==>  Preparing: SELECT COUNT(*) AS total FROM news WHERE (status = ?)
2026-03-09 22:59:38.152 [http-nio-8080-exec-2] DEBUG c.m.m.NewsMapper.selectList_mpCount - ==> Parameters: 1(Integer)
2026-03-09 22:59:38.154 [http-nio-8080-exec-2] DEBUG c.m.m.NewsMapper.selectList_mpCount - <==      Total: 1
2026-03-09 22:59:38.154 [http-nio-8080-exec-2] DEBUG c.m.mapper.NewsMapper.selectList - ==>  Preparing: SELECT id,title,content,cover_image,source,view_count,like_count,collect_count,comment_count,status,create_time,update_time FROM news WHERE (status = ?) ORDER BY create_time DESC LIMIT ?
2026-03-09 22:59:38.154 [http-nio-8080-exec-2] DEBUG c.m.mapper.NewsMapper.selectList - ==> Parameters: 1(Integer), 10(Long)
2026-03-09 22:59:38.160 [http-nio-8080-exec-2] DEBUG c.m.mapper.NewsMapper.selectList - <==      Total: 10
2026-03-09 22:59:42.742 [http-nio-8080-exec-8] DEBUG c.m.m.A.selectList_mpCount - ==>  Preparing: SELECT COUNT(*) AS total FROM attraction WHERE (name LIKE ? OR city LIKE ?)
2026-03-09 22:59:42.742 [http-nio-8080-exec-8] DEBUG c.m.m.A.selectList_mpCount - ==> Parameters: %%(String), %%(String)
2026-03-09 22:59:42.744 [http-nio-8080-exec-8] DEBUG c.m.m.A.selectList_mpCount - <==      Total: 1
2026-03-09 22:59:42.744 [http-nio-8080-exec-8] DEBUG c.m.m.AttractionMapper.selectList - ==>  Preparing: SELECT id,name,city,province,address,description,cover_image,images,price,season,rating,like_count,collect_count,comment_count,tags,status,create_time,update_time FROM attraction WHERE (name LIKE ? OR city LIKE ?) ORDER BY create_time DESC LIMIT ?
2026-03-09 22:59:42.744 [http-nio-8080-exec-8] DEBUG c.m.m.AttractionMapper.selectList - ==> Parameters: %%(String), %%(String), 10(Long)
2026-03-09 22:59:42.745 [http-nio-8080-exec-8] DEBUG c.m.m.AttractionMapper.selectList - <==      Total: 10
2026-03-09 22:59:47.583 [http-nio-8080-exec-3] DEBUG c.m.m.A.selectList_mpCount - ==>  Preparing: SELECT COUNT(*) AS total FROM attraction WHERE (name LIKE ? OR city LIKE ?)
2026-03-09 22:59:47.583 [http-nio-8080-exec-3] DEBUG c.m.m.A.selectList_mpCount - ==> Parameters: %%(String), %%(String)
2026-03-09 22:59:47.585 [http-nio-8080-exec-3] DEBUG c.m.m.A.selectList_mpCount - <==      Total: 1
2026-03-09 22:59:47.585 [http-nio-8080-exec-3] DEBUG c.m.m.AttractionMapper.selectList - ==>  Preparing: SELECT id,name,city,province,address,description,cover_image,images,price,season,rating,like_count,collect_count,comment_count,tags,status,create_time,update_time FROM attraction WHERE (name LIKE ? OR city LIKE ?) ORDER BY create_time DESC LIMIT ?
2026-03-09 22:59:47.585 [http-nio-8080-exec-3] DEBUG c.m.m.AttractionMapper.selectList - ==> Parameters: %%(String), %%(String), 10(Long)
2026-03-09 22:59:47.586 [http-nio-8080-exec-3] DEBUG c.m.m.AttractionMapper.selectList - <==      Total: 10
2026-03-09 23:03:24.000 [http-nio-8080-exec-5] DEBUG c.m.m.A.selectList_mpCount - ==>  Preparing: SELECT COUNT(*) AS total FROM attraction WHERE (name LIKE ? OR city LIKE ?)
2026-03-09 23:03:24.001 [http-nio-8080-exec-5] DEBUG c.m.m.A.selectList_mpCount - ==> Parameters: %%(String), %%(String)
2026-03-09 23:03:24.001 [http-nio-8080-exec-5] DEBUG c.m.m.A.selectList_mpCount - <==      Total: 1
2026-03-09 23:03:24.001 [http-nio-8080-exec-5] DEBUG c.m.m.AttractionMapper.selectList - ==>  Preparing: SELECT id,name,city,province,address,description,cover_image,images,price,season,rating,like_count,collect_count,comment_count,tags,status,create_time,update_time FROM attraction WHERE (name LIKE ? OR city LIKE ?) ORDER BY create_time DESC LIMIT ?
2026-03-09 23:03:24.001 [http-nio-8080-exec-5] DEBUG c.m.m.AttractionMapper.selectList - ==> Parameters: %%(String), %%(String), 10(Long)
2026-03-09 23:03:24.002 [http-nio-8080-exec-5] DEBUG c.m.m.AttractionMapper.selectList - <==      Total: 10
2026-03-09 23:04:08.669 [http-nio-8080-exec-2] DEBUG c.m.m.A.selectList_mpCount - ==>  Preparing: SELECT COUNT(*) AS total FROM attraction WHERE (name LIKE ? OR city LIKE ?)
2026-03-09 23:04:08.669 [http-nio-8080-exec-2] DEBUG c.m.m.A.selectList_mpCount - ==> Parameters: %%(String), %%(String)
2026-03-09 23:04:08.669 [http-nio-8080-exec-2] DEBUG c.m.m.A.selectList_mpCount - <==      Total: 1
2026-03-09 23:04:08.671 [http-nio-8080-exec-2] DEBUG c.m.m.AttractionMapper.selectList - ==>  Preparing: SELECT id,name,city,province,address,description,cover_image,images,price,season,rating,like_count,collect_count,comment_count,tags,status,create_time,update_time FROM attraction WHERE (name LIKE ? OR city LIKE ?) ORDER BY create_time DESC LIMIT ?
2026-03-09 23:04:08.671 [http-nio-8080-exec-2] DEBUG c.m.m.AttractionMapper.selectList - ==> Parameters: %%(String), %%(String), 10(Long)
2026-03-09 23:04:08.672 [http-nio-8080-exec-2] DEBUG c.m.m.AttractionMapper.selectList - <==      Total: 10
2026-03-09 23:08:13.693 [http-nio-8080-exec-3] DEBUG c.m.m.A.selectList_mpCount - ==>  Preparing: SELECT COUNT(*) AS total FROM attractions
2026-03-09 23:08:13.693 [http-nio-8080-exec-3] DEBUG c.m.m.A.selectList_mpCount - ==> Parameters: 
2026-03-09 23:08:13.714 [http-nio-8080-exec-3] DEBUG c.m.m.A.selectList_mpCount - <==      Total: 1
2026-03-09 23:08:13.714 [http-nio-8080-exec-3] DEBUG c.m.m.AttractionsMapper.selectList - ==>  Preparing: SELECT id,name,chinese_name,city_id,type,rating,price_level,visiting_hours,best_season,visit_duration,description,history,tips,address,latitude,longitude,image_url,official_website,year_built,architect,created_at,updated_at FROM attractions LIMIT ?
2026-03-09 23:08:13.714 [http-nio-8080-exec-3] DEBUG c.m.m.AttractionsMapper.selectList - ==> Parameters: 10(Long)
2026-03-09 23:08:13.717 [http-nio-8080-exec-3] DEBUG c.m.m.AttractionsMapper.selectList - <==      Total: 10
2026-03-09 23:08:51.770 [http-nio-8080-exec-6] DEBUG c.m.m.C.selectList - ==>  Preparing: SELECT id,group_name,group_code,description,display_type,auto_play,auto_play_interval,animation_type,show_indicators,show_arrows,pause_on_hover,width,height,aspect_ratio,max_items,is_active,sort_order,created_at,updated_at FROM carousel_groups WHERE (group_code = ? AND is_active = ?)
2026-03-09 23:08:51.770 [http-nio-8080-exec-6] DEBUG c.m.m.C.selectList - ==> Parameters: home_top(String), true(Boolean)
2026-03-09 23:08:51.772 [http-nio-8080-exec-6] DEBUG c.m.m.C.selectList - <==      Total: 1
2026-03-09 23:08:51.772 [http-nio-8080-exec-7] DEBUG c.m.m.A.selectList_mpCount - ==>  Preparing: SELECT COUNT(*) AS total FROM attraction
2026-03-09 23:08:51.773 [http-nio-8080-exec-7] DEBUG c.m.m.A.selectList_mpCount - ==> Parameters: 
2026-03-09 23:08:51.773 [http-nio-8080-exec-6] DEBUG c.m.m.C.selectList - ==>  Preparing: SELECT id,group_id,carousel_id,sort_order,is_active,created_at FROM carousel_group_items WHERE (group_id = ?) ORDER BY sort_order ASC
2026-03-09 23:08:51.773 [http-nio-8080-exec-7] DEBUG c.m.m.A.selectList_mpCount - <==      Total: 1
2026-03-09 23:08:51.773 [http-nio-8080-exec-6] DEBUG c.m.m.C.selectList - ==> Parameters: 1(Integer)
2026-03-09 23:08:51.773 [http-nio-8080-exec-7] DEBUG c.m.m.AttractionMapper.selectList - ==>  Preparing: SELECT id,name,city,province,address,description,cover_image,images,price,season,rating,like_count,collect_count,comment_count,tags,status,create_time,update_time FROM attraction ORDER BY create_time DESC LIMIT ?
2026-03-09 23:08:51.773 [http-nio-8080-exec-7] DEBUG c.m.m.AttractionMapper.selectList - ==> Parameters: 10(Long)
2026-03-09 23:08:51.773 [http-nio-8080-exec-6] DEBUG c.m.m.C.selectList - <==      Total: 3
2026-03-09 23:08:51.775 [http-nio-8080-exec-6] DEBUG c.m.m.CarouselsMapper.selectList - ==>  Preparing: SELECT id,title,subtitle,image_url,mobile_image_url,thumbnail_url,link_type,link_url,link_target,target_id,button_text,button_color,text_color,text_shadow,overlay_color,overlay_opacity,position,device_type,user_type,start_time,end_time,is_always_show,click_count,impression_count,sort_order,is_active,is_deleted,remark,created_by,created_at,updated_at FROM carousels WHERE (id IN (?,?,?) AND is_active = ? AND (is_deleted = ? OR is_deleted IS NULL) AND (is_always_show = ? OR (start_time <= ? AND end_time >= ?)))
2026-03-09 23:08:51.775 [http-nio-8080-exec-6] DEBUG c.m.m.CarouselsMapper.selectList - ==> Parameters: 1(Integer), 2(Integer), 3(Integer), true(Boolean), false(Boolean), true(Boolean), 2026-03-09T23:08:51.775241(LocalDateTime), 2026-03-09T23:08:51.775241(LocalDateTime)
2026-03-09 23:08:51.776 [http-nio-8080-exec-6] DEBUG c.m.m.CarouselsMapper.selectList - <==      Total: 3
2026-03-09 23:08:51.783 [http-nio-8080-exec-7] DEBUG c.m.m.AttractionMapper.selectList - <==      Total: 10
2026-03-09 23:10:19.479 [http-nio-8080-exec-8] DEBUG c.m.m.A.selectList_mpCount - ==>  Preparing: SELECT COUNT(*) AS total FROM attraction
2026-03-09 23:10:19.479 [http-nio-8080-exec-8] DEBUG c.m.m.A.selectList_mpCount - ==> Parameters: 
2026-03-09 23:10:19.479 [http-nio-8080-exec-8] DEBUG c.m.m.A.selectList_mpCount - <==      Total: 1
2026-03-09 23:10:19.479 [http-nio-8080-exec-8] DEBUG c.m.m.AttractionMapper.selectList - ==>  Preparing: SELECT id,name,city,province,address,description,cover_image,images,price,season,rating,like_count,collect_count,comment_count,tags,status,create_time,update_time FROM attraction ORDER BY create_time DESC LIMIT ?
2026-03-09 23:10:19.479 [http-nio-8080-exec-8] DEBUG c.m.m.AttractionMapper.selectList - ==> Parameters: 10(Long)
2026-03-09 23:10:19.481 [http-nio-8080-exec-8] DEBUG c.m.m.AttractionMapper.selectList - <==      Total: 10
