2026-03-31 22:25:06.038 [background-preinit] INFO  o.h.validator.internal.util.Version - HV000001: Hibernate Validator 8.0.0.Final
2026-03-31 22:25:06.152 [main] INFO  com.minecraft.MinecraftApplication - Starting MinecraftApplication using Java 21.0.9 with PID 29844 (D:\IDEA\work\Minecraft-system\Minecraft\target\classes started by Admin in D:\IDEA\work\Minecraft-system)
2026-03-31 22:25:06.153 [main] DEBUG com.minecraft.MinecraftApplication - Running with Spring Boot v3.0.2, Spring v6.0.4
2026-03-31 22:25:06.154 [main] INFO  com.minecraft.MinecraftApplication - The following 1 profile is active: "dev"
2026-03-31 22:25:11.549 [main] INFO  o.s.d.r.c.RepositoryConfigurationDelegate - Multiple Spring Data modules found, entering strict repository configuration mode
2026-03-31 22:25:11.562 [main] INFO  o.s.d.r.c.RepositoryConfigurationDelegate - Bootstrapping Spring Data Redis repositories in DEFAULT mode.
2026-03-31 22:25:11.645 [main] INFO  o.s.d.r.c.RepositoryConfigurationDelegate - Finished Spring Data repository scanning in 52 ms. Found 0 Redis repository interfaces.
2026-03-31 22:25:12.214 [main] WARN  o.s.c.LocalVariableTableParameterNameDiscoverer - Using deprecated '-debug' fallback for parameter name resolution. Compile the affected code with '-parameters' instead or avoid its introspection: com.minecraft.aspect.LogAspect
2026-03-31 22:25:12.215 [main] WARN  o.s.c.LocalVariableTableParameterNameDiscoverer - Using deprecated '-debug' fallback for parameter name resolution. Compile the affected code with '-parameters' instead or avoid its introspection: com.minecraft.aspect.LogAspect
2026-03-31 22:25:13.193 [main] INFO  o.s.b.w.e.tomcat.TomcatWebServer - Tomcat initialized with port(s): 8080 (http)
2026-03-31 22:25:13.206 [main] INFO  o.a.coyote.http11.Http11NioProtocol - Initializing ProtocolHandler ["http-nio-8080"]
2026-03-31 22:25:13.206 [main] INFO  o.a.catalina.core.StandardService - Starting service [Tomcat]
2026-03-31 22:25:13.207 [main] INFO  o.a.catalina.core.StandardEngine - Starting Servlet engine: [Apache Tomcat/10.1.5]
2026-03-31 22:25:13.352 [main] INFO  o.a.c.c.C.[Tomcat].[localhost].[/] - Initializing Spring embedded WebApplicationContext
2026-03-31 22:25:13.352 [main] INFO  o.s.b.w.s.c.ServletWebServerApplicationContext - Root WebApplicationContext: initialization completed in 7070 ms
2026-03-31 22:25:13.651 [main] DEBUG c.m.handler.JwtAuthenticationFilter - Filter 'jwtAuthenticationFilter' configured for use
2026-03-31 22:25:16.722 [main] INFO  com.minecraft.utils.FileUtils - 使用目录: D:\Image
2026-03-31 22:25:16.722 [main] INFO  com.minecraft.utils.FileUtils - 文件上传路径初始化: D:\Image
2026-03-31 22:25:17.334 [main] ERROR c.minecraft.utils.RedisHealthChecker - ❌ Redis 连接失败: Unable to connect to Redis
2026-03-31 22:25:17.334 [main] WARN  c.minecraft.utils.RedisHealthChecker - ⚠️  请确保 Redis 服务已启动，并检查以下配置：
2026-03-31 22:25:17.334 [main] WARN  c.minecraft.utils.RedisHealthChecker -    - Redis 地址: localhost:6379
2026-03-31 22:25:17.334 [main] WARN  c.minecraft.utils.RedisHealthChecker -    - Redis 密码: (如果配置了密码)
2026-03-31 22:25:17.334 [main] WARN  c.minecraft.utils.RedisHealthChecker -    - 启动 Redis: redis-server 或 redis-cli ping
2026-03-31 22:25:17.334 [main] WARN  c.minecraft.utils.RedisHealthChecker -    - Windows 启动 Redis: redis-server.exe
2026-03-31 22:25:17.605 [main] WARN  o.s.b.a.s.s.UserDetailsServiceAutoConfiguration - 

Using generated security password: e58a3363-81b5-4cf6-a82c-7a94c48c64e7

This generated password is for development use only. Your security configuration must be updated before running your application in production.

2026-03-31 22:25:17.975 [main] INFO  o.s.b.a.w.s.WelcomePageHandlerMapping - Adding welcome page: class path resource [static/index.html]
2026-03-31 22:25:18.173 [main] INFO  com.minecraft.config.WebConfig - 使用目录: D:\Image
2026-03-31 22:25:19.359 [main] INFO  o.s.b.a.e.web.EndpointLinksResolver - Exposing 1 endpoint(s) beneath base path '/actuator'
2026-03-31 22:25:19.452 [main] INFO  o.s.s.web.DefaultSecurityFilterChain - Will secure any request with [org.springframework.security.web.session.DisableEncodeUrlFilter@6b888692, org.springframework.security.web.context.request.async.WebAsyncManagerIntegrationFilter@6414eb98, org.springframework.security.web.context.SecurityContextHolderFilter@44846c76, org.springframework.security.web.header.HeaderWriterFilter@68aa1164, org.springframework.security.web.authentication.logout.LogoutFilter@88fc9cb, com.minecraft.handler.JwtAuthenticationFilter@525b8922, org.springframework.security.web.savedrequest.RequestCacheAwareFilter@511ad0dd, org.springframework.security.web.servletapi.SecurityContextHolderAwareRequestFilter@25af1dbf, org.springframework.security.web.authentication.AnonymousAuthenticationFilter@61a17f3, org.springframework.security.web.session.SessionManagementFilter@5b11d0d8, org.springframework.security.web.access.ExceptionTranslationFilter@77a1df4d, org.springframework.security.web.access.intercept.AuthorizationFilter@1f4fa465]
2026-03-31 22:25:21.027 [main] INFO  o.a.coyote.http11.Http11NioProtocol - Starting ProtocolHandler ["http-nio-8080"]
2026-03-31 22:25:21.049 [main] INFO  o.s.b.w.e.tomcat.TomcatWebServer - Tomcat started on port(s): 8080 (http) with context path ''
2026-03-31 22:25:21.052 [main] INFO  o.s.m.s.b.SimpleBrokerMessageHandler - Starting...
2026-03-31 22:25:21.052 [main] INFO  o.s.m.s.b.SimpleBrokerMessageHandler - BrokerAvailabilityEvent[available=true, SimpleBrokerMessageHandler [org.springframework.messaging.simp.broker.DefaultSubscriptionRegistry@42ceb67f]]
2026-03-31 22:25:21.053 [main] INFO  o.s.m.s.b.SimpleBrokerMessageHandler - Started.
2026-03-31 22:25:21.066 [main] INFO  com.minecraft.MinecraftApplication - Started MinecraftApplication in 16.676 seconds (process running for 24.921)
2026-03-31 22:25:21.087 [main] INFO  com.zaxxer.hikari.HikariDataSource - HikariPool-1 - Starting...
2026-03-31 22:25:21.396 [main] INFO  com.zaxxer.hikari.pool.HikariPool - HikariPool-1 - Added connection com.mysql.cj.jdbc.ConnectionImpl@5f59b6c5
2026-03-31 22:25:21.401 [main] INFO  com.zaxxer.hikari.HikariDataSource - HikariPool-1 - Start completed.
2026-03-31 22:25:21.419 [main] INFO  c.m.utils.DatabaseHealthChecker - ✅ MySQL 数据库连接成功
2026-03-31 22:25:24.111 [http-nio-8080-exec-1] INFO  o.a.c.c.C.[Tomcat].[localhost].[/] - Initializing Spring DispatcherServlet 'dispatcherServlet'
2026-03-31 22:25:24.111 [http-nio-8080-exec-1] INFO  o.s.web.servlet.DispatcherServlet - Initializing Servlet 'dispatcherServlet'
2026-03-31 22:25:24.116 [http-nio-8080-exec-1] INFO  o.s.web.servlet.DispatcherServlet - Completed initialization in 4 ms
2026-03-31 22:26:13.199 [http-nio-8080-exec-1] WARN  o.s.c.LocalVariableTableParameterNameDiscoverer - Using deprecated '-debug' fallback for parameter name resolution. Compile the affected code with '-parameters' instead or avoid its introspection: com.minecraft.controller.FoodController
2026-03-31 22:26:13.199 [http-nio-8080-exec-2] WARN  o.s.c.LocalVariableTableParameterNameDiscoverer - Using deprecated '-debug' fallback for parameter name resolution. Compile the affected code with '-parameters' instead or avoid its introspection: com.minecraft.controller.NewsController
2026-03-31 22:26:13.199 [http-nio-8080-exec-10] WARN  o.s.c.LocalVariableTableParameterNameDiscoverer - Using deprecated '-debug' fallback for parameter name resolution. Compile the affected code with '-parameters' instead or avoid its introspection: com.minecraft.controller.HotelController
2026-03-31 22:26:13.199 [http-nio-8080-exec-9] WARN  o.s.c.LocalVariableTableParameterNameDiscoverer - Using deprecated '-debug' fallback for parameter name resolution. Compile the affected code with '-parameters' instead or avoid its introspection: com.minecraft.controller.AttractionController
2026-03-31 22:26:19.544 [MessageBroker-1] INFO  o.s.w.s.c.WebSocketMessageBrokerStats - WebSocketSession[0 current WS(0)-HttpStream(0)-HttpPoll(0), 0 total, 0 closed abnormally (0 connect failure, 0 send limit, 0 transport error)], stompSubProtocol[processed CONNECT(0)-CONNECTED(0)-DISCONNECT(0)], stompBrokerRelay[null], inboundChannel[pool size = 0, active threads = 0, queued tasks = 0, completed tasks = 0], outboundChannel[pool size = 0, active threads = 0, queued tasks = 0, completed tasks = 0], sockJsScheduler[pool size = 1, active threads = 1, queued tasks = 0, completed tasks = 0]
2026-03-31 22:38:45.511 [http-nio-8080-exec-3] WARN  o.s.c.LocalVariableTableParameterNameDiscoverer - Using deprecated '-debug' fallback for parameter name resolution. Compile the affected code with '-parameters' instead or avoid its introspection: com.minecraft.controller.WorldCharacteristicsController
2026-03-31 22:53:52.333 [SpringApplicationShutdownHook] INFO  o.s.m.s.b.SimpleBrokerMessageHandler - Stopping...
2026-03-31 22:53:52.333 [SpringApplicationShutdownHook] INFO  o.s.m.s.b.SimpleBrokerMessageHandler - BrokerAvailabilityEvent[available=false, SimpleBrokerMessageHandler [org.springframework.messaging.simp.broker.DefaultSubscriptionRegistry@42ceb67f]]
2026-03-31 22:53:52.333 [SpringApplicationShutdownHook] INFO  o.s.m.s.b.SimpleBrokerMessageHandler - Stopped.
2026-03-31 22:53:52.470 [SpringApplicationShutdownHook] INFO  com.zaxxer.hikari.HikariDataSource - HikariPool-1 - Shutdown initiated...
2026-03-31 22:53:52.471 [SpringApplicationShutdownHook] INFO  com.zaxxer.hikari.HikariDataSource - HikariPool-1 - Shutdown completed.
