2026-03-31 22:25:24.826 [http-nio-8080-exec-2] DEBUG c.m.m.FoodMapper.selectList_mpCount - ==>  Preparing: SELECT COUNT(*) AS total FROM food WHERE (name LIKE ? OR city LIKE ?)
2026-03-31 22:25:24.851 [http-nio-8080-exec-2] DEBUG c.m.m.FoodMapper.selectList_mpCount - ==> Parameters: %%(String), %%(String)
2026-03-31 22:25:24.901 [http-nio-8080-exec-2] DEBUG c.m.m.FoodMapper.selectList_mpCount - <==      Total: 1
2026-03-31 22:25:24.917 [http-nio-8080-exec-2] DEBUG c.m.mapper.FoodMapper.selectList - ==>  Preparing: SELECT id,name,city,province,address,description,cover_image,images,price,cuisine_type,rating,like_count,collect_count,comment_count,tags,commodity,status,create_time,update_time FROM food WHERE (name LIKE ? OR city LIKE ?) ORDER BY create_time DESC LIMIT ?
2026-03-31 22:25:24.919 [http-nio-8080-exec-2] DEBUG c.m.mapper.FoodMapper.selectList - ==> Parameters: %%(String), %%(String), 10(Long)
2026-03-31 22:25:24.933 [http-nio-8080-exec-2] DEBUG c.m.mapper.FoodMapper.selectList - <==      Total: 10
2026-03-31 22:26:13.203 [http-nio-8080-exec-2] DEBUG c.m.mapper.NewsMapper.selectList - ==>  Preparing: SELECT id,title,content,cover_image,source,view_count,like_count,collect_count,comment_count,status,create_time,update_time FROM news WHERE (status = ?) ORDER BY view_count DESC LIMIT 10
2026-03-31 22:26:13.203 [http-nio-8080-exec-1] DEBUG c.m.mapper.FoodMapper.selectList - ==>  Preparing: SELECT id,name,city,province,address,description,cover_image,images,price,cuisine_type,rating,like_count,collect_count,comment_count,tags,commodity,status,create_time,update_time FROM food WHERE (status = ?) ORDER BY like_count DESC LIMIT 10
2026-03-31 22:26:13.203 [http-nio-8080-exec-10] DEBUG c.m.mapper.HotelMapper.selectList - ==>  Preparing: SELECT id,name,city,province,address,description,cover_image,images,price,star_level,rating,like_count,collect_count,comment_count,facilities,status,create_time,update_time FROM hotel WHERE (status = ?) ORDER BY rating DESC LIMIT 10
2026-03-31 22:26:13.203 [http-nio-8080-exec-9] DEBUG c.m.m.AttractionMapper.selectList - ==>  Preparing: SELECT id,name,city,province,address,description,cover_image,images,price,season,rating,like_count,collect_count,comment_count,tags,status,create_time,update_time FROM attraction WHERE (status = ?) ORDER BY like_count DESC LIMIT 10
2026-03-31 22:26:13.204 [http-nio-8080-exec-1] DEBUG c.m.mapper.FoodMapper.selectList - ==> Parameters: 1(Integer)
2026-03-31 22:26:13.204 [http-nio-8080-exec-2] DEBUG c.m.mapper.NewsMapper.selectList - ==> Parameters: 1(Integer)
2026-03-31 22:26:13.204 [http-nio-8080-exec-9] DEBUG c.m.m.AttractionMapper.selectList - ==> Parameters: 1(Integer)
2026-03-31 22:26:13.204 [http-nio-8080-exec-10] DEBUG c.m.mapper.HotelMapper.selectList - ==> Parameters: 1(Integer)
2026-03-31 22:26:13.212 [http-nio-8080-exec-1] DEBUG c.m.mapper.FoodMapper.selectList - <==      Total: 10
2026-03-31 22:26:13.222 [http-nio-8080-exec-9] DEBUG c.m.m.AttractionMapper.selectList - <==      Total: 10
2026-03-31 22:26:13.222 [http-nio-8080-exec-2] DEBUG c.m.mapper.NewsMapper.selectList - <==      Total: 10
2026-03-31 22:26:13.222 [http-nio-8080-exec-10] DEBUG c.m.mapper.HotelMapper.selectList - <==      Total: 10
2026-03-31 22:26:20.758 [http-nio-8080-exec-2] DEBUG c.m.mapper.FoodMapper.updateById - ==>  Preparing: UPDATE food SET name=?, city=?, province=?, address=?, description=?, cover_image=?, images=?, price=?, cuisine_type=?, rating=?, like_count=?, collect_count=?, comment_count=?, tags=?, commodity=?, status=?, create_time=?, update_time=? WHERE id=?
2026-03-31 22:26:20.759 [http-nio-8080-exec-2] DEBUG c.m.mapper.FoodMapper.updateById - ==> Parameters: 杭州西湖醋鱼(String), 杭州(String), 浙江(String), 浙江省杭州市西湖区楼外楼(String), 杭州传统名菜，鱼肉鲜嫩，酸甜可口。(String), http://localhost:8080/upload/e171c78c-dd8b-44b9-88bf-925d3a4836bd.png(String), https://example.com/food3_1.jpg,https://example.com/food3_2.jpg(String), 88(BigDecimal), 浙菜(String), 4(Integer), 800(Integer), 500(Integer), 280(Integer), 传统,西湖,必吃(String), 0(String), 1(Integer), 2026-02-14T17:21:56(LocalDateTime), 2026-02-14T17:21:56(LocalDateTime), 5(Long)
2026-03-31 22:26:20.770 [http-nio-8080-exec-2] DEBUG c.m.mapper.FoodMapper.updateById - <==    Updates: 1
2026-03-31 22:26:20.932 [http-nio-8080-exec-10] DEBUG c.m.m.FoodMapper.selectList_mpCount - ==>  Preparing: SELECT COUNT(*) AS total FROM food WHERE (name LIKE ? OR city LIKE ?)
2026-03-31 22:26:20.932 [http-nio-8080-exec-10] DEBUG c.m.m.FoodMapper.selectList_mpCount - ==> Parameters: %%(String), %%(String)
2026-03-31 22:26:20.932 [http-nio-8080-exec-10] DEBUG c.m.m.FoodMapper.selectList_mpCount - <==      Total: 1
2026-03-31 22:26:20.933 [http-nio-8080-exec-10] DEBUG c.m.mapper.FoodMapper.selectList - ==>  Preparing: SELECT id,name,city,province,address,description,cover_image,images,price,cuisine_type,rating,like_count,collect_count,comment_count,tags,commodity,status,create_time,update_time FROM food WHERE (name LIKE ? OR city LIKE ?) ORDER BY create_time DESC LIMIT ?
2026-03-31 22:26:20.933 [http-nio-8080-exec-10] DEBUG c.m.mapper.FoodMapper.selectList - ==> Parameters: %%(String), %%(String), 10(Long)
2026-03-31 22:26:20.935 [http-nio-8080-exec-10] DEBUG c.m.mapper.FoodMapper.selectList - <==      Total: 10
2026-03-31 22:26:29.499 [http-nio-8080-exec-4] DEBUG c.m.m.AttractionMapper.selectList - ==>  Preparing: SELECT id,name,city,province,address,description,cover_image,images,price,season,rating,like_count,collect_count,comment_count,tags,status,create_time,update_time FROM attraction WHERE (status = ?) ORDER BY like_count DESC LIMIT 10
2026-03-31 22:26:29.499 [http-nio-8080-exec-5] DEBUG c.m.mapper.NewsMapper.selectList - ==>  Preparing: SELECT id,title,content,cover_image,source,view_count,like_count,collect_count,comment_count,status,create_time,update_time FROM news WHERE (status = ?) ORDER BY view_count DESC LIMIT 10
2026-03-31 22:26:29.499 [http-nio-8080-exec-8] DEBUG c.m.mapper.FoodMapper.selectList - ==>  Preparing: SELECT id,name,city,province,address,description,cover_image,images,price,cuisine_type,rating,like_count,collect_count,comment_count,tags,commodity,status,create_time,update_time FROM food WHERE (status = ?) ORDER BY like_count DESC LIMIT 10
2026-03-31 22:26:29.499 [http-nio-8080-exec-7] DEBUG c.m.mapper.HotelMapper.selectList - ==>  Preparing: SELECT id,name,city,province,address,description,cover_image,images,price,star_level,rating,like_count,collect_count,comment_count,facilities,status,create_time,update_time FROM hotel WHERE (status = ?) ORDER BY rating DESC LIMIT 10
2026-03-31 22:26:29.501 [http-nio-8080-exec-7] DEBUG c.m.mapper.HotelMapper.selectList - ==> Parameters: 1(Integer)
2026-03-31 22:26:29.501 [http-nio-8080-exec-4] DEBUG c.m.m.AttractionMapper.selectList - ==> Parameters: 1(Integer)
2026-03-31 22:26:29.501 [http-nio-8080-exec-5] DEBUG c.m.mapper.NewsMapper.selectList - ==> Parameters: 1(Integer)
2026-03-31 22:26:29.501 [http-nio-8080-exec-8] DEBUG c.m.mapper.FoodMapper.selectList - ==> Parameters: 1(Integer)
2026-03-31 22:26:29.501 [http-nio-8080-exec-5] DEBUG c.m.mapper.NewsMapper.selectList - <==      Total: 10
2026-03-31 22:26:29.502 [http-nio-8080-exec-8] DEBUG c.m.mapper.FoodMapper.selectList - <==      Total: 10
2026-03-31 22:26:29.502 [http-nio-8080-exec-7] DEBUG c.m.mapper.HotelMapper.selectList - <==      Total: 10
2026-03-31 22:26:29.502 [http-nio-8080-exec-4] DEBUG c.m.m.AttractionMapper.selectList - <==      Total: 10
2026-03-31 22:30:23.925 [http-nio-8080-exec-1] DEBUG c.m.m.FoodMapper.selectList_mpCount - ==>  Preparing: SELECT COUNT(*) AS total FROM food
2026-03-31 22:30:23.926 [http-nio-8080-exec-1] DEBUG c.m.m.FoodMapper.selectList_mpCount - ==> Parameters: 
2026-03-31 22:30:23.927 [http-nio-8080-exec-1] DEBUG c.m.m.FoodMapper.selectList_mpCount - <==      Total: 1
2026-03-31 22:30:23.927 [http-nio-8080-exec-1] DEBUG c.m.mapper.FoodMapper.selectList - ==>  Preparing: SELECT id,name,city,province,address,description,cover_image,images,price,cuisine_type,rating,like_count,collect_count,comment_count,tags,commodity,status,create_time,update_time FROM food ORDER BY create_time DESC LIMIT ?
2026-03-31 22:30:23.927 [http-nio-8080-exec-1] DEBUG c.m.mapper.FoodMapper.selectList - ==> Parameters: 10(Long)
2026-03-31 22:30:23.930 [http-nio-8080-exec-1] DEBUG c.m.mapper.FoodMapper.selectList - <==      Total: 10
2026-03-31 22:30:27.337 [http-nio-8080-exec-5] DEBUG c.m.m.HotelMapper.selectList_mpCount - ==>  Preparing: SELECT COUNT(*) AS total FROM hotel
2026-03-31 22:30:27.337 [http-nio-8080-exec-5] DEBUG c.m.m.HotelMapper.selectList_mpCount - ==> Parameters: 
2026-03-31 22:30:27.339 [http-nio-8080-exec-5] DEBUG c.m.m.HotelMapper.selectList_mpCount - <==      Total: 1
2026-03-31 22:30:27.340 [http-nio-8080-exec-5] DEBUG c.m.mapper.HotelMapper.selectList - ==>  Preparing: SELECT id,name,city,province,address,description,cover_image,images,price,star_level,rating,like_count,collect_count,comment_count,facilities,status,create_time,update_time FROM hotel ORDER BY create_time DESC LIMIT ?
2026-03-31 22:30:27.340 [http-nio-8080-exec-5] DEBUG c.m.mapper.HotelMapper.selectList - ==> Parameters: 10(Long)
2026-03-31 22:30:27.342 [http-nio-8080-exec-5] DEBUG c.m.mapper.HotelMapper.selectList - <==      Total: 10
2026-03-31 22:30:28.780 [http-nio-8080-exec-1] DEBUG c.m.m.A.selectList_mpCount - ==>  Preparing: SELECT COUNT(*) AS total FROM attraction
2026-03-31 22:30:28.780 [http-nio-8080-exec-1] DEBUG c.m.m.A.selectList_mpCount - ==> Parameters: 
2026-03-31 22:30:28.781 [http-nio-8080-exec-1] DEBUG c.m.m.A.selectList_mpCount - <==      Total: 1
2026-03-31 22:30:28.781 [http-nio-8080-exec-1] DEBUG c.m.m.AttractionMapper.selectList - ==>  Preparing: SELECT id,name,city,province,address,description,cover_image,images,price,season,rating,like_count,collect_count,comment_count,tags,status,create_time,update_time FROM attraction ORDER BY create_time DESC LIMIT ?
2026-03-31 22:30:28.783 [http-nio-8080-exec-1] DEBUG c.m.m.AttractionMapper.selectList - ==> Parameters: 10(Long)
2026-03-31 22:30:28.784 [http-nio-8080-exec-1] DEBUG c.m.m.AttractionMapper.selectList - <==      Total: 10
2026-03-31 22:33:14.474 [http-nio-8080-exec-2] DEBUG c.m.mapper.NewsMapper.selectList - ==>  Preparing: SELECT id,title,content,cover_image,source,view_count,like_count,collect_count,comment_count,status,create_time,update_time FROM news WHERE (status = ?) ORDER BY view_count DESC LIMIT 10
2026-03-31 22:33:14.474 [http-nio-8080-exec-3] DEBUG c.m.mapper.FoodMapper.selectList - ==>  Preparing: SELECT id,name,city,province,address,description,cover_image,images,price,cuisine_type,rating,like_count,collect_count,comment_count,tags,commodity,status,create_time,update_time FROM food WHERE (status = ?) ORDER BY like_count DESC LIMIT 10
2026-03-31 22:33:14.474 [http-nio-8080-exec-1] DEBUG c.m.mapper.HotelMapper.selectList - ==>  Preparing: SELECT id,name,city,province,address,description,cover_image,images,price,star_level,rating,like_count,collect_count,comment_count,facilities,status,create_time,update_time FROM hotel WHERE (status = ?) ORDER BY rating DESC LIMIT 10
2026-03-31 22:33:14.474 [http-nio-8080-exec-6] DEBUG c.m.m.AttractionMapper.selectList - ==>  Preparing: SELECT id,name,city,province,address,description,cover_image,images,price,season,rating,like_count,collect_count,comment_count,tags,status,create_time,update_time FROM attraction WHERE (status = ?) ORDER BY like_count DESC LIMIT 10
2026-03-31 22:33:14.475 [http-nio-8080-exec-1] DEBUG c.m.mapper.HotelMapper.selectList - ==> Parameters: 1(Integer)
2026-03-31 22:33:14.475 [http-nio-8080-exec-2] DEBUG c.m.mapper.NewsMapper.selectList - ==> Parameters: 1(Integer)
2026-03-31 22:33:14.475 [http-nio-8080-exec-6] DEBUG c.m.m.AttractionMapper.selectList - ==> Parameters: 1(Integer)
2026-03-31 22:33:14.475 [http-nio-8080-exec-3] DEBUG c.m.mapper.FoodMapper.selectList - ==> Parameters: 1(Integer)
2026-03-31 22:33:14.477 [http-nio-8080-exec-2] DEBUG c.m.mapper.NewsMapper.selectList - <==      Total: 10
2026-03-31 22:33:14.477 [http-nio-8080-exec-1] DEBUG c.m.mapper.HotelMapper.selectList - <==      Total: 10
2026-03-31 22:33:14.477 [http-nio-8080-exec-6] DEBUG c.m.m.AttractionMapper.selectList - <==      Total: 10
2026-03-31 22:33:14.477 [http-nio-8080-exec-3] DEBUG c.m.mapper.FoodMapper.selectList - <==      Total: 10
2026-03-31 22:34:33.344 [http-nio-8080-exec-2] DEBUG c.m.mapper.HotelMapper.selectList - ==>  Preparing: SELECT id,name,city,province,address,description,cover_image,images,price,star_level,rating,like_count,collect_count,comment_count,facilities,status,create_time,update_time FROM hotel WHERE (status = ?) ORDER BY rating DESC LIMIT 10
2026-03-31 22:34:33.344 [http-nio-8080-exec-1] DEBUG c.m.m.AttractionMapper.selectList - ==>  Preparing: SELECT id,name,city,province,address,description,cover_image,images,price,season,rating,like_count,collect_count,comment_count,tags,status,create_time,update_time FROM attraction WHERE (status = ?) ORDER BY like_count DESC LIMIT 10
2026-03-31 22:34:33.344 [http-nio-8080-exec-3] DEBUG c.m.mapper.FoodMapper.selectList - ==>  Preparing: SELECT id,name,city,province,address,description,cover_image,images,price,cuisine_type,rating,like_count,collect_count,comment_count,tags,commodity,status,create_time,update_time FROM food WHERE (status = ?) ORDER BY like_count DESC LIMIT 10
2026-03-31 22:34:33.344 [http-nio-8080-exec-7] DEBUG c.m.mapper.NewsMapper.selectList - ==>  Preparing: SELECT id,title,content,cover_image,source,view_count,like_count,collect_count,comment_count,status,create_time,update_time FROM news WHERE (status = ?) ORDER BY view_count DESC LIMIT 10
2026-03-31 22:34:33.344 [http-nio-8080-exec-2] DEBUG c.m.mapper.HotelMapper.selectList - ==> Parameters: 1(Integer)
2026-03-31 22:34:33.344 [http-nio-8080-exec-1] DEBUG c.m.m.AttractionMapper.selectList - ==> Parameters: 1(Integer)
2026-03-31 22:34:33.344 [http-nio-8080-exec-7] DEBUG c.m.mapper.NewsMapper.selectList - ==> Parameters: 1(Integer)
2026-03-31 22:34:33.344 [http-nio-8080-exec-3] DEBUG c.m.mapper.FoodMapper.selectList - ==> Parameters: 1(Integer)
2026-03-31 22:34:33.346 [http-nio-8080-exec-3] DEBUG c.m.mapper.FoodMapper.selectList - <==      Total: 10
2026-03-31 22:34:33.346 [http-nio-8080-exec-1] DEBUG c.m.m.AttractionMapper.selectList - <==      Total: 10
2026-03-31 22:34:33.346 [http-nio-8080-exec-7] DEBUG c.m.mapper.NewsMapper.selectList - <==      Total: 10
2026-03-31 22:34:33.347 [http-nio-8080-exec-2] DEBUG c.m.mapper.HotelMapper.selectList - <==      Total: 10
2026-03-31 22:34:48.286 [http-nio-8080-exec-6] DEBUG c.m.m.C.selectList_mpCount - ==>  Preparing: SELECT COUNT(*) AS total FROM community_post WHERE (status = ?)
2026-03-31 22:34:48.286 [http-nio-8080-exec-6] DEBUG c.m.m.C.selectList_mpCount - ==> Parameters: 1(Integer)
2026-03-31 22:34:48.294 [http-nio-8080-exec-6] DEBUG c.m.m.C.selectList_mpCount - <==      Total: 1
2026-03-31 22:34:48.296 [http-nio-8080-exec-6] DEBUG c.m.m.CommunityPostMapper.selectList - ==>  Preparing: SELECT id,user_id,title,content,images,videos,like_count,comment_count,collect_count,status,create_time,update_time FROM community_post WHERE (status = ?) ORDER BY create_time DESC LIMIT ?
2026-03-31 22:34:48.296 [http-nio-8080-exec-6] DEBUG c.m.m.CommunityPostMapper.selectList - ==> Parameters: 1(Integer), 10(Long)
2026-03-31 22:34:48.298 [http-nio-8080-exec-6] DEBUG c.m.m.CommunityPostMapper.selectList - <==      Total: 10
2026-03-31 22:34:49.027 [http-nio-8080-exec-4] DEBUG c.m.m.NewsMapper.selectList_mpCount - ==>  Preparing: SELECT COUNT(*) AS total FROM news WHERE (status = ?)
2026-03-31 22:34:49.027 [http-nio-8080-exec-4] DEBUG c.m.m.NewsMapper.selectList_mpCount - ==> Parameters: 1(Integer)
2026-03-31 22:34:49.027 [http-nio-8080-exec-4] DEBUG c.m.m.NewsMapper.selectList_mpCount - <==      Total: 1
2026-03-31 22:34:49.028 [http-nio-8080-exec-4] DEBUG c.m.mapper.NewsMapper.selectList - ==>  Preparing: SELECT id,title,content,cover_image,source,view_count,like_count,collect_count,comment_count,status,create_time,update_time FROM news WHERE (status = ?) ORDER BY create_time DESC LIMIT ?
2026-03-31 22:34:49.028 [http-nio-8080-exec-4] DEBUG c.m.mapper.NewsMapper.selectList - ==> Parameters: 1(Integer), 10(Long)
2026-03-31 22:34:49.029 [http-nio-8080-exec-4] DEBUG c.m.mapper.NewsMapper.selectList - <==      Total: 10
2026-03-31 22:38:26.988 [http-nio-8080-exec-6] DEBUG c.m.m.C.selectList_mpCount - ==>  Preparing: SELECT COUNT(*) AS total FROM community_post WHERE (status = ?)
2026-03-31 22:38:26.988 [http-nio-8080-exec-6] DEBUG c.m.m.C.selectList_mpCount - ==> Parameters: 1(Integer)
2026-03-31 22:38:26.988 [http-nio-8080-exec-6] DEBUG c.m.m.C.selectList_mpCount - <==      Total: 1
2026-03-31 22:38:26.988 [http-nio-8080-exec-6] DEBUG c.m.m.CommunityPostMapper.selectList - ==>  Preparing: SELECT id,user_id,title,content,images,videos,like_count,comment_count,collect_count,status,create_time,update_time FROM community_post WHERE (status = ?) ORDER BY create_time DESC LIMIT ?
2026-03-31 22:38:26.990 [http-nio-8080-exec-6] DEBUG c.m.m.CommunityPostMapper.selectList - ==> Parameters: 1(Integer), 10(Long)
2026-03-31 22:38:26.991 [http-nio-8080-exec-6] DEBUG c.m.m.CommunityPostMapper.selectList - <==      Total: 10
2026-03-31 22:38:27.583 [http-nio-8080-exec-9] DEBUG c.m.m.NewsMapper.selectList_mpCount - ==>  Preparing: SELECT COUNT(*) AS total FROM news WHERE (status = ?)
2026-03-31 22:38:27.583 [http-nio-8080-exec-9] DEBUG c.m.m.NewsMapper.selectList_mpCount - ==> Parameters: 1(Integer)
2026-03-31 22:38:27.585 [http-nio-8080-exec-9] DEBUG c.m.m.NewsMapper.selectList_mpCount - <==      Total: 1
2026-03-31 22:38:27.585 [http-nio-8080-exec-9] DEBUG c.m.mapper.NewsMapper.selectList - ==>  Preparing: SELECT id,title,content,cover_image,source,view_count,like_count,collect_count,comment_count,status,create_time,update_time FROM news WHERE (status = ?) ORDER BY create_time DESC LIMIT ?
2026-03-31 22:38:27.585 [http-nio-8080-exec-9] DEBUG c.m.mapper.NewsMapper.selectList - ==> Parameters: 1(Integer), 10(Long)
2026-03-31 22:38:27.586 [http-nio-8080-exec-9] DEBUG c.m.mapper.NewsMapper.selectList - <==      Total: 10
2026-03-31 22:38:28.689 [http-nio-8080-exec-10] DEBUG c.m.mapper.HotelMapper.selectList - ==>  Preparing: SELECT id,name,city,province,address,description,cover_image,images,price,star_level,rating,like_count,collect_count,comment_count,facilities,status,create_time,update_time FROM hotel WHERE (status = ?) ORDER BY rating DESC LIMIT 10
2026-03-31 22:38:28.689 [http-nio-8080-exec-4] DEBUG c.m.m.AttractionMapper.selectList - ==>  Preparing: SELECT id,name,city,province,address,description,cover_image,images,price,season,rating,like_count,collect_count,comment_count,tags,status,create_time,update_time FROM attraction WHERE (status = ?) ORDER BY like_count DESC LIMIT 10
2026-03-31 22:38:28.689 [http-nio-8080-exec-4] DEBUG c.m.m.AttractionMapper.selectList - ==> Parameters: 1(Integer)
2026-03-31 22:38:28.689 [http-nio-8080-exec-10] DEBUG c.m.mapper.HotelMapper.selectList - ==> Parameters: 1(Integer)
2026-03-31 22:38:28.691 [http-nio-8080-exec-5] DEBUG c.m.mapper.FoodMapper.selectList - ==>  Preparing: SELECT id,name,city,province,address,description,cover_image,images,price,cuisine_type,rating,like_count,collect_count,comment_count,tags,commodity,status,create_time,update_time FROM food WHERE (status = ?) ORDER BY like_count DESC LIMIT 10
2026-03-31 22:38:28.691 [http-nio-8080-exec-8] DEBUG c.m.mapper.NewsMapper.selectList - ==>  Preparing: SELECT id,title,content,cover_image,source,view_count,like_count,collect_count,comment_count,status,create_time,update_time FROM news WHERE (status = ?) ORDER BY view_count DESC LIMIT 10
2026-03-31 22:38:28.691 [http-nio-8080-exec-5] DEBUG c.m.mapper.FoodMapper.selectList - ==> Parameters: 1(Integer)
2026-03-31 22:38:28.691 [http-nio-8080-exec-8] DEBUG c.m.mapper.NewsMapper.selectList - ==> Parameters: 1(Integer)
2026-03-31 22:38:28.691 [http-nio-8080-exec-4] DEBUG c.m.m.AttractionMapper.selectList - <==      Total: 10
2026-03-31 22:38:28.691 [http-nio-8080-exec-10] DEBUG c.m.mapper.HotelMapper.selectList - <==      Total: 10
2026-03-31 22:38:28.691 [http-nio-8080-exec-8] DEBUG c.m.mapper.NewsMapper.selectList - <==      Total: 10
2026-03-31 22:38:28.691 [http-nio-8080-exec-5] DEBUG c.m.mapper.FoodMapper.selectList - <==      Total: 10
2026-03-31 22:38:45.516 [http-nio-8080-exec-3] DEBUG c.m.m.W.selectList_mpCount - ==>  Preparing: SELECT COUNT(*) AS total FROM worldcharacteristics
2026-03-31 22:38:45.516 [http-nio-8080-exec-3] DEBUG c.m.m.W.selectList_mpCount - ==> Parameters: 
2026-03-31 22:38:45.527 [http-nio-8080-exec-3] DEBUG c.m.m.W.selectList_mpCount - <==      Total: 1
2026-03-31 22:38:45.527 [http-nio-8080-exec-3] DEBUG c.m.m.W.selectList - ==>  Preparing: SELECT id,name,country,image,description,features,history,culture,tags,category,color FROM worldcharacteristics LIMIT ?
2026-03-31 22:38:45.528 [http-nio-8080-exec-3] DEBUG c.m.m.W.selectList - ==> Parameters: 10(Long)
2026-03-31 22:38:45.529 [http-nio-8080-exec-3] DEBUG c.m.m.W.selectList - <==      Total: 10
2026-03-31 22:39:53.611 [http-nio-8080-exec-7] DEBUG c.m.m.W.selectList_mpCount - ==>  Preparing: SELECT COUNT(*) AS total FROM worldcharacteristics
2026-03-31 22:39:53.611 [http-nio-8080-exec-7] DEBUG c.m.m.W.selectList_mpCount - ==> Parameters: 
2026-03-31 22:39:53.613 [http-nio-8080-exec-7] DEBUG c.m.m.W.selectList_mpCount - <==      Total: 1
2026-03-31 22:39:53.613 [http-nio-8080-exec-7] DEBUG c.m.m.W.selectList - ==>  Preparing: SELECT id,name,country,image,description,features,history,culture,tags,category,color FROM worldcharacteristics LIMIT ?
2026-03-31 22:39:53.613 [http-nio-8080-exec-7] DEBUG c.m.m.W.selectList - ==> Parameters: 10(Long)
2026-03-31 22:39:53.614 [http-nio-8080-exec-7] DEBUG c.m.m.W.selectList - <==      Total: 10
2026-03-31 22:40:15.706 [http-nio-8080-exec-5] DEBUG c.m.m.AttractionMapper.selectList - ==>  Preparing: SELECT id,name,city,province,address,description,cover_image,images,price,season,rating,like_count,collect_count,comment_count,tags,status,create_time,update_time FROM attraction WHERE (status = ?) ORDER BY like_count DESC LIMIT 10
2026-03-31 22:40:15.706 [http-nio-8080-exec-2] DEBUG c.m.mapper.NewsMapper.selectList - ==>  Preparing: SELECT id,title,content,cover_image,source,view_count,like_count,collect_count,comment_count,status,create_time,update_time FROM news WHERE (status = ?) ORDER BY view_count DESC LIMIT 10
2026-03-31 22:40:15.706 [http-nio-8080-exec-9] DEBUG c.m.mapper.FoodMapper.selectList - ==>  Preparing: SELECT id,name,city,province,address,description,cover_image,images,price,cuisine_type,rating,like_count,collect_count,comment_count,tags,commodity,status,create_time,update_time FROM food WHERE (status = ?) ORDER BY like_count DESC LIMIT 10
2026-03-31 22:40:15.706 [http-nio-8080-exec-10] DEBUG c.m.mapper.HotelMapper.selectList - ==>  Preparing: SELECT id,name,city,province,address,description,cover_image,images,price,star_level,rating,like_count,collect_count,comment_count,facilities,status,create_time,update_time FROM hotel WHERE (status = ?) ORDER BY rating DESC LIMIT 10
2026-03-31 22:40:15.707 [http-nio-8080-exec-9] DEBUG c.m.mapper.FoodMapper.selectList - ==> Parameters: 1(Integer)
2026-03-31 22:40:15.707 [http-nio-8080-exec-5] DEBUG c.m.m.AttractionMapper.selectList - ==> Parameters: 1(Integer)
2026-03-31 22:40:15.707 [http-nio-8080-exec-10] DEBUG c.m.mapper.HotelMapper.selectList - ==> Parameters: 1(Integer)
2026-03-31 22:40:15.707 [http-nio-8080-exec-2] DEBUG c.m.mapper.NewsMapper.selectList - ==> Parameters: 1(Integer)
2026-03-31 22:40:15.707 [http-nio-8080-exec-2] DEBUG c.m.mapper.NewsMapper.selectList - <==      Total: 10
2026-03-31 22:40:15.707 [http-nio-8080-exec-10] DEBUG c.m.mapper.HotelMapper.selectList - <==      Total: 10
2026-03-31 22:40:15.707 [http-nio-8080-exec-5] DEBUG c.m.m.AttractionMapper.selectList - <==      Total: 10
2026-03-31 22:40:15.707 [http-nio-8080-exec-9] DEBUG c.m.mapper.FoodMapper.selectList - <==      Total: 10
2026-03-31 22:40:16.785 [http-nio-8080-exec-5] DEBUG c.m.m.C.selectList_mpCount - ==>  Preparing: SELECT COUNT(*) AS total FROM community_post WHERE (status = ?)
2026-03-31 22:40:16.785 [http-nio-8080-exec-5] DEBUG c.m.m.C.selectList_mpCount - ==> Parameters: 1(Integer)
2026-03-31 22:40:16.787 [http-nio-8080-exec-5] DEBUG c.m.m.C.selectList_mpCount - <==      Total: 1
2026-03-31 22:40:16.787 [http-nio-8080-exec-5] DEBUG c.m.m.CommunityPostMapper.selectList - ==>  Preparing: SELECT id,user_id,title,content,images,videos,like_count,comment_count,collect_count,status,create_time,update_time FROM community_post WHERE (status = ?) ORDER BY create_time DESC LIMIT ?
2026-03-31 22:40:16.787 [http-nio-8080-exec-5] DEBUG c.m.m.CommunityPostMapper.selectList - ==> Parameters: 1(Integer), 10(Long)
2026-03-31 22:40:16.788 [http-nio-8080-exec-5] DEBUG c.m.m.CommunityPostMapper.selectList - <==      Total: 10
2026-03-31 22:40:17.157 [http-nio-8080-exec-8] DEBUG c.m.m.NewsMapper.selectList_mpCount - ==>  Preparing: SELECT COUNT(*) AS total FROM news WHERE (status = ?)
2026-03-31 22:40:17.157 [http-nio-8080-exec-8] DEBUG c.m.m.NewsMapper.selectList_mpCount - ==> Parameters: 1(Integer)
2026-03-31 22:40:17.157 [http-nio-8080-exec-8] DEBUG c.m.m.NewsMapper.selectList_mpCount - <==      Total: 1
2026-03-31 22:40:17.158 [http-nio-8080-exec-8] DEBUG c.m.mapper.NewsMapper.selectList - ==>  Preparing: SELECT id,title,content,cover_image,source,view_count,like_count,collect_count,comment_count,status,create_time,update_time FROM news WHERE (status = ?) ORDER BY create_time DESC LIMIT ?
2026-03-31 22:40:17.158 [http-nio-8080-exec-8] DEBUG c.m.mapper.NewsMapper.selectList - ==> Parameters: 1(Integer), 10(Long)
2026-03-31 22:40:17.160 [http-nio-8080-exec-8] DEBUG c.m.mapper.NewsMapper.selectList - <==      Total: 10
2026-03-31 22:40:32.618 [http-nio-8080-exec-3] DEBUG c.m.m.NewsMapper.selectList_mpCount - ==>  Preparing: SELECT COUNT(*) AS total FROM news WHERE (status = ?)
2026-03-31 22:40:32.618 [http-nio-8080-exec-3] DEBUG c.m.m.NewsMapper.selectList_mpCount - ==> Parameters: 1(Integer)
2026-03-31 22:40:32.618 [http-nio-8080-exec-3] DEBUG c.m.m.NewsMapper.selectList_mpCount - <==      Total: 1
2026-03-31 22:40:32.619 [http-nio-8080-exec-3] DEBUG c.m.mapper.NewsMapper.selectList - ==>  Preparing: SELECT id,title,content,cover_image,source,view_count,like_count,collect_count,comment_count,status,create_time,update_time FROM news WHERE (status = ?) ORDER BY create_time DESC LIMIT ?
2026-03-31 22:40:32.619 [http-nio-8080-exec-3] DEBUG c.m.mapper.NewsMapper.selectList - ==> Parameters: 1(Integer), 10(Long)
2026-03-31 22:40:32.619 [http-nio-8080-exec-3] DEBUG c.m.mapper.NewsMapper.selectList - <==      Total: 10
2026-03-31 22:42:18.404 [http-nio-8080-exec-3] DEBUG c.m.m.NewsMapper.selectList_mpCount - ==>  Preparing: SELECT COUNT(*) AS total FROM news WHERE (status = ?)
2026-03-31 22:42:18.404 [http-nio-8080-exec-3] DEBUG c.m.m.NewsMapper.selectList_mpCount - ==> Parameters: 1(Integer)
2026-03-31 22:42:18.404 [http-nio-8080-exec-3] DEBUG c.m.m.NewsMapper.selectList_mpCount - <==      Total: 1
2026-03-31 22:42:18.405 [http-nio-8080-exec-3] DEBUG c.m.mapper.NewsMapper.selectList - ==>  Preparing: SELECT id,title,content,cover_image,source,view_count,like_count,collect_count,comment_count,status,create_time,update_time FROM news WHERE (status = ?) ORDER BY create_time DESC LIMIT ?
2026-03-31 22:42:18.405 [http-nio-8080-exec-3] DEBUG c.m.mapper.NewsMapper.selectList - ==> Parameters: 1(Integer), 10(Long)
2026-03-31 22:42:18.406 [http-nio-8080-exec-3] DEBUG c.m.mapper.NewsMapper.selectList - <==      Total: 10
2026-03-31 22:43:40.196 [http-nio-8080-exec-4] DEBUG c.m.m.NewsMapper.selectList_mpCount - ==>  Preparing: SELECT COUNT(*) AS total FROM news WHERE (status = ?)
2026-03-31 22:43:40.196 [http-nio-8080-exec-4] DEBUG c.m.m.NewsMapper.selectList_mpCount - ==> Parameters: 1(Integer)
2026-03-31 22:43:40.196 [http-nio-8080-exec-4] DEBUG c.m.m.NewsMapper.selectList_mpCount - <==      Total: 1
2026-03-31 22:43:40.196 [http-nio-8080-exec-4] DEBUG c.m.mapper.NewsMapper.selectList - ==>  Preparing: SELECT id,title,content,cover_image,source,view_count,like_count,collect_count,comment_count,status,create_time,update_time FROM news WHERE (status = ?) ORDER BY create_time DESC LIMIT ?
2026-03-31 22:43:40.196 [http-nio-8080-exec-4] DEBUG c.m.mapper.NewsMapper.selectList - ==> Parameters: 1(Integer), 10(Long)
2026-03-31 22:43:40.197 [http-nio-8080-exec-4] DEBUG c.m.mapper.NewsMapper.selectList - <==      Total: 10
2026-03-31 22:43:43.368 [http-nio-8080-exec-6] DEBUG c.m.m.AttractionMapper.selectList - ==>  Preparing: SELECT id,name,city,province,address,description,cover_image,images,price,season,rating,like_count,collect_count,comment_count,tags,status,create_time,update_time FROM attraction WHERE (status = ?) ORDER BY like_count DESC LIMIT 10
2026-03-31 22:43:43.369 [http-nio-8080-exec-6] DEBUG c.m.m.AttractionMapper.selectList - ==> Parameters: 1(Integer)
2026-03-31 22:43:43.369 [http-nio-8080-exec-2] DEBUG c.m.mapper.NewsMapper.selectList - ==>  Preparing: SELECT id,title,content,cover_image,source,view_count,like_count,collect_count,comment_count,status,create_time,update_time FROM news WHERE (status = ?) ORDER BY view_count DESC LIMIT 10
2026-03-31 22:43:43.369 [http-nio-8080-exec-1] DEBUG c.m.mapper.FoodMapper.selectList - ==>  Preparing: SELECT id,name,city,province,address,description,cover_image,images,price,cuisine_type,rating,like_count,collect_count,comment_count,tags,commodity,status,create_time,update_time FROM food WHERE (status = ?) ORDER BY like_count DESC LIMIT 10
2026-03-31 22:43:43.369 [http-nio-8080-exec-10] DEBUG c.m.mapper.HotelMapper.selectList - ==>  Preparing: SELECT id,name,city,province,address,description,cover_image,images,price,star_level,rating,like_count,collect_count,comment_count,facilities,status,create_time,update_time FROM hotel WHERE (status = ?) ORDER BY rating DESC LIMIT 10
2026-03-31 22:43:43.369 [http-nio-8080-exec-2] DEBUG c.m.mapper.NewsMapper.selectList - ==> Parameters: 1(Integer)
2026-03-31 22:43:43.369 [http-nio-8080-exec-1] DEBUG c.m.mapper.FoodMapper.selectList - ==> Parameters: 1(Integer)
2026-03-31 22:43:43.369 [http-nio-8080-exec-10] DEBUG c.m.mapper.HotelMapper.selectList - ==> Parameters: 1(Integer)
2026-03-31 22:43:43.369 [http-nio-8080-exec-6] DEBUG c.m.m.AttractionMapper.selectList - <==      Total: 10
2026-03-31 22:43:43.371 [http-nio-8080-exec-1] DEBUG c.m.mapper.FoodMapper.selectList - <==      Total: 10
2026-03-31 22:43:43.371 [http-nio-8080-exec-10] DEBUG c.m.mapper.HotelMapper.selectList - <==      Total: 10
2026-03-31 22:43:43.373 [http-nio-8080-exec-2] DEBUG c.m.mapper.NewsMapper.selectList - <==      Total: 10
2026-03-31 22:44:43.702 [http-nio-8080-exec-2] DEBUG c.m.m.AttractionMapper.selectList - ==>  Preparing: SELECT id,name,city,province,address,description,cover_image,images,price,season,rating,like_count,collect_count,comment_count,tags,status,create_time,update_time FROM attraction WHERE (status = ?) ORDER BY like_count DESC LIMIT 10
2026-03-31 22:44:43.702 [http-nio-8080-exec-5] DEBUG c.m.mapper.NewsMapper.selectList - ==>  Preparing: SELECT id,title,content,cover_image,source,view_count,like_count,collect_count,comment_count,status,create_time,update_time FROM news WHERE (status = ?) ORDER BY view_count DESC LIMIT 10
2026-03-31 22:44:43.702 [http-nio-8080-exec-9] DEBUG c.m.mapper.HotelMapper.selectList - ==>  Preparing: SELECT id,name,city,province,address,description,cover_image,images,price,star_level,rating,like_count,collect_count,comment_count,facilities,status,create_time,update_time FROM hotel WHERE (status = ?) ORDER BY rating DESC LIMIT 10
2026-03-31 22:44:43.702 [http-nio-8080-exec-8] DEBUG c.m.mapper.FoodMapper.selectList - ==>  Preparing: SELECT id,name,city,province,address,description,cover_image,images,price,cuisine_type,rating,like_count,collect_count,comment_count,tags,commodity,status,create_time,update_time FROM food WHERE (status = ?) ORDER BY like_count DESC LIMIT 10
2026-03-31 22:44:43.702 [http-nio-8080-exec-9] DEBUG c.m.mapper.HotelMapper.selectList - ==> Parameters: 1(Integer)
2026-03-31 22:44:43.702 [http-nio-8080-exec-8] DEBUG c.m.mapper.FoodMapper.selectList - ==> Parameters: 1(Integer)
2026-03-31 22:44:43.702 [http-nio-8080-exec-5] DEBUG c.m.mapper.NewsMapper.selectList - ==> Parameters: 1(Integer)
2026-03-31 22:44:43.702 [http-nio-8080-exec-2] DEBUG c.m.m.AttractionMapper.selectList - ==> Parameters: 1(Integer)
2026-03-31 22:44:43.703 [http-nio-8080-exec-5] DEBUG c.m.mapper.NewsMapper.selectList - <==      Total: 10
2026-03-31 22:44:43.704 [http-nio-8080-exec-9] DEBUG c.m.mapper.HotelMapper.selectList - <==      Total: 10
2026-03-31 22:44:43.704 [http-nio-8080-exec-2] DEBUG c.m.m.AttractionMapper.selectList - <==      Total: 10
2026-03-31 22:44:43.704 [http-nio-8080-exec-8] DEBUG c.m.mapper.FoodMapper.selectList - <==      Total: 10
2026-03-31 22:44:44.459 [http-nio-8080-exec-1] DEBUG c.m.mapper.NewsMapper.selectList - ==>  Preparing: SELECT id,title,content,cover_image,source,view_count,like_count,collect_count,comment_count,status,create_time,update_time FROM news WHERE (status = ?) ORDER BY view_count DESC LIMIT 10
2026-03-31 22:44:44.459 [http-nio-8080-exec-3] DEBUG c.m.mapper.FoodMapper.selectList - ==>  Preparing: SELECT id,name,city,province,address,description,cover_image,images,price,cuisine_type,rating,like_count,collect_count,comment_count,tags,commodity,status,create_time,update_time FROM food WHERE (status = ?) ORDER BY like_count DESC LIMIT 10
2026-03-31 22:44:44.459 [http-nio-8080-exec-2] DEBUG c.m.m.AttractionMapper.selectList - ==>  Preparing: SELECT id,name,city,province,address,description,cover_image,images,price,season,rating,like_count,collect_count,comment_count,tags,status,create_time,update_time FROM attraction WHERE (status = ?) ORDER BY like_count DESC LIMIT 10
2026-03-31 22:44:44.459 [http-nio-8080-exec-4] DEBUG c.m.mapper.HotelMapper.selectList - ==>  Preparing: SELECT id,name,city,province,address,description,cover_image,images,price,star_level,rating,like_count,collect_count,comment_count,facilities,status,create_time,update_time FROM hotel WHERE (status = ?) ORDER BY rating DESC LIMIT 10
2026-03-31 22:44:44.459 [http-nio-8080-exec-1] DEBUG c.m.mapper.NewsMapper.selectList - ==> Parameters: 1(Integer)
2026-03-31 22:44:44.459 [http-nio-8080-exec-3] DEBUG c.m.mapper.FoodMapper.selectList - ==> Parameters: 1(Integer)
2026-03-31 22:44:44.459 [http-nio-8080-exec-4] DEBUG c.m.mapper.HotelMapper.selectList - ==> Parameters: 1(Integer)
2026-03-31 22:44:44.459 [http-nio-8080-exec-2] DEBUG c.m.m.AttractionMapper.selectList - ==> Parameters: 1(Integer)
2026-03-31 22:44:44.459 [http-nio-8080-exec-1] DEBUG c.m.mapper.NewsMapper.selectList - <==      Total: 10
2026-03-31 22:44:44.459 [http-nio-8080-exec-3] DEBUG c.m.mapper.FoodMapper.selectList - <==      Total: 10
2026-03-31 22:44:44.459 [http-nio-8080-exec-2] DEBUG c.m.m.AttractionMapper.selectList - <==      Total: 10
2026-03-31 22:44:44.459 [http-nio-8080-exec-4] DEBUG c.m.mapper.HotelMapper.selectList - <==      Total: 10
2026-03-31 22:44:46.829 [http-nio-8080-exec-6] DEBUG c.m.mapper.FoodMapper.selectList - ==>  Preparing: SELECT id,name,city,province,address,description,cover_image,images,price,cuisine_type,rating,like_count,collect_count,comment_count,tags,commodity,status,create_time,update_time FROM food WHERE (status = ?) ORDER BY like_count DESC LIMIT 10
2026-03-31 22:44:46.829 [http-nio-8080-exec-8] DEBUG c.m.mapper.NewsMapper.selectList - ==>  Preparing: SELECT id,title,content,cover_image,source,view_count,like_count,collect_count,comment_count,status,create_time,update_time FROM news WHERE (status = ?) ORDER BY view_count DESC LIMIT 10
2026-03-31 22:44:46.829 [http-nio-8080-exec-2] DEBUG c.m.mapper.HotelMapper.selectList - ==>  Preparing: SELECT id,name,city,province,address,description,cover_image,images,price,star_level,rating,like_count,collect_count,comment_count,facilities,status,create_time,update_time FROM hotel WHERE (status = ?) ORDER BY rating DESC LIMIT 10
2026-03-31 22:44:46.829 [http-nio-8080-exec-1] DEBUG c.m.m.AttractionMapper.selectList - ==>  Preparing: SELECT id,name,city,province,address,description,cover_image,images,price,season,rating,like_count,collect_count,comment_count,tags,status,create_time,update_time FROM attraction WHERE (status = ?) ORDER BY like_count DESC LIMIT 10
2026-03-31 22:44:46.829 [http-nio-8080-exec-8] DEBUG c.m.mapper.NewsMapper.selectList - ==> Parameters: 1(Integer)
2026-03-31 22:44:46.829 [http-nio-8080-exec-6] DEBUG c.m.mapper.FoodMapper.selectList - ==> Parameters: 1(Integer)
2026-03-31 22:44:46.830 [http-nio-8080-exec-1] DEBUG c.m.m.AttractionMapper.selectList - ==> Parameters: 1(Integer)
2026-03-31 22:44:46.830 [http-nio-8080-exec-2] DEBUG c.m.mapper.HotelMapper.selectList - ==> Parameters: 1(Integer)
2026-03-31 22:44:46.830 [http-nio-8080-exec-8] DEBUG c.m.mapper.NewsMapper.selectList - <==      Total: 10
2026-03-31 22:44:46.830 [http-nio-8080-exec-1] DEBUG c.m.m.AttractionMapper.selectList - <==      Total: 10
2026-03-31 22:44:46.830 [http-nio-8080-exec-2] DEBUG c.m.mapper.HotelMapper.selectList - <==      Total: 10
2026-03-31 22:44:46.835 [http-nio-8080-exec-6] DEBUG c.m.mapper.FoodMapper.selectList - <==      Total: 10
2026-03-31 22:44:59.093 [http-nio-8080-exec-7] DEBUG c.m.mapper.NewsMapper.selectList - ==>  Preparing: SELECT id,title,content,cover_image,source,view_count,like_count,collect_count,comment_count,status,create_time,update_time FROM news WHERE (status = ?) ORDER BY view_count DESC LIMIT 10
2026-03-31 22:44:59.093 [http-nio-8080-exec-5] DEBUG c.m.mapper.HotelMapper.selectList - ==>  Preparing: SELECT id,name,city,province,address,description,cover_image,images,price,star_level,rating,like_count,collect_count,comment_count,facilities,status,create_time,update_time FROM hotel WHERE (status = ?) ORDER BY rating DESC LIMIT 10
2026-03-31 22:44:59.093 [http-nio-8080-exec-9] DEBUG c.m.mapper.FoodMapper.selectList - ==>  Preparing: SELECT id,name,city,province,address,description,cover_image,images,price,cuisine_type,rating,like_count,collect_count,comment_count,tags,commodity,status,create_time,update_time FROM food WHERE (status = ?) ORDER BY like_count DESC LIMIT 10
2026-03-31 22:44:59.093 [http-nio-8080-exec-6] DEBUG c.m.m.AttractionMapper.selectList - ==>  Preparing: SELECT id,name,city,province,address,description,cover_image,images,price,season,rating,like_count,collect_count,comment_count,tags,status,create_time,update_time FROM attraction WHERE (status = ?) ORDER BY like_count DESC LIMIT 10
2026-03-31 22:44:59.093 [http-nio-8080-exec-5] DEBUG c.m.mapper.HotelMapper.selectList - ==> Parameters: 1(Integer)
2026-03-31 22:44:59.093 [http-nio-8080-exec-9] DEBUG c.m.mapper.FoodMapper.selectList - ==> Parameters: 1(Integer)
2026-03-31 22:44:59.093 [http-nio-8080-exec-7] DEBUG c.m.mapper.NewsMapper.selectList - ==> Parameters: 1(Integer)
2026-03-31 22:44:59.093 [http-nio-8080-exec-6] DEBUG c.m.m.AttractionMapper.selectList - ==> Parameters: 1(Integer)
2026-03-31 22:44:59.094 [http-nio-8080-exec-5] DEBUG c.m.mapper.HotelMapper.selectList - <==      Total: 10
2026-03-31 22:44:59.094 [http-nio-8080-exec-7] DEBUG c.m.mapper.NewsMapper.selectList - <==      Total: 10
2026-03-31 22:44:59.094 [http-nio-8080-exec-6] DEBUG c.m.m.AttractionMapper.selectList - <==      Total: 10
2026-03-31 22:44:59.094 [http-nio-8080-exec-9] DEBUG c.m.mapper.FoodMapper.selectList - <==      Total: 10
2026-03-31 22:45:04.977 [http-nio-8080-exec-6] DEBUG c.m.m.W.selectList_mpCount - ==>  Preparing: SELECT COUNT(*) AS total FROM worldcharacteristics
2026-03-31 22:45:04.977 [http-nio-8080-exec-6] DEBUG c.m.m.W.selectList_mpCount - ==> Parameters: 
2026-03-31 22:45:04.978 [http-nio-8080-exec-6] DEBUG c.m.m.W.selectList_mpCount - <==      Total: 1
2026-03-31 22:45:04.978 [http-nio-8080-exec-6] DEBUG c.m.m.W.selectList - ==>  Preparing: SELECT id,name,country,image,description,features,history,culture,tags,category,color FROM worldcharacteristics LIMIT ?
2026-03-31 22:45:04.978 [http-nio-8080-exec-6] DEBUG c.m.m.W.selectList - ==> Parameters: 10(Long)
2026-03-31 22:45:04.980 [http-nio-8080-exec-6] DEBUG c.m.m.W.selectList - <==      Total: 10
2026-03-31 22:45:05.630 [http-nio-8080-exec-4] DEBUG c.m.m.C.selectList_mpCount - ==>  Preparing: SELECT COUNT(*) AS total FROM community_post WHERE (status = ?)
2026-03-31 22:45:05.630 [http-nio-8080-exec-4] DEBUG c.m.m.C.selectList_mpCount - ==> Parameters: 1(Integer)
2026-03-31 22:45:05.631 [http-nio-8080-exec-4] DEBUG c.m.m.C.selectList_mpCount - <==      Total: 1
2026-03-31 22:45:05.631 [http-nio-8080-exec-4] DEBUG c.m.m.CommunityPostMapper.selectList - ==>  Preparing: SELECT id,user_id,title,content,images,videos,like_count,comment_count,collect_count,status,create_time,update_time FROM community_post WHERE (status = ?) ORDER BY create_time DESC LIMIT ?
2026-03-31 22:45:05.631 [http-nio-8080-exec-4] DEBUG c.m.m.CommunityPostMapper.selectList - ==> Parameters: 1(Integer), 10(Long)
2026-03-31 22:45:05.633 [http-nio-8080-exec-4] DEBUG c.m.m.CommunityPostMapper.selectList - <==      Total: 10
2026-03-31 22:45:06.197 [http-nio-8080-exec-1] DEBUG c.m.m.NewsMapper.selectList_mpCount - ==>  Preparing: SELECT COUNT(*) AS total FROM news WHERE (status = ?)
2026-03-31 22:45:06.197 [http-nio-8080-exec-1] DEBUG c.m.m.NewsMapper.selectList_mpCount - ==> Parameters: 1(Integer)
2026-03-31 22:45:06.197 [http-nio-8080-exec-1] DEBUG c.m.m.NewsMapper.selectList_mpCount - <==      Total: 1
2026-03-31 22:45:06.197 [http-nio-8080-exec-1] DEBUG c.m.mapper.NewsMapper.selectList - ==>  Preparing: SELECT id,title,content,cover_image,source,view_count,like_count,collect_count,comment_count,status,create_time,update_time FROM news WHERE (status = ?) ORDER BY create_time DESC LIMIT ?
2026-03-31 22:45:06.197 [http-nio-8080-exec-1] DEBUG c.m.mapper.NewsMapper.selectList - ==> Parameters: 1(Integer), 10(Long)
2026-03-31 22:45:06.198 [http-nio-8080-exec-1] DEBUG c.m.mapper.NewsMapper.selectList - <==      Total: 10
2026-03-31 22:45:34.438 [http-nio-8080-exec-2] DEBUG c.m.mapper.FoodMapper.selectList - ==>  Preparing: SELECT id,name,city,province,address,description,cover_image,images,price,cuisine_type,rating,like_count,collect_count,comment_count,tags,commodity,status,create_time,update_time FROM food WHERE (status = ?) ORDER BY like_count DESC LIMIT 10
2026-03-31 22:45:34.438 [http-nio-8080-exec-10] DEBUG c.m.mapper.HotelMapper.selectList - ==>  Preparing: SELECT id,name,city,province,address,description,cover_image,images,price,star_level,rating,like_count,collect_count,comment_count,facilities,status,create_time,update_time FROM hotel WHERE (status = ?) ORDER BY rating DESC LIMIT 10
2026-03-31 22:45:34.438 [http-nio-8080-exec-7] DEBUG c.m.mapper.NewsMapper.selectList - ==>  Preparing: SELECT id,title,content,cover_image,source,view_count,like_count,collect_count,comment_count,status,create_time,update_time FROM news WHERE (status = ?) ORDER BY view_count DESC LIMIT 10
2026-03-31 22:45:34.438 [http-nio-8080-exec-8] DEBUG c.m.m.AttractionMapper.selectList - ==>  Preparing: SELECT id,name,city,province,address,description,cover_image,images,price,season,rating,like_count,collect_count,comment_count,tags,status,create_time,update_time FROM attraction WHERE (status = ?) ORDER BY like_count DESC LIMIT 10
2026-03-31 22:45:34.438 [http-nio-8080-exec-10] DEBUG c.m.mapper.HotelMapper.selectList - ==> Parameters: 1(Integer)
2026-03-31 22:45:34.438 [http-nio-8080-exec-8] DEBUG c.m.m.AttractionMapper.selectList - ==> Parameters: 1(Integer)
2026-03-31 22:45:34.438 [http-nio-8080-exec-7] DEBUG c.m.mapper.NewsMapper.selectList - ==> Parameters: 1(Integer)
2026-03-31 22:45:34.438 [http-nio-8080-exec-2] DEBUG c.m.mapper.FoodMapper.selectList - ==> Parameters: 1(Integer)
2026-03-31 22:45:34.440 [http-nio-8080-exec-2] DEBUG c.m.mapper.FoodMapper.selectList - <==      Total: 10
2026-03-31 22:45:34.440 [http-nio-8080-exec-7] DEBUG c.m.mapper.NewsMapper.selectList - <==      Total: 10
2026-03-31 22:45:34.449 [http-nio-8080-exec-8] DEBUG c.m.m.AttractionMapper.selectList - <==      Total: 10
2026-03-31 22:45:34.449 [http-nio-8080-exec-10] DEBUG c.m.mapper.HotelMapper.selectList - <==      Total: 10
2026-03-31 22:45:36.476 [http-nio-8080-exec-8] DEBUG c.m.m.W.selectList_mpCount - ==>  Preparing: SELECT COUNT(*) AS total FROM worldcharacteristics
2026-03-31 22:45:36.477 [http-nio-8080-exec-8] DEBUG c.m.m.W.selectList_mpCount - ==> Parameters: 
2026-03-31 22:45:36.478 [http-nio-8080-exec-8] DEBUG c.m.m.W.selectList_mpCount - <==      Total: 1
2026-03-31 22:45:36.479 [http-nio-8080-exec-8] DEBUG c.m.m.W.selectList - ==>  Preparing: SELECT id,name,country,image,description,features,history,culture,tags,category,color FROM worldcharacteristics LIMIT ?
2026-03-31 22:45:36.479 [http-nio-8080-exec-8] DEBUG c.m.m.W.selectList - ==> Parameters: 10(Long)
2026-03-31 22:45:36.479 [http-nio-8080-exec-8] DEBUG c.m.m.W.selectList - <==      Total: 10
2026-03-31 22:45:37.058 [http-nio-8080-exec-6] DEBUG c.m.m.C.selectList_mpCount - ==>  Preparing: SELECT COUNT(*) AS total FROM community_post WHERE (status = ?)
2026-03-31 22:45:37.058 [http-nio-8080-exec-6] DEBUG c.m.m.C.selectList_mpCount - ==> Parameters: 1(Integer)
2026-03-31 22:45:37.058 [http-nio-8080-exec-6] DEBUG c.m.m.C.selectList_mpCount - <==      Total: 1
2026-03-31 22:45:37.059 [http-nio-8080-exec-6] DEBUG c.m.m.CommunityPostMapper.selectList - ==>  Preparing: SELECT id,user_id,title,content,images,videos,like_count,comment_count,collect_count,status,create_time,update_time FROM community_post WHERE (status = ?) ORDER BY create_time DESC LIMIT ?
2026-03-31 22:45:37.059 [http-nio-8080-exec-6] DEBUG c.m.m.CommunityPostMapper.selectList - ==> Parameters: 1(Integer), 10(Long)
2026-03-31 22:45:37.059 [http-nio-8080-exec-6] DEBUG c.m.m.CommunityPostMapper.selectList - <==      Total: 10
2026-03-31 22:45:37.113 [http-nio-8080-exec-3] DEBUG c.m.mapper.HotelMapper.selectList - ==>  Preparing: SELECT id,name,city,province,address,description,cover_image,images,price,star_level,rating,like_count,collect_count,comment_count,facilities,status,create_time,update_time FROM hotel WHERE (status = ?) ORDER BY rating DESC LIMIT 10
2026-03-31 22:45:37.114 [http-nio-8080-exec-1] DEBUG c.m.mapper.FoodMapper.selectList - ==>  Preparing: SELECT id,name,city,province,address,description,cover_image,images,price,cuisine_type,rating,like_count,collect_count,comment_count,tags,commodity,status,create_time,update_time FROM food WHERE (status = ?) ORDER BY like_count DESC LIMIT 10
2026-03-31 22:45:37.114 [http-nio-8080-exec-4] DEBUG c.m.mapper.NewsMapper.selectList - ==>  Preparing: SELECT id,title,content,cover_image,source,view_count,like_count,collect_count,comment_count,status,create_time,update_time FROM news WHERE (status = ?) ORDER BY view_count DESC LIMIT 10
2026-03-31 22:45:37.114 [http-nio-8080-exec-4] DEBUG c.m.mapper.NewsMapper.selectList - ==> Parameters: 1(Integer)
2026-03-31 22:45:37.114 [http-nio-8080-exec-1] DEBUG c.m.mapper.FoodMapper.selectList - ==> Parameters: 1(Integer)
2026-03-31 22:45:37.115 [http-nio-8080-exec-4] DEBUG c.m.mapper.NewsMapper.selectList - <==      Total: 10
2026-03-31 22:45:37.116 [http-nio-8080-exec-3] DEBUG c.m.mapper.HotelMapper.selectList - ==> Parameters: 1(Integer)
2026-03-31 22:45:37.117 [http-nio-8080-exec-1] DEBUG c.m.mapper.FoodMapper.selectList - <==      Total: 10
2026-03-31 22:45:37.117 [http-nio-8080-exec-3] DEBUG c.m.mapper.HotelMapper.selectList - <==      Total: 10
2026-03-31 22:45:37.119 [http-nio-8080-exec-9] DEBUG c.m.m.AttractionMapper.selectList - ==>  Preparing: SELECT id,name,city,province,address,description,cover_image,images,price,season,rating,like_count,collect_count,comment_count,tags,status,create_time,update_time FROM attraction WHERE (status = ?) ORDER BY like_count DESC LIMIT 10
2026-03-31 22:45:37.119 [http-nio-8080-exec-9] DEBUG c.m.m.AttractionMapper.selectList - ==> Parameters: 1(Integer)
2026-03-31 22:45:37.121 [http-nio-8080-exec-9] DEBUG c.m.m.AttractionMapper.selectList - <==      Total: 10
2026-03-31 22:45:37.124 [http-nio-8080-exec-7] DEBUG c.m.mapper.HotelMapper.selectList - ==>  Preparing: SELECT id,name,city,province,address,description,cover_image,images,price,star_level,rating,like_count,collect_count,comment_count,facilities,status,create_time,update_time FROM hotel WHERE (status = ?) ORDER BY rating DESC LIMIT 10
2026-03-31 22:45:37.124 [http-nio-8080-exec-7] DEBUG c.m.mapper.HotelMapper.selectList - ==> Parameters: 1(Integer)
2026-03-31 22:45:37.126 [http-nio-8080-exec-7] DEBUG c.m.mapper.HotelMapper.selectList - <==      Total: 10
2026-03-31 22:45:37.128 [http-nio-8080-exec-10] DEBUG c.m.m.AttractionMapper.selectList - ==>  Preparing: SELECT id,name,city,province,address,description,cover_image,images,price,season,rating,like_count,collect_count,comment_count,tags,status,create_time,update_time FROM attraction WHERE (status = ?) ORDER BY like_count DESC LIMIT 10
2026-03-31 22:45:37.133 [http-nio-8080-exec-10] DEBUG c.m.m.AttractionMapper.selectList - ==> Parameters: 1(Integer)
2026-03-31 22:45:37.138 [http-nio-8080-exec-10] DEBUG c.m.m.AttractionMapper.selectList - <==      Total: 10
2026-03-31 22:45:37.139 [http-nio-8080-exec-3] DEBUG c.m.mapper.FoodMapper.selectList - ==>  Preparing: SELECT id,name,city,province,address,description,cover_image,images,price,cuisine_type,rating,like_count,collect_count,comment_count,tags,commodity,status,create_time,update_time FROM food WHERE (status = ?) ORDER BY like_count DESC LIMIT 10
2026-03-31 22:45:37.140 [http-nio-8080-exec-3] DEBUG c.m.mapper.FoodMapper.selectList - ==> Parameters: 1(Integer)
2026-03-31 22:45:37.142 [http-nio-8080-exec-3] DEBUG c.m.mapper.FoodMapper.selectList - <==      Total: 10
2026-03-31 22:45:37.157 [http-nio-8080-exec-8] DEBUG c.m.mapper.NewsMapper.selectList - ==>  Preparing: SELECT id,title,content,cover_image,source,view_count,like_count,collect_count,comment_count,status,create_time,update_time FROM news WHERE (status = ?) ORDER BY view_count DESC LIMIT 10
2026-03-31 22:45:37.157 [http-nio-8080-exec-8] DEBUG c.m.mapper.NewsMapper.selectList - ==> Parameters: 1(Integer)
2026-03-31 22:45:37.158 [http-nio-8080-exec-8] DEBUG c.m.mapper.NewsMapper.selectList - <==      Total: 10
2026-03-31 22:45:37.553 [http-nio-8080-exec-1] DEBUG c.m.m.NewsMapper.selectList_mpCount - ==>  Preparing: SELECT COUNT(*) AS total FROM news WHERE (status = ?)
2026-03-31 22:45:37.553 [http-nio-8080-exec-1] DEBUG c.m.m.NewsMapper.selectList_mpCount - ==> Parameters: 1(Integer)
2026-03-31 22:45:37.555 [http-nio-8080-exec-1] DEBUG c.m.m.NewsMapper.selectList_mpCount - <==      Total: 1
2026-03-31 22:45:37.555 [http-nio-8080-exec-1] DEBUG c.m.mapper.NewsMapper.selectList - ==>  Preparing: SELECT id,title,content,cover_image,source,view_count,like_count,collect_count,comment_count,status,create_time,update_time FROM news WHERE (status = ?) ORDER BY create_time DESC LIMIT ?
2026-03-31 22:45:37.555 [http-nio-8080-exec-1] DEBUG c.m.mapper.NewsMapper.selectList - ==> Parameters: 1(Integer), 10(Long)
2026-03-31 22:45:37.556 [http-nio-8080-exec-1] DEBUG c.m.mapper.NewsMapper.selectList - <==      Total: 10
2026-03-31 22:45:46.094 [http-nio-8080-exec-10] DEBUG c.m.m.W.selectList_mpCount - ==>  Preparing: SELECT COUNT(*) AS total FROM worldcharacteristics
2026-03-31 22:45:46.094 [http-nio-8080-exec-10] DEBUG c.m.m.W.selectList_mpCount - ==> Parameters: 
2026-03-31 22:45:46.096 [http-nio-8080-exec-10] DEBUG c.m.m.W.selectList_mpCount - <==      Total: 1
2026-03-31 22:45:46.096 [http-nio-8080-exec-10] DEBUG c.m.m.W.selectList - ==>  Preparing: SELECT id,name,country,image,description,features,history,culture,tags,category,color FROM worldcharacteristics LIMIT ?
2026-03-31 22:45:46.096 [http-nio-8080-exec-10] DEBUG c.m.m.W.selectList - ==> Parameters: 10(Long)
2026-03-31 22:45:46.098 [http-nio-8080-exec-10] DEBUG c.m.m.W.selectList - <==      Total: 10
2026-03-31 22:45:54.960 [http-nio-8080-exec-1] DEBUG c.m.m.C.selectList_mpCount - ==>  Preparing: SELECT COUNT(*) AS total FROM community_post WHERE (status = ?)
2026-03-31 22:45:54.960 [http-nio-8080-exec-1] DEBUG c.m.m.C.selectList_mpCount - ==> Parameters: 1(Integer)
2026-03-31 22:45:54.961 [http-nio-8080-exec-1] DEBUG c.m.m.C.selectList_mpCount - <==      Total: 1
2026-03-31 22:45:54.961 [http-nio-8080-exec-1] DEBUG c.m.m.CommunityPostMapper.selectList - ==>  Preparing: SELECT id,user_id,title,content,images,videos,like_count,comment_count,collect_count,status,create_time,update_time FROM community_post WHERE (status = ?) ORDER BY create_time DESC LIMIT ?
2026-03-31 22:45:54.961 [http-nio-8080-exec-1] DEBUG c.m.m.CommunityPostMapper.selectList - ==> Parameters: 1(Integer), 10(Long)
2026-03-31 22:45:54.961 [http-nio-8080-exec-1] DEBUG c.m.m.CommunityPostMapper.selectList - <==      Total: 10
2026-03-31 22:46:03.516 [http-nio-8080-exec-8] DEBUG c.m.m.NewsMapper.selectList_mpCount - ==>  Preparing: SELECT COUNT(*) AS total FROM news WHERE (status = ?)
2026-03-31 22:46:03.518 [http-nio-8080-exec-8] DEBUG c.m.m.NewsMapper.selectList_mpCount - ==> Parameters: 1(Integer)
2026-03-31 22:46:03.518 [http-nio-8080-exec-8] DEBUG c.m.m.NewsMapper.selectList_mpCount - <==      Total: 1
2026-03-31 22:46:03.518 [http-nio-8080-exec-8] DEBUG c.m.mapper.NewsMapper.selectList - ==>  Preparing: SELECT id,title,content,cover_image,source,view_count,like_count,collect_count,comment_count,status,create_time,update_time FROM news WHERE (status = ?) ORDER BY create_time DESC LIMIT ?
2026-03-31 22:46:03.518 [http-nio-8080-exec-8] DEBUG c.m.mapper.NewsMapper.selectList - ==> Parameters: 1(Integer), 10(Long)
2026-03-31 22:46:03.519 [http-nio-8080-exec-8] DEBUG c.m.mapper.NewsMapper.selectList - <==      Total: 10
2026-03-31 22:46:13.463 [http-nio-8080-exec-10] DEBUG c.m.m.AttractionMapper.selectList - ==>  Preparing: SELECT id,name,city,province,address,description,cover_image,images,price,season,rating,like_count,collect_count,comment_count,tags,status,create_time,update_time FROM attraction WHERE (status = ?) ORDER BY like_count DESC LIMIT 10
2026-03-31 22:46:13.463 [http-nio-8080-exec-5] DEBUG c.m.mapper.NewsMapper.selectList - ==>  Preparing: SELECT id,title,content,cover_image,source,view_count,like_count,collect_count,comment_count,status,create_time,update_time FROM news WHERE (status = ?) ORDER BY view_count DESC LIMIT 10
2026-03-31 22:46:13.463 [http-nio-8080-exec-4] DEBUG c.m.mapper.HotelMapper.selectList - ==>  Preparing: SELECT id,name,city,province,address,description,cover_image,images,price,star_level,rating,like_count,collect_count,comment_count,facilities,status,create_time,update_time FROM hotel WHERE (status = ?) ORDER BY rating DESC LIMIT 10
2026-03-31 22:46:13.463 [http-nio-8080-exec-1] DEBUG c.m.mapper.FoodMapper.selectList - ==>  Preparing: SELECT id,name,city,province,address,description,cover_image,images,price,cuisine_type,rating,like_count,collect_count,comment_count,tags,commodity,status,create_time,update_time FROM food WHERE (status = ?) ORDER BY like_count DESC LIMIT 10
2026-03-31 22:46:13.463 [http-nio-8080-exec-1] DEBUG c.m.mapper.FoodMapper.selectList - ==> Parameters: 1(Integer)
2026-03-31 22:46:13.463 [http-nio-8080-exec-10] DEBUG c.m.m.AttractionMapper.selectList - ==> Parameters: 1(Integer)
2026-03-31 22:46:13.463 [http-nio-8080-exec-4] DEBUG c.m.mapper.HotelMapper.selectList - ==> Parameters: 1(Integer)
2026-03-31 22:46:13.463 [http-nio-8080-exec-5] DEBUG c.m.mapper.NewsMapper.selectList - ==> Parameters: 1(Integer)
2026-03-31 22:46:13.465 [http-nio-8080-exec-5] DEBUG c.m.mapper.NewsMapper.selectList - <==      Total: 10
2026-03-31 22:46:13.465 [http-nio-8080-exec-10] DEBUG c.m.m.AttractionMapper.selectList - <==      Total: 10
2026-03-31 22:46:13.465 [http-nio-8080-exec-4] DEBUG c.m.mapper.HotelMapper.selectList - <==      Total: 10
2026-03-31 22:46:13.465 [http-nio-8080-exec-1] DEBUG c.m.mapper.FoodMapper.selectList - <==      Total: 10
2026-03-31 22:46:20.790 [http-nio-8080-exec-10] DEBUG c.m.m.W.selectList_mpCount - ==>  Preparing: SELECT COUNT(*) AS total FROM worldcharacteristics
2026-03-31 22:46:20.790 [http-nio-8080-exec-10] DEBUG c.m.m.W.selectList_mpCount - ==> Parameters: 
2026-03-31 22:46:20.791 [http-nio-8080-exec-10] DEBUG c.m.m.W.selectList_mpCount - <==      Total: 1
2026-03-31 22:46:20.791 [http-nio-8080-exec-10] DEBUG c.m.m.W.selectList - ==>  Preparing: SELECT id,name,country,image,description,features,history,culture,tags,category,color FROM worldcharacteristics LIMIT ?
2026-03-31 22:46:20.793 [http-nio-8080-exec-10] DEBUG c.m.m.W.selectList - ==> Parameters: 10(Long)
2026-03-31 22:46:20.793 [http-nio-8080-exec-10] DEBUG c.m.m.W.selectList - <==      Total: 10
2026-03-31 22:46:22.593 [http-nio-8080-exec-7] DEBUG c.m.m.C.selectList_mpCount - ==>  Preparing: SELECT COUNT(*) AS total FROM community_post WHERE (status = ?)
2026-03-31 22:46:22.593 [http-nio-8080-exec-7] DEBUG c.m.m.C.selectList_mpCount - ==> Parameters: 1(Integer)
2026-03-31 22:46:22.593 [http-nio-8080-exec-7] DEBUG c.m.m.C.selectList_mpCount - <==      Total: 1
2026-03-31 22:46:22.594 [http-nio-8080-exec-7] DEBUG c.m.m.CommunityPostMapper.selectList - ==>  Preparing: SELECT id,user_id,title,content,images,videos,like_count,comment_count,collect_count,status,create_time,update_time FROM community_post WHERE (status = ?) ORDER BY create_time DESC LIMIT ?
2026-03-31 22:46:22.594 [http-nio-8080-exec-7] DEBUG c.m.m.CommunityPostMapper.selectList - ==> Parameters: 1(Integer), 10(Long)
2026-03-31 22:46:22.594 [http-nio-8080-exec-7] DEBUG c.m.m.CommunityPostMapper.selectList - <==      Total: 10
2026-03-31 22:46:23.726 [http-nio-8080-exec-6] DEBUG c.m.m.NewsMapper.selectList_mpCount - ==>  Preparing: SELECT COUNT(*) AS total FROM news WHERE (status = ?)
2026-03-31 22:46:23.726 [http-nio-8080-exec-6] DEBUG c.m.m.NewsMapper.selectList_mpCount - ==> Parameters: 1(Integer)
2026-03-31 22:46:23.726 [http-nio-8080-exec-6] DEBUG c.m.m.NewsMapper.selectList_mpCount - <==      Total: 1
2026-03-31 22:46:23.726 [http-nio-8080-exec-6] DEBUG c.m.mapper.NewsMapper.selectList - ==>  Preparing: SELECT id,title,content,cover_image,source,view_count,like_count,collect_count,comment_count,status,create_time,update_time FROM news WHERE (status = ?) ORDER BY create_time DESC LIMIT ?
2026-03-31 22:46:23.726 [http-nio-8080-exec-6] DEBUG c.m.mapper.NewsMapper.selectList - ==> Parameters: 1(Integer), 10(Long)
2026-03-31 22:46:23.727 [http-nio-8080-exec-6] DEBUG c.m.mapper.NewsMapper.selectList - <==      Total: 10
2026-03-31 22:49:43.011 [http-nio-8080-exec-8] DEBUG c.m.m.NewsMapper.selectList_mpCount - ==>  Preparing: SELECT COUNT(*) AS total FROM news WHERE (status = ?)
2026-03-31 22:49:43.011 [http-nio-8080-exec-8] DEBUG c.m.m.NewsMapper.selectList_mpCount - ==> Parameters: 1(Integer)
2026-03-31 22:49:43.011 [http-nio-8080-exec-8] DEBUG c.m.m.NewsMapper.selectList_mpCount - <==      Total: 1
2026-03-31 22:49:43.012 [http-nio-8080-exec-8] DEBUG c.m.mapper.NewsMapper.selectList - ==>  Preparing: SELECT id,title,content,cover_image,source,view_count,like_count,collect_count,comment_count,status,create_time,update_time FROM news WHERE (status = ?) ORDER BY create_time DESC LIMIT ?
2026-03-31 22:49:43.012 [http-nio-8080-exec-8] DEBUG c.m.mapper.NewsMapper.selectList - ==> Parameters: 1(Integer), 10(Long)
2026-03-31 22:49:43.014 [http-nio-8080-exec-8] DEBUG c.m.mapper.NewsMapper.selectList - <==      Total: 10
2026-03-31 22:49:43.772 [http-nio-8080-exec-6] DEBUG c.m.m.C.selectList_mpCount - ==>  Preparing: SELECT COUNT(*) AS total FROM community_post WHERE (status = ?)
2026-03-31 22:49:43.773 [http-nio-8080-exec-6] DEBUG c.m.m.C.selectList_mpCount - ==> Parameters: 1(Integer)
2026-03-31 22:49:43.773 [http-nio-8080-exec-6] DEBUG c.m.m.C.selectList_mpCount - <==      Total: 1
2026-03-31 22:49:43.773 [http-nio-8080-exec-6] DEBUG c.m.m.CommunityPostMapper.selectList - ==>  Preparing: SELECT id,user_id,title,content,images,videos,like_count,comment_count,collect_count,status,create_time,update_time FROM community_post WHERE (status = ?) ORDER BY create_time DESC LIMIT ?
2026-03-31 22:49:43.773 [http-nio-8080-exec-6] DEBUG c.m.m.CommunityPostMapper.selectList - ==> Parameters: 1(Integer), 10(Long)
2026-03-31 22:49:43.775 [http-nio-8080-exec-6] DEBUG c.m.m.CommunityPostMapper.selectList - <==      Total: 10
2026-03-31 22:49:44.847 [http-nio-8080-exec-7] DEBUG c.m.m.W.selectList_mpCount - ==>  Preparing: SELECT COUNT(*) AS total FROM worldcharacteristics
2026-03-31 22:49:44.847 [http-nio-8080-exec-7] DEBUG c.m.m.W.selectList_mpCount - ==> Parameters: 
2026-03-31 22:49:44.848 [http-nio-8080-exec-7] DEBUG c.m.m.W.selectList_mpCount - <==      Total: 1
2026-03-31 22:49:44.848 [http-nio-8080-exec-7] DEBUG c.m.m.W.selectList - ==>  Preparing: SELECT id,name,country,image,description,features,history,culture,tags,category,color FROM worldcharacteristics LIMIT ?
2026-03-31 22:49:44.848 [http-nio-8080-exec-7] DEBUG c.m.m.W.selectList - ==> Parameters: 10(Long)
2026-03-31 22:49:44.848 [http-nio-8080-exec-7] DEBUG c.m.m.W.selectList - <==      Total: 10
2026-03-31 22:49:46.005 [http-nio-8080-exec-4] DEBUG c.m.m.AttractionMapper.selectList - ==>  Preparing: SELECT id,name,city,province,address,description,cover_image,images,price,season,rating,like_count,collect_count,comment_count,tags,status,create_time,update_time FROM attraction WHERE (status = ?) ORDER BY like_count DESC LIMIT 10
2026-03-31 22:49:46.006 [http-nio-8080-exec-4] DEBUG c.m.m.AttractionMapper.selectList - ==> Parameters: 1(Integer)
2026-03-31 22:49:46.006 [http-nio-8080-exec-10] DEBUG c.m.mapper.FoodMapper.selectList - ==>  Preparing: SELECT id,name,city,province,address,description,cover_image,images,price,cuisine_type,rating,like_count,collect_count,comment_count,tags,commodity,status,create_time,update_time FROM food WHERE (status = ?) ORDER BY like_count DESC LIMIT 10
2026-03-31 22:49:46.006 [http-nio-8080-exec-9] DEBUG c.m.mapper.HotelMapper.selectList - ==>  Preparing: SELECT id,name,city,province,address,description,cover_image,images,price,star_level,rating,like_count,collect_count,comment_count,facilities,status,create_time,update_time FROM hotel WHERE (status = ?) ORDER BY rating DESC LIMIT 10
2026-03-31 22:49:46.006 [http-nio-8080-exec-5] DEBUG c.m.mapper.NewsMapper.selectList - ==>  Preparing: SELECT id,title,content,cover_image,source,view_count,like_count,collect_count,comment_count,status,create_time,update_time FROM news WHERE (status = ?) ORDER BY view_count DESC LIMIT 10
2026-03-31 22:49:46.006 [http-nio-8080-exec-9] DEBUG c.m.mapper.HotelMapper.selectList - ==> Parameters: 1(Integer)
2026-03-31 22:49:46.006 [http-nio-8080-exec-10] DEBUG c.m.mapper.FoodMapper.selectList - ==> Parameters: 1(Integer)
2026-03-31 22:49:46.006 [http-nio-8080-exec-5] DEBUG c.m.mapper.NewsMapper.selectList - ==> Parameters: 1(Integer)
2026-03-31 22:49:46.007 [http-nio-8080-exec-4] DEBUG c.m.m.AttractionMapper.selectList - <==      Total: 10
2026-03-31 22:49:46.007 [http-nio-8080-exec-5] DEBUG c.m.mapper.NewsMapper.selectList - <==      Total: 10
2026-03-31 22:49:46.007 [http-nio-8080-exec-9] DEBUG c.m.mapper.HotelMapper.selectList - <==      Total: 10
2026-03-31 22:49:46.007 [http-nio-8080-exec-10] DEBUG c.m.mapper.FoodMapper.selectList - <==      Total: 10
2026-03-31 22:49:50.041 [http-nio-8080-exec-4] DEBUG c.m.m.W.selectList_mpCount - ==>  Preparing: SELECT COUNT(*) AS total FROM worldcharacteristics
2026-03-31 22:49:50.042 [http-nio-8080-exec-4] DEBUG c.m.m.W.selectList_mpCount - ==> Parameters: 
2026-03-31 22:49:50.042 [http-nio-8080-exec-4] DEBUG c.m.m.W.selectList_mpCount - <==      Total: 1
2026-03-31 22:49:50.042 [http-nio-8080-exec-4] DEBUG c.m.m.W.selectList - ==>  Preparing: SELECT id,name,country,image,description,features,history,culture,tags,category,color FROM worldcharacteristics LIMIT ?
2026-03-31 22:49:50.042 [http-nio-8080-exec-4] DEBUG c.m.m.W.selectList - ==> Parameters: 10(Long)
2026-03-31 22:49:50.044 [http-nio-8080-exec-4] DEBUG c.m.m.W.selectList - <==      Total: 10
2026-03-31 22:49:50.986 [http-nio-8080-exec-3] DEBUG c.m.m.AttractionMapper.selectList - ==>  Preparing: SELECT id,name,city,province,address,description,cover_image,images,price,season,rating,like_count,collect_count,comment_count,tags,status,create_time,update_time FROM attraction WHERE (status = ?) ORDER BY like_count DESC LIMIT 10
2026-03-31 22:49:50.986 [http-nio-8080-exec-6] DEBUG c.m.mapper.HotelMapper.selectList - ==>  Preparing: SELECT id,name,city,province,address,description,cover_image,images,price,star_level,rating,like_count,collect_count,comment_count,facilities,status,create_time,update_time FROM hotel WHERE (status = ?) ORDER BY rating DESC LIMIT 10
2026-03-31 22:49:50.986 [http-nio-8080-exec-8] DEBUG c.m.mapper.FoodMapper.selectList - ==>  Preparing: SELECT id,name,city,province,address,description,cover_image,images,price,cuisine_type,rating,like_count,collect_count,comment_count,tags,commodity,status,create_time,update_time FROM food WHERE (status = ?) ORDER BY like_count DESC LIMIT 10
2026-03-31 22:49:50.986 [http-nio-8080-exec-5] DEBUG c.m.mapper.NewsMapper.selectList - ==>  Preparing: SELECT id,title,content,cover_image,source,view_count,like_count,collect_count,comment_count,status,create_time,update_time FROM news WHERE (status = ?) ORDER BY view_count DESC LIMIT 10
2026-03-31 22:49:50.986 [http-nio-8080-exec-3] DEBUG c.m.m.AttractionMapper.selectList - ==> Parameters: 1(Integer)
2026-03-31 22:49:50.986 [http-nio-8080-exec-5] DEBUG c.m.mapper.NewsMapper.selectList - ==> Parameters: 1(Integer)
2026-03-31 22:49:50.986 [http-nio-8080-exec-6] DEBUG c.m.mapper.HotelMapper.selectList - ==> Parameters: 1(Integer)
2026-03-31 22:49:50.987 [http-nio-8080-exec-8] DEBUG c.m.mapper.FoodMapper.selectList - ==> Parameters: 1(Integer)
2026-03-31 22:49:50.987 [http-nio-8080-exec-5] DEBUG c.m.mapper.NewsMapper.selectList - <==      Total: 10
2026-03-31 22:49:50.987 [http-nio-8080-exec-3] DEBUG c.m.m.AttractionMapper.selectList - <==      Total: 10
2026-03-31 22:49:50.987 [http-nio-8080-exec-6] DEBUG c.m.mapper.HotelMapper.selectList - <==      Total: 10
2026-03-31 22:49:50.987 [http-nio-8080-exec-8] DEBUG c.m.mapper.FoodMapper.selectList - <==      Total: 10
2026-03-31 22:51:43.953 [http-nio-8080-exec-10] DEBUG c.m.m.AttractionMapper.selectList - ==>  Preparing: SELECT id,name,city,province,address,description,cover_image,images,price,season,rating,like_count,collect_count,comment_count,tags,status,create_time,update_time FROM attraction WHERE (status = ?) ORDER BY like_count DESC LIMIT 10
2026-03-31 22:51:43.953 [http-nio-8080-exec-10] DEBUG c.m.m.AttractionMapper.selectList - ==> Parameters: 1(Integer)
2026-03-31 22:51:43.954 [http-nio-8080-exec-8] DEBUG c.m.m.AttractionMapper.selectList - ==>  Preparing: SELECT id,name,city,province,address,description,cover_image,images,price,season,rating,like_count,collect_count,comment_count,tags,status,create_time,update_time FROM attraction WHERE (status = ?) ORDER BY like_count DESC LIMIT 10
2026-03-31 22:51:43.954 [http-nio-8080-exec-4] DEBUG c.m.mapper.HotelMapper.selectList - ==>  Preparing: SELECT id,name,city,province,address,description,cover_image,images,price,star_level,rating,like_count,collect_count,comment_count,facilities,status,create_time,update_time FROM hotel WHERE (status = ?) ORDER BY rating DESC LIMIT 10
2026-03-31 22:51:43.954 [http-nio-8080-exec-2] DEBUG c.m.mapper.HotelMapper.selectList - ==>  Preparing: SELECT id,name,city,province,address,description,cover_image,images,price,star_level,rating,like_count,collect_count,comment_count,facilities,status,create_time,update_time FROM hotel WHERE (status = ?) ORDER BY rating DESC LIMIT 10
2026-03-31 22:51:43.954 [http-nio-8080-exec-5] DEBUG c.m.mapper.FoodMapper.selectList - ==>  Preparing: SELECT id,name,city,province,address,description,cover_image,images,price,cuisine_type,rating,like_count,collect_count,comment_count,tags,commodity,status,create_time,update_time FROM food WHERE (status = ?) ORDER BY like_count DESC LIMIT 10
2026-03-31 22:51:43.954 [http-nio-8080-exec-2] DEBUG c.m.mapper.HotelMapper.selectList - ==> Parameters: 1(Integer)
2026-03-31 22:51:43.954 [http-nio-8080-exec-8] DEBUG c.m.m.AttractionMapper.selectList - ==> Parameters: 1(Integer)
2026-03-31 22:51:43.954 [http-nio-8080-exec-4] DEBUG c.m.mapper.HotelMapper.selectList - ==> Parameters: 1(Integer)
2026-03-31 22:51:43.954 [http-nio-8080-exec-5] DEBUG c.m.mapper.FoodMapper.selectList - ==> Parameters: 1(Integer)
2026-03-31 22:51:43.955 [http-nio-8080-exec-10] DEBUG c.m.m.AttractionMapper.selectList - <==      Total: 10
2026-03-31 22:51:43.955 [http-nio-8080-exec-7] DEBUG c.m.mapper.FoodMapper.selectList - ==>  Preparing: SELECT id,name,city,province,address,description,cover_image,images,price,cuisine_type,rating,like_count,collect_count,comment_count,tags,commodity,status,create_time,update_time FROM food WHERE (status = ?) ORDER BY like_count DESC LIMIT 10
2026-03-31 22:51:43.955 [http-nio-8080-exec-2] DEBUG c.m.mapper.HotelMapper.selectList - <==      Total: 10
2026-03-31 22:51:43.955 [http-nio-8080-exec-4] DEBUG c.m.mapper.HotelMapper.selectList - <==      Total: 10
2026-03-31 22:51:43.955 [http-nio-8080-exec-7] DEBUG c.m.mapper.FoodMapper.selectList - ==> Parameters: 1(Integer)
2026-03-31 22:51:43.955 [http-nio-8080-exec-6] DEBUG c.m.mapper.NewsMapper.selectList - ==>  Preparing: SELECT id,title,content,cover_image,source,view_count,like_count,collect_count,comment_count,status,create_time,update_time FROM news WHERE (status = ?) ORDER BY view_count DESC LIMIT 10
2026-03-31 22:51:43.955 [http-nio-8080-exec-6] DEBUG c.m.mapper.NewsMapper.selectList - ==> Parameters: 1(Integer)
2026-03-31 22:51:43.955 [http-nio-8080-exec-5] DEBUG c.m.mapper.FoodMapper.selectList - <==      Total: 10
2026-03-31 22:51:43.956 [http-nio-8080-exec-8] DEBUG c.m.m.AttractionMapper.selectList - <==      Total: 10
2026-03-31 22:51:43.956 [http-nio-8080-exec-7] DEBUG c.m.mapper.FoodMapper.selectList - <==      Total: 10
2026-03-31 22:51:43.956 [http-nio-8080-exec-6] DEBUG c.m.mapper.NewsMapper.selectList - <==      Total: 10
2026-03-31 22:51:43.956 [http-nio-8080-exec-9] DEBUG c.m.mapper.NewsMapper.selectList - ==>  Preparing: SELECT id,title,content,cover_image,source,view_count,like_count,collect_count,comment_count,status,create_time,update_time FROM news WHERE (status = ?) ORDER BY view_count DESC LIMIT 10
2026-03-31 22:51:43.957 [http-nio-8080-exec-9] DEBUG c.m.mapper.NewsMapper.selectList - ==> Parameters: 1(Integer)
2026-03-31 22:51:43.958 [http-nio-8080-exec-9] DEBUG c.m.mapper.NewsMapper.selectList - <==      Total: 10
2026-03-31 22:51:52.721 [http-nio-8080-exec-6] DEBUG c.m.m.W.selectList_mpCount - ==>  Preparing: SELECT COUNT(*) AS total FROM worldcharacteristics
2026-03-31 22:51:52.721 [http-nio-8080-exec-6] DEBUG c.m.m.W.selectList_mpCount - ==> Parameters: 
2026-03-31 22:51:52.723 [http-nio-8080-exec-6] DEBUG c.m.m.W.selectList_mpCount - <==      Total: 1
2026-03-31 22:51:52.723 [http-nio-8080-exec-6] DEBUG c.m.m.W.selectList - ==>  Preparing: SELECT id,name,country,image,description,features,history,culture,tags,category,color FROM worldcharacteristics LIMIT ?
2026-03-31 22:51:52.723 [http-nio-8080-exec-6] DEBUG c.m.m.W.selectList - ==> Parameters: 10(Long)
2026-03-31 22:51:52.723 [http-nio-8080-exec-6] DEBUG c.m.m.W.selectList - <==      Total: 10
2026-03-31 22:51:52.723 [http-nio-8080-exec-9] DEBUG c.m.m.W.selectList_mpCount - ==>  Preparing: SELECT COUNT(*) AS total FROM worldcharacteristics
2026-03-31 22:51:52.723 [http-nio-8080-exec-9] DEBUG c.m.m.W.selectList_mpCount - ==> Parameters: 
2026-03-31 22:51:52.725 [http-nio-8080-exec-9] DEBUG c.m.m.W.selectList_mpCount - <==      Total: 1
2026-03-31 22:51:52.725 [http-nio-8080-exec-9] DEBUG c.m.m.W.selectList - ==>  Preparing: SELECT id,name,country,image,description,features,history,culture,tags,category,color FROM worldcharacteristics LIMIT ?
2026-03-31 22:51:52.725 [http-nio-8080-exec-9] DEBUG c.m.m.W.selectList - ==> Parameters: 10(Long)
2026-03-31 22:51:52.726 [http-nio-8080-exec-9] DEBUG c.m.m.W.selectList - <==      Total: 10
2026-03-31 22:51:54.657 [http-nio-8080-exec-5] DEBUG c.m.mapper.HotelMapper.selectList - ==>  Preparing: SELECT id,name,city,province,address,description,cover_image,images,price,star_level,rating,like_count,collect_count,comment_count,facilities,status,create_time,update_time FROM hotel WHERE (status = ?) ORDER BY rating DESC LIMIT 10
2026-03-31 22:51:54.657 [http-nio-8080-exec-4] DEBUG c.m.m.AttractionMapper.selectList - ==>  Preparing: SELECT id,name,city,province,address,description,cover_image,images,price,season,rating,like_count,collect_count,comment_count,tags,status,create_time,update_time FROM attraction WHERE (status = ?) ORDER BY like_count DESC LIMIT 10
2026-03-31 22:51:54.657 [http-nio-8080-exec-2] DEBUG c.m.mapper.FoodMapper.selectList - ==>  Preparing: SELECT id,name,city,province,address,description,cover_image,images,price,cuisine_type,rating,like_count,collect_count,comment_count,tags,commodity,status,create_time,update_time FROM food WHERE (status = ?) ORDER BY like_count DESC LIMIT 10
2026-03-31 22:51:54.657 [http-nio-8080-exec-4] DEBUG c.m.m.AttractionMapper.selectList - ==> Parameters: 1(Integer)
2026-03-31 22:51:54.657 [http-nio-8080-exec-2] DEBUG c.m.mapper.FoodMapper.selectList - ==> Parameters: 1(Integer)
2026-03-31 22:51:54.657 [http-nio-8080-exec-5] DEBUG c.m.mapper.HotelMapper.selectList - ==> Parameters: 1(Integer)
2026-03-31 22:51:54.657 [http-nio-8080-exec-10] DEBUG c.m.mapper.NewsMapper.selectList - ==>  Preparing: SELECT id,title,content,cover_image,source,view_count,like_count,collect_count,comment_count,status,create_time,update_time FROM news WHERE (status = ?) ORDER BY view_count DESC LIMIT 10
2026-03-31 22:51:54.657 [http-nio-8080-exec-10] DEBUG c.m.mapper.NewsMapper.selectList - ==> Parameters: 1(Integer)
2026-03-31 22:51:54.658 [http-nio-8080-exec-10] DEBUG c.m.mapper.NewsMapper.selectList - <==      Total: 10
2026-03-31 22:51:54.658 [http-nio-8080-exec-5] DEBUG c.m.mapper.HotelMapper.selectList - <==      Total: 10
2026-03-31 22:51:54.658 [http-nio-8080-exec-2] DEBUG c.m.mapper.FoodMapper.selectList - <==      Total: 10
2026-03-31 22:51:54.658 [http-nio-8080-exec-4] DEBUG c.m.m.AttractionMapper.selectList - <==      Total: 10
2026-03-31 22:51:57.632 [http-nio-8080-exec-8] DEBUG c.m.mapper.FoodMapper.selectList - ==>  Preparing: SELECT id,name,city,province,address,description,cover_image,images,price,cuisine_type,rating,like_count,collect_count,comment_count,tags,commodity,status,create_time,update_time FROM food WHERE (status = ?) ORDER BY like_count DESC LIMIT 10
2026-03-31 22:51:57.632 [http-nio-8080-exec-6] DEBUG c.m.mapper.NewsMapper.selectList - ==>  Preparing: SELECT id,title,content,cover_image,source,view_count,like_count,collect_count,comment_count,status,create_time,update_time FROM news WHERE (status = ?) ORDER BY view_count DESC LIMIT 10
2026-03-31 22:51:57.632 [http-nio-8080-exec-7] DEBUG c.m.mapper.HotelMapper.selectList - ==>  Preparing: SELECT id,name,city,province,address,description,cover_image,images,price,star_level,rating,like_count,collect_count,comment_count,facilities,status,create_time,update_time FROM hotel WHERE (status = ?) ORDER BY rating DESC LIMIT 10
2026-03-31 22:51:57.632 [http-nio-8080-exec-4] DEBUG c.m.m.AttractionMapper.selectList - ==>  Preparing: SELECT id,name,city,province,address,description,cover_image,images,price,season,rating,like_count,collect_count,comment_count,tags,status,create_time,update_time FROM attraction WHERE (status = ?) ORDER BY like_count DESC LIMIT 10
2026-03-31 22:51:57.632 [http-nio-8080-exec-4] DEBUG c.m.m.AttractionMapper.selectList - ==> Parameters: 1(Integer)
2026-03-31 22:51:57.632 [http-nio-8080-exec-6] DEBUG c.m.mapper.NewsMapper.selectList - ==> Parameters: 1(Integer)
2026-03-31 22:51:57.632 [http-nio-8080-exec-8] DEBUG c.m.mapper.FoodMapper.selectList - ==> Parameters: 1(Integer)
2026-03-31 22:51:57.632 [http-nio-8080-exec-7] DEBUG c.m.mapper.HotelMapper.selectList - ==> Parameters: 1(Integer)
2026-03-31 22:51:57.633 [http-nio-8080-exec-6] DEBUG c.m.mapper.NewsMapper.selectList - <==      Total: 10
2026-03-31 22:51:57.633 [http-nio-8080-exec-4] DEBUG c.m.m.AttractionMapper.selectList - <==      Total: 10
2026-03-31 22:51:57.633 [http-nio-8080-exec-7] DEBUG c.m.mapper.HotelMapper.selectList - <==      Total: 10
2026-03-31 22:51:57.633 [http-nio-8080-exec-8] DEBUG c.m.mapper.FoodMapper.selectList - <==      Total: 10
2026-03-31 22:51:58.810 [http-nio-8080-exec-4] DEBUG c.m.m.C.selectList_mpCount - ==>  Preparing: SELECT COUNT(*) AS total FROM community_post WHERE (status = ?)
2026-03-31 22:51:58.810 [http-nio-8080-exec-4] DEBUG c.m.m.C.selectList_mpCount - ==> Parameters: 1(Integer)
2026-03-31 22:51:58.810 [http-nio-8080-exec-4] DEBUG c.m.m.C.selectList_mpCount - <==      Total: 1
2026-03-31 22:51:58.812 [http-nio-8080-exec-4] DEBUG c.m.m.CommunityPostMapper.selectList - ==>  Preparing: SELECT id,user_id,title,content,images,videos,like_count,comment_count,collect_count,status,create_time,update_time FROM community_post WHERE (status = ?) ORDER BY create_time DESC LIMIT ?
2026-03-31 22:51:58.812 [http-nio-8080-exec-4] DEBUG c.m.m.CommunityPostMapper.selectList - ==> Parameters: 1(Integer), 10(Long)
2026-03-31 22:51:58.813 [http-nio-8080-exec-4] DEBUG c.m.m.CommunityPostMapper.selectList - <==      Total: 10
2026-03-31 22:52:16.367 [http-nio-8080-exec-1] DEBUG c.m.m.W.selectList_mpCount - ==>  Preparing: SELECT COUNT(*) AS total FROM worldcharacteristics
2026-03-31 22:52:16.367 [http-nio-8080-exec-1] DEBUG c.m.m.W.selectList_mpCount - ==> Parameters: 
2026-03-31 22:52:16.369 [http-nio-8080-exec-1] DEBUG c.m.m.W.selectList_mpCount - <==      Total: 1
2026-03-31 22:52:16.369 [http-nio-8080-exec-1] DEBUG c.m.m.W.selectList - ==>  Preparing: SELECT id,name,country,image,description,features,history,culture,tags,category,color FROM worldcharacteristics LIMIT ?
2026-03-31 22:52:16.370 [http-nio-8080-exec-1] DEBUG c.m.m.W.selectList - ==> Parameters: 10(Long)
2026-03-31 22:52:16.370 [http-nio-8080-exec-1] DEBUG c.m.m.W.selectList - <==      Total: 10
2026-03-31 22:52:16.375 [http-nio-8080-exec-3] DEBUG c.m.m.C.selectList_mpCount - ==>  Preparing: SELECT COUNT(*) AS total FROM community_post WHERE (status = ?)
2026-03-31 22:52:16.376 [http-nio-8080-exec-3] DEBUG c.m.m.C.selectList_mpCount - ==> Parameters: 1(Integer)
2026-03-31 22:52:16.376 [http-nio-8080-exec-3] DEBUG c.m.m.C.selectList_mpCount - <==      Total: 1
2026-03-31 22:52:16.376 [http-nio-8080-exec-3] DEBUG c.m.m.CommunityPostMapper.selectList - ==>  Preparing: SELECT id,user_id,title,content,images,videos,like_count,comment_count,collect_count,status,create_time,update_time FROM community_post WHERE (status = ?) ORDER BY create_time DESC LIMIT ?
2026-03-31 22:52:16.377 [http-nio-8080-exec-3] DEBUG c.m.m.CommunityPostMapper.selectList - ==> Parameters: 1(Integer), 10(Long)
2026-03-31 22:52:16.378 [http-nio-8080-exec-3] DEBUG c.m.m.CommunityPostMapper.selectList - <==      Total: 10
2026-03-31 22:52:16.422 [http-nio-8080-exec-5] DEBUG c.m.m.NewsMapper.selectList_mpCount - ==>  Preparing: SELECT COUNT(*) AS total FROM news WHERE (status = ?)
2026-03-31 22:52:16.423 [http-nio-8080-exec-5] DEBUG c.m.m.NewsMapper.selectList_mpCount - ==> Parameters: 1(Integer)
2026-03-31 22:52:16.424 [http-nio-8080-exec-5] DEBUG c.m.m.NewsMapper.selectList_mpCount - <==      Total: 1
2026-03-31 22:52:16.424 [http-nio-8080-exec-5] DEBUG c.m.mapper.NewsMapper.selectList - ==>  Preparing: SELECT id,title,content,cover_image,source,view_count,like_count,collect_count,comment_count,status,create_time,update_time FROM news WHERE (status = ?) ORDER BY create_time DESC LIMIT ?
2026-03-31 22:52:16.425 [http-nio-8080-exec-5] DEBUG c.m.mapper.NewsMapper.selectList - ==> Parameters: 1(Integer), 10(Long)
2026-03-31 22:52:16.426 [http-nio-8080-exec-5] DEBUG c.m.mapper.NewsMapper.selectList - <==      Total: 10
2026-03-31 22:52:17.209 [http-nio-8080-exec-10] DEBUG c.m.m.AttractionMapper.selectList - ==>  Preparing: SELECT id,name,city,province,address,description,cover_image,images,price,season,rating,like_count,collect_count,comment_count,tags,status,create_time,update_time FROM attraction WHERE (status = ?) ORDER BY like_count DESC LIMIT 10
2026-03-31 22:52:17.209 [http-nio-8080-exec-2] DEBUG c.m.mapper.HotelMapper.selectList - ==>  Preparing: SELECT id,name,city,province,address,description,cover_image,images,price,star_level,rating,like_count,collect_count,comment_count,facilities,status,create_time,update_time FROM hotel WHERE (status = ?) ORDER BY rating DESC LIMIT 10
2026-03-31 22:52:17.209 [http-nio-8080-exec-7] DEBUG c.m.mapper.FoodMapper.selectList - ==>  Preparing: SELECT id,name,city,province,address,description,cover_image,images,price,cuisine_type,rating,like_count,collect_count,comment_count,tags,commodity,status,create_time,update_time FROM food WHERE (status = ?) ORDER BY like_count DESC LIMIT 10
2026-03-31 22:52:17.210 [http-nio-8080-exec-2] DEBUG c.m.mapper.HotelMapper.selectList - ==> Parameters: 1(Integer)
2026-03-31 22:52:17.210 [http-nio-8080-exec-10] DEBUG c.m.m.AttractionMapper.selectList - ==> Parameters: 1(Integer)
2026-03-31 22:52:17.210 [http-nio-8080-exec-7] DEBUG c.m.mapper.FoodMapper.selectList - ==> Parameters: 1(Integer)
2026-03-31 22:52:17.211 [http-nio-8080-exec-2] DEBUG c.m.mapper.HotelMapper.selectList - <==      Total: 10
2026-03-31 22:52:17.211 [http-nio-8080-exec-7] DEBUG c.m.mapper.FoodMapper.selectList - <==      Total: 10
2026-03-31 22:52:17.212 [http-nio-8080-exec-10] DEBUG c.m.m.AttractionMapper.selectList - <==      Total: 10
2026-03-31 22:52:17.212 [http-nio-8080-exec-8] DEBUG c.m.mapper.NewsMapper.selectList - ==>  Preparing: SELECT id,title,content,cover_image,source,view_count,like_count,collect_count,comment_count,status,create_time,update_time FROM news WHERE (status = ?) ORDER BY view_count DESC LIMIT 10
2026-03-31 22:52:17.212 [http-nio-8080-exec-8] DEBUG c.m.mapper.NewsMapper.selectList - ==> Parameters: 1(Integer)
2026-03-31 22:52:17.213 [http-nio-8080-exec-8] DEBUG c.m.mapper.NewsMapper.selectList - <==      Total: 10
2026-03-31 22:52:17.325 [http-nio-8080-exec-9] DEBUG c.m.mapper.HotelMapper.selectList - ==>  Preparing: SELECT id,name,city,province,address,description,cover_image,images,price,star_level,rating,like_count,collect_count,comment_count,facilities,status,create_time,update_time FROM hotel WHERE (status = ?) ORDER BY rating DESC LIMIT 10
2026-03-31 22:52:17.325 [http-nio-8080-exec-9] DEBUG c.m.mapper.HotelMapper.selectList - ==> Parameters: 1(Integer)
2026-03-31 22:52:17.325 [http-nio-8080-exec-5] DEBUG c.m.mapper.FoodMapper.selectList - ==>  Preparing: SELECT id,name,city,province,address,description,cover_image,images,price,cuisine_type,rating,like_count,collect_count,comment_count,tags,commodity,status,create_time,update_time FROM food WHERE (status = ?) ORDER BY like_count DESC LIMIT 10
2026-03-31 22:52:17.325 [http-nio-8080-exec-5] DEBUG c.m.mapper.FoodMapper.selectList - ==> Parameters: 1(Integer)
2026-03-31 22:52:17.325 [http-nio-8080-exec-3] DEBUG c.m.m.AttractionMapper.selectList - ==>  Preparing: SELECT id,name,city,province,address,description,cover_image,images,price,season,rating,like_count,collect_count,comment_count,tags,status,create_time,update_time FROM attraction WHERE (status = ?) ORDER BY like_count DESC LIMIT 10
2026-03-31 22:52:17.326 [http-nio-8080-exec-3] DEBUG c.m.m.AttractionMapper.selectList - ==> Parameters: 1(Integer)
2026-03-31 22:52:17.327 [http-nio-8080-exec-2] DEBUG c.m.mapper.NewsMapper.selectList - ==>  Preparing: SELECT id,title,content,cover_image,source,view_count,like_count,collect_count,comment_count,status,create_time,update_time FROM news WHERE (status = ?) ORDER BY view_count DESC LIMIT 10
2026-03-31 22:52:17.327 [http-nio-8080-exec-2] DEBUG c.m.mapper.NewsMapper.selectList - ==> Parameters: 1(Integer)
2026-03-31 22:52:17.327 [http-nio-8080-exec-9] DEBUG c.m.mapper.HotelMapper.selectList - <==      Total: 10
2026-03-31 22:52:17.327 [http-nio-8080-exec-3] DEBUG c.m.m.AttractionMapper.selectList - <==      Total: 10
2026-03-31 22:52:17.327 [http-nio-8080-exec-5] DEBUG c.m.mapper.FoodMapper.selectList - <==      Total: 10
2026-03-31 22:52:17.328 [http-nio-8080-exec-2] DEBUG c.m.mapper.NewsMapper.selectList - <==      Total: 10
2026-03-31 22:52:17.996 [http-nio-8080-exec-7] DEBUG c.m.m.W.selectList_mpCount - ==>  Preparing: SELECT COUNT(*) AS total FROM worldcharacteristics
2026-03-31 22:52:17.996 [http-nio-8080-exec-7] DEBUG c.m.m.W.selectList_mpCount - ==> Parameters: 
2026-03-31 22:52:17.998 [http-nio-8080-exec-7] DEBUG c.m.m.W.selectList_mpCount - <==      Total: 1
2026-03-31 22:52:17.998 [http-nio-8080-exec-7] DEBUG c.m.m.W.selectList - ==>  Preparing: SELECT id,name,country,image,description,features,history,culture,tags,category,color FROM worldcharacteristics LIMIT ?
2026-03-31 22:52:17.998 [http-nio-8080-exec-7] DEBUG c.m.m.W.selectList - ==> Parameters: 10(Long)
2026-03-31 22:52:17.999 [http-nio-8080-exec-7] DEBUG c.m.m.W.selectList - <==      Total: 10
2026-03-31 22:52:18.475 [http-nio-8080-exec-5] DEBUG c.m.m.C.selectList_mpCount - ==>  Preparing: SELECT COUNT(*) AS total FROM community_post WHERE (status = ?)
2026-03-31 22:52:18.475 [http-nio-8080-exec-5] DEBUG c.m.m.C.selectList_mpCount - ==> Parameters: 1(Integer)
2026-03-31 22:52:18.475 [http-nio-8080-exec-5] DEBUG c.m.m.C.selectList_mpCount - <==      Total: 1
2026-03-31 22:52:18.475 [http-nio-8080-exec-5] DEBUG c.m.m.CommunityPostMapper.selectList - ==>  Preparing: SELECT id,user_id,title,content,images,videos,like_count,comment_count,collect_count,status,create_time,update_time FROM community_post WHERE (status = ?) ORDER BY create_time DESC LIMIT ?
2026-03-31 22:52:18.475 [http-nio-8080-exec-5] DEBUG c.m.m.CommunityPostMapper.selectList - ==> Parameters: 1(Integer), 10(Long)
2026-03-31 22:52:18.477 [http-nio-8080-exec-5] DEBUG c.m.m.CommunityPostMapper.selectList - <==      Total: 10
2026-03-31 22:52:18.851 [http-nio-8080-exec-2] DEBUG c.m.m.NewsMapper.selectList_mpCount - ==>  Preparing: SELECT COUNT(*) AS total FROM news WHERE (status = ?)
2026-03-31 22:52:18.851 [http-nio-8080-exec-2] DEBUG c.m.m.NewsMapper.selectList_mpCount - ==> Parameters: 1(Integer)
2026-03-31 22:52:18.851 [http-nio-8080-exec-2] DEBUG c.m.m.NewsMapper.selectList_mpCount - <==      Total: 1
2026-03-31 22:52:18.851 [http-nio-8080-exec-2] DEBUG c.m.mapper.NewsMapper.selectList - ==>  Preparing: SELECT id,title,content,cover_image,source,view_count,like_count,collect_count,comment_count,status,create_time,update_time FROM news WHERE (status = ?) ORDER BY create_time DESC LIMIT ?
2026-03-31 22:52:18.852 [http-nio-8080-exec-2] DEBUG c.m.mapper.NewsMapper.selectList - ==> Parameters: 1(Integer), 10(Long)
2026-03-31 22:52:18.853 [http-nio-8080-exec-2] DEBUG c.m.mapper.NewsMapper.selectList - <==      Total: 10
